TpTrace Verbose: 0 : 9776, 1, 2021/11/28, 19:16:02.757, 785483681596, testhost.dll, Version: 16.9.4
TpTrace Information: 0 : 9776, 1, 2021/11/28, 19:16:02.768, 785483755845, testhost.dll, DefaultEngineInvoker.Invoke: Testhost process started with args :[--port, 54787],[--endpoint, 127.0.0.1:054787],[--role, client],[--parentprocessid, 15784],[--diag, C:\Users\azra\Source\Repos\aahmic\Zadatak 2\bin\Debug\net5.0\fine-code-coverage\coverage-tool-output\diagnostics.host.21-11-28_19-16-02_53432_5.log],[--tracelevel, 4],[--datacollectionport, 54786],[--telemetryoptedin, false]
TpTrace Information: 0 : 9776, 1, 2021/11/28, 19:16:02.770, 785483776622, testhost.dll, Setting up debug trace listener.
TpTrace Verbose: 0 : 9776, 1, 2021/11/28, 19:16:02.771, 785483779839, testhost.dll, TestPlatformTraceListener.Setup: Replacing listener 0 with TestHostTraceListener.
TpTrace Verbose: 0 : 9776, 1, 2021/11/28, 19:16:02.771, 785483780640, testhost.dll, TestPlatformTraceListener.Setup: Added test platform trace listener.
TpTrace Information: 0 : 9776, 1, 2021/11/28, 19:16:02.771, 785483786248, testhost.dll, DefaultEngineInvoker.SetParentProcessExitCallback: Monitoring parent process with id: '15784'
TpTrace Information: 0 : 9776, 1, 2021/11/28, 19:16:02.784, 785483910693, testhost.dll, DefaultEngineInvoker.GetConnectionInfo: Initialize communication on endpoint address: '127.0.0.1:054787'
TpTrace Information: 0 : 9776, 1, 2021/11/28, 19:16:02.801, 785484087507, testhost.dll, SocketClient.Start: connecting to server endpoint: 127.0.0.1:054787
TpTrace Information: 0 : 9776, 1, 2021/11/28, 19:16:02.808, 785484155526, testhost.dll, DefaultEngineInvoker.ConnectToDatacollector: Connecting to datacollector, port: 54786
TpTrace Information: 0 : 9776, 5, 2021/11/28, 19:16:02.809, 785484164364, testhost.dll, SocketClient.OnServerConnected: connected to server endpoint: 127.0.0.1:054787
TpTrace Information: 0 : 9776, 1, 2021/11/28, 19:16:02.811, 785484186246, testhost.dll, Trying to connect to server on socket : 127.0.0.1:54786 
TpTrace Verbose: 0 : 9776, 5, 2021/11/28, 19:16:02.812, 785484191008, testhost.dll, Connected to server, and starting MessageLoopAsync
TpTrace Verbose: 0 : 9776, 1, 2021/11/28, 19:16:02.812, 785484192998, testhost.dll, SocketCommunicationManager : SetupClientAsync : Attempting to connect to the server.
TpTrace Information: 0 : 9776, 9, 2021/11/28, 19:16:02.814, 785484217003, testhost.dll, Connected to the server successfully 
TpTrace Information: 0 : 9776, 9, 2021/11/28, 19:16:02.815, 785484218251, testhost.dll, Using the buffer size of 16384 bytes
TpTrace Information: 0 : 9776, 1, 2021/11/28, 19:16:02.815, 785484224509, testhost.dll, DefaultEngineInvoker.Invoke: Start Request Processing.
TpTrace Verbose: 0 : 9776, 5, 2021/11/28, 19:16:02.816, 785484230257, testhost.dll, TcpClientExtensions.MessageLoopAsync: Polling on remoteEndPoint: [::ffff:127.0.0.1]:54787 localEndPoint: [::ffff:127.0.0.1]:54788
TpTrace Information: 0 : 9776, 11, 2021/11/28, 19:16:02.816, 785484233627, testhost.dll, DefaultEngineInvoker.StartProcessingAsync: Connected to vstest.console, Starting process requests.
TpTrace Verbose: 0 : 9776, 5, 2021/11/28, 19:16:02.816, 785484234134, testhost.dll, TcpClientExtensions.MessageLoopAsync: NotifyDataAvailable remoteEndPoint: [::ffff:127.0.0.1]:54787 localEndPoint: [::ffff:127.0.0.1]:54788
TpTrace Information: 0 : 9776, 5, 2021/11/28, 19:16:02.939, 785485464483, testhost.dll, TestRequestHandler.ProcessRequests: received message: (ProtocolVersion) -> 5
TpTrace Verbose: 0 : 9776, 5, 2021/11/28, 19:16:02.967, 785485742598, testhost.dll, TestRequestHandler.SendData:  sending data from testhost: {"Version":5,"MessageType":"TestSession.Message","Payload":{"MessageLevel":0,"Message":"Logging TestHost Diagnostics in file: C:\\Users\\azra\\Source\\Repos\\aahmic\\Zadatak 2\\bin\\Debug\\net5.0\\fine-code-coverage\\coverage-tool-output\\diagnostics.host.21-11-28_19-16-02_53432_5.log"}}
TpTrace Verbose: 0 : 9776, 5, 2021/11/28, 19:16:02.967, 785485744745, testhost.dll, TcpClientExtensions.MessageLoopAsync: Polling on remoteEndPoint: [::ffff:127.0.0.1]:54787 localEndPoint: [::ffff:127.0.0.1]:54788
TpTrace Verbose: 0 : 9776, 5, 2021/11/28, 19:16:02.967, 785485746024, testhost.dll, TcpClientExtensions.MessageLoopAsync: NotifyDataAvailable remoteEndPoint: [::ffff:127.0.0.1]:54787 localEndPoint: [::ffff:127.0.0.1]:54788
TpTrace Information: 0 : 9776, 5, 2021/11/28, 19:16:02.971, 785485781198, testhost.dll, TestRequestHandler.ProcessRequests: received message: (TestExecution.Initialize) -> [
  "C:\\Users\\azra\\Source\\Repos\\aahmic\\Zadatak 2\\bin\\Debug\\net5.0\\fine-code-coverage\\build-output\\Microsoft.VisualStudio.TestPlatform.MSTest.TestAdapter.dll"
]
TpTrace Information: 0 : 9776, 5, 2021/11/28, 19:16:02.971, 785485782617, testhost.dll, Execution Session Initialize.
TpTrace Verbose: 0 : 9776, 5, 2021/11/28, 19:16:02.977, 785485839569, testhost.dll, TcpClientExtensions.MessageLoopAsync: Polling on remoteEndPoint: [::ffff:127.0.0.1]:54787 localEndPoint: [::ffff:127.0.0.1]:54788
TpTrace Verbose: 0 : 9776, 5, 2021/11/28, 19:16:02.977, 785485840830, testhost.dll, TcpClientExtensions.MessageLoopAsync: NotifyDataAvailable remoteEndPoint: [::ffff:127.0.0.1]:54787 localEndPoint: [::ffff:127.0.0.1]:54788
TpTrace Information: 0 : 9776, 5, 2021/11/28, 19:16:02.979, 785485864276, testhost.dll, TestRequestHandler.ProcessRequests: received message: (TestExecution.StartWithSources) -> {
  "AdapterSourceMap": {
    "_none_": [
      "C:\\Users\\azra\\Source\\Repos\\aahmic\\Zadatak 2\\bin\\Debug\\net5.0\\fine-code-coverage\\build-output\\Zadatak 2.dll"
    ]
  },
  "RunSettings": "<RunSettings>\r\n  <RunConfiguration>\r\n    <ResultsDirectory>C:\\Users\\azra\\Source\\Repos\\aahmic\\Zadatak 2\\bin\\Debug\\net5.0\\fine-code-coverage\\coverage-tool-output</ResultsDirectory>\r\n    <TargetPlatform>X64</TargetPlatform>\r\n    <TargetFrameworkVersion>.NETCoreApp,Version=v5.0</TargetFrameworkVersion>\r\n    <DesignMode>False</DesignMode>\r\n    <CollectSourceInformation>False</CollectSourceInformation>\r\n  </RunConfiguration>\r\n  <LoggerRunSettings>\r\n    <Loggers>\r\n      <Logger friendlyName=\"blame\" enabled=\"True\" />\r\n      <Logger friendlyName=\"Console\" uri=\"logger://microsoft/TestPlatform/ConsoleLogger/v1\" assemblyQualifiedName=\"Microsoft.VisualStudio.TestPlatform.CommandLine.Internal.ConsoleLogger, vstest.console, Version=15.0.0.0, Culture=neutral, PublicKeyToken=b03f5f7f11d50a3a\" codeBase=\"C:\\Program Files\\dotnet\\sdk\\6.0.100\\vstest.console.dll\" enabled=\"True\" />\r\n    </Loggers>\r\n  </LoggerRunSettings>\r\n  <DataCollectionRunSettings>\r\n    <DataCollectors>\r\n      <DataCollector friendlyName=\"blame\" enabled=\"True\">\r\n        <Configuration>\r\n          <ResultsDirectory>C:\\Users\\azra\\Source\\Repos\\aahmic\\Zadatak 2\\bin\\Debug\\net5.0\\fine-code-coverage\\coverage-tool-output</ResultsDirectory>\r\n        </Configuration>\r\n      </DataCollector>\r\n    </DataCollectors>\r\n  </DataCollectionRunSettings>\r\n</RunSettings>",
  "TestExecutionContext": {
    "FrequencyOfRunStatsChangeEvent": 10,
    "RunStatsChangeEventTimeout": "00:00:01.5000000",
    "InIsolation": false,
    "KeepAlive": false,
    "AreTestCaseLevelEventsRequired": false,
    "IsDebug": false,
    "TestCaseFilter": null,
    "FilterOptions": null
  },
  "Package": null
}
TpTrace Information: 0 : 9776, 5, 2021/11/28, 19:16:02.979, 785485865604, testhost.dll, Execution started.
TpTrace Verbose: 0 : 9776, 4, 2021/11/28, 19:16:02.979, 785485866559, testhost.dll, TestExecutorService: Loading the extensions
TpTrace Verbose: 0 : 9776, 4, 2021/11/28, 19:16:02.982, 785485894767, testhost.dll, TestPluginCache.DiscoverTestExtensions: finding test extensions in assemblies ends with: TestAdapter.dll TPluginInfo: Microsoft.VisualStudio.TestPlatform.Common.ExtensionFramework.Utilities.TestExecutorPluginInformation TExtension: Microsoft.VisualStudio.TestPlatform.ObjectModel.Adapter.ITestExecutor
TpTrace Verbose: 0 : 9776, 4, 2021/11/28, 19:16:02.984, 785485911859, testhost.dll, TestPluginCache.GetExtensionPaths: Filtered extension paths: 
TpTrace Verbose: 0 : 9776, 4, 2021/11/28, 19:16:02.985, 785485918212, testhost.dll, TestPluginCache.GetExtensionPaths: Added default extension paths: C:\Users\azra\Source\Repos\aahmic\Zadatak 2\bin\Debug\net5.0\fine-code-coverage\build-output\Microsoft.VisualStudio.TestPlatform.MSTest.TestAdapter.dll
TpTrace Verbose: 0 : 9776, 4, 2021/11/28, 19:16:02.985, 785485919884, testhost.dll, TestPluginCache.GetExtensionPaths: Added unfilterableExtensionPaths: 
TpTrace Information: 0 : 9776, 4, 2021/11/28, 19:16:02.988, 785485957042, testhost.dll, AssemblyResolver.ctor: Creating AssemblyResolver with searchDirectories C:\Users\azra\Source\Repos\aahmic\Zadatak 2\bin\Debug\net5.0\fine-code-coverage\build-output
TpTrace Verbose: 0 : 9776, 4, 2021/11/28, 19:16:02.991, 785485983578, testhost.dll, TestPluginCache.DiscoverTestExtensions: Discovering the extensions using extension path.
TpTrace Verbose: 0 : 9776, 4, 2021/11/28, 19:16:02.991, 785485985411, testhost.dll, TestPluginCache.GetExtensionPaths: Filtered extension paths: 
TpTrace Verbose: 0 : 9776, 4, 2021/11/28, 19:16:02.991, 785485986173, testhost.dll, TestPluginCache.GetExtensionPaths: Added default extension paths: C:\Users\azra\Source\Repos\aahmic\Zadatak 2\bin\Debug\net5.0\fine-code-coverage\build-output\Microsoft.VisualStudio.TestPlatform.MSTest.TestAdapter.dll
TpTrace Verbose: 0 : 9776, 4, 2021/11/28, 19:16:02.991, 785485986637, testhost.dll, TestPluginCache.GetExtensionPaths: Added unfilterableExtensionPaths: 
TpTrace Verbose: 0 : 9776, 4, 2021/11/28, 19:16:02.991, 785485987731, testhost.dll, TestPluginCache.DiscoverTestExtensions: Discovering the extensions using allExtensionPaths: C:\Users\azra\Source\Repos\aahmic\Zadatak 2\bin\Debug\net5.0\fine-code-coverage\build-output\Microsoft.VisualStudio.TestPlatform.MSTest.TestAdapter.dll
TpTrace Information: 0 : 9776, 4, 2021/11/28, 19:16:02.993, 785486003163, testhost.dll, AssemblyResolver.AddSearchDirectories: Adding more searchDirectories C:\Users\azra\Source\Repos\aahmic\Zadatak 2\bin\Debug\net5.0\fine-code-coverage\build-output
TpTrace Information: 0 : 9776, 4, 2021/11/28, 19:16:02.999, 785486066713, testhost.dll, AssemblyResolver.OnResolve: Microsoft.VisualStudio.TestPlatform.MSTest.TestAdapter: Resolving assembly.
TpTrace Information: 0 : 9776, 4, 2021/11/28, 19:16:03.001, 785486082701, testhost.dll, AssemblyResolver.OnResolve: Resolved assembly: Microsoft.VisualStudio.TestPlatform.MSTest.TestAdapter, from path: C:\Users\azra\Source\Repos\aahmic\Zadatak 2\bin\Debug\net5.0\fine-code-coverage\build-output\Microsoft.VisualStudio.TestPlatform.MSTest.TestAdapter.dll
TpTrace Verbose: 0 : 9776, 4, 2021/11/28, 19:16:03.006, 785486136665, testhost.dll, TestPluginCache: Discovered the extensions using extension path ''.
TpTrace Verbose: 0 : 9776, 4, 2021/11/28, 19:16:03.007, 785486140828, testhost.dll, TestPluginCache: Discoverers are ''.
TpTrace Verbose: 0 : 9776, 4, 2021/11/28, 19:16:03.007, 785486141400, testhost.dll, TestPluginCache: Executors are 'executor://MSTestAdapter/v2'.
TpTrace Verbose: 0 : 9776, 4, 2021/11/28, 19:16:03.007, 785486141873, testhost.dll, TestPluginCache: Executors2 are ''.
TpTrace Verbose: 0 : 9776, 4, 2021/11/28, 19:16:03.007, 785486142320, testhost.dll, TestPluginCache: Setting providers are ''.
TpTrace Verbose: 0 : 9776, 4, 2021/11/28, 19:16:03.007, 785486142736, testhost.dll, TestPluginCache: Loggers are ''.
TpTrace Verbose: 0 : 9776, 4, 2021/11/28, 19:16:03.009, 785486166762, testhost.dll, TestPluginCache.DiscoverTestExtensions: finding test extensions in assemblies ends with: TestAdapter.dll TPluginInfo: Microsoft.VisualStudio.TestPlatform.Common.ExtensionFramework.Utilities.TestExecutorPluginInformation2 TExtension: Microsoft.VisualStudio.TestPlatform.ObjectModel.Adapter.ITestExecutor2
TpTrace Verbose: 0 : 9776, 4, 2021/11/28, 19:16:03.010, 785486169612, testhost.dll, TestPluginCache.GetExtensionPaths: Filtered extension paths: 
TpTrace Verbose: 0 : 9776, 4, 2021/11/28, 19:16:03.010, 785486170016, testhost.dll, TestPluginCache.GetExtensionPaths: Added default extension paths: C:\Users\azra\Source\Repos\aahmic\Zadatak 2\bin\Debug\net5.0\fine-code-coverage\build-output\Microsoft.VisualStudio.TestPlatform.MSTest.TestAdapter.dll
TpTrace Verbose: 0 : 9776, 4, 2021/11/28, 19:16:03.010, 785486170278, testhost.dll, TestPluginCache.GetExtensionPaths: Added unfilterableExtensionPaths: 
TpTrace Information: 0 : 9776, 4, 2021/11/28, 19:16:03.010, 785486172095, testhost.dll, AssemblyResolver.AddSearchDirectories: Adding more searchDirectories C:\Users\azra\Source\Repos\aahmic\Zadatak 2\bin\Debug\net5.0\fine-code-coverage\build-output
TpTrace Verbose: 0 : 9776, 4, 2021/11/28, 19:16:03.010, 785486173430, testhost.dll, TestPluginCache.DiscoverTestExtensions: Discovering the extensions using extension path.
TpTrace Verbose: 0 : 9776, 4, 2021/11/28, 19:16:03.010, 785486173687, testhost.dll, TestPluginCache.GetExtensionPaths: Filtered extension paths: 
TpTrace Verbose: 0 : 9776, 4, 2021/11/28, 19:16:03.010, 785486173945, testhost.dll, TestPluginCache.GetExtensionPaths: Added default extension paths: C:\Users\azra\Source\Repos\aahmic\Zadatak 2\bin\Debug\net5.0\fine-code-coverage\build-output\Microsoft.VisualStudio.TestPlatform.MSTest.TestAdapter.dll
TpTrace Verbose: 0 : 9776, 4, 2021/11/28, 19:16:03.010, 785486174147, testhost.dll, TestPluginCache.GetExtensionPaths: Added unfilterableExtensionPaths: 
TpTrace Verbose: 0 : 9776, 4, 2021/11/28, 19:16:03.010, 785486174372, testhost.dll, TestPluginCache.DiscoverTestExtensions: Discovering the extensions using allExtensionPaths: C:\Users\azra\Source\Repos\aahmic\Zadatak 2\bin\Debug\net5.0\fine-code-coverage\build-output\Microsoft.VisualStudio.TestPlatform.MSTest.TestAdapter.dll
TpTrace Information: 0 : 9776, 4, 2021/11/28, 19:16:03.010, 785486174704, testhost.dll, AssemblyResolver.AddSearchDirectories: Adding more searchDirectories C:\Users\azra\Source\Repos\aahmic\Zadatak 2\bin\Debug\net5.0\fine-code-coverage\build-output
TpTrace Verbose: 0 : 9776, 4, 2021/11/28, 19:16:03.010, 785486176835, testhost.dll, TestPluginCache: Discovered the extensions using extension path ''.
TpTrace Verbose: 0 : 9776, 4, 2021/11/28, 19:16:03.010, 785486177284, testhost.dll, TestPluginCache: Discoverers are ''.
TpTrace Verbose: 0 : 9776, 4, 2021/11/28, 19:16:03.010, 785486177612, testhost.dll, TestPluginCache: Executors are 'executor://MSTestAdapter/v2'.
TpTrace Verbose: 0 : 9776, 4, 2021/11/28, 19:16:03.011, 785486179004, testhost.dll, TestPluginCache: Executors2 are ''.
TpTrace Verbose: 0 : 9776, 4, 2021/11/28, 19:16:03.011, 785486179261, testhost.dll, TestPluginCache: Setting providers are ''.
TpTrace Verbose: 0 : 9776, 4, 2021/11/28, 19:16:03.011, 785486179775, testhost.dll, TestPluginCache: Loggers are ''.
TpTrace Verbose: 0 : 9776, 5, 2021/11/28, 19:16:03.012, 785486195374, testhost.dll, TcpClientExtensions.MessageLoopAsync: Polling on remoteEndPoint: [::ffff:127.0.0.1]:54787 localEndPoint: [::ffff:127.0.0.1]:54788
TpTrace Information: 0 : 9776, 4, 2021/11/28, 19:16:03.017, 785486240322, testhost.dll, TestPluginManager.CreateTestExtension: Attempting to load test extension: Microsoft.VisualStudio.TestPlatform.MSTest.TestAdapter.MSTestExecutor
TpTrace Verbose: 0 : 9776, 4, 2021/11/28, 19:16:03.026, 785486329898, testhost.dll, TestExecutorExtensionManager: Loading executor Microsoft.VisualStudio.TestPlatform.MSTest.TestAdapter.MSTestExecutor
TpTrace Verbose: 0 : 9776, 4, 2021/11/28, 19:16:03.026, 785486331051, testhost.dll, TestExecutorService: Loaded the executors
TpTrace Verbose: 0 : 9776, 4, 2021/11/28, 19:16:03.027, 785486342741, testhost.dll, TestPluginCache.DiscoverTestExtensions: finding test extensions in assemblies ends with: TestAdapter.dll TPluginInfo: Microsoft.VisualStudio.TestPlatform.Common.ExtensionFramework.Utilities.TestSettingsProviderPluginInformation TExtension: Microsoft.VisualStudio.TestPlatform.ObjectModel.Adapter.ISettingsProvider
TpTrace Verbose: 0 : 9776, 4, 2021/11/28, 19:16:03.027, 785486344067, testhost.dll, TestPluginCache.GetExtensionPaths: Filtered extension paths: 
TpTrace Verbose: 0 : 9776, 4, 2021/11/28, 19:16:03.027, 785486344997, testhost.dll, TestPluginCache.GetExtensionPaths: Added default extension paths: C:\Users\azra\Source\Repos\aahmic\Zadatak 2\bin\Debug\net5.0\fine-code-coverage\build-output\Microsoft.VisualStudio.TestPlatform.MSTest.TestAdapter.dll
TpTrace Verbose: 0 : 9776, 4, 2021/11/28, 19:16:03.027, 785486346391, testhost.dll, TestPluginCache.GetExtensionPaths: Added unfilterableExtensionPaths: 
TpTrace Information: 0 : 9776, 4, 2021/11/28, 19:16:03.028, 785486348969, testhost.dll, AssemblyResolver.AddSearchDirectories: Adding more searchDirectories C:\Users\azra\Source\Repos\aahmic\Zadatak 2\bin\Debug\net5.0\fine-code-coverage\build-output
TpTrace Verbose: 0 : 9776, 4, 2021/11/28, 19:16:03.028, 785486349508, testhost.dll, TestPluginCache.DiscoverTestExtensions: Discovering the extensions using extension path.
TpTrace Verbose: 0 : 9776, 4, 2021/11/28, 19:16:03.028, 785486349832, testhost.dll, TestPluginCache.GetExtensionPaths: Filtered extension paths: 
TpTrace Verbose: 0 : 9776, 4, 2021/11/28, 19:16:03.028, 785486350587, testhost.dll, TestPluginCache.GetExtensionPaths: Added default extension paths: C:\Users\azra\Source\Repos\aahmic\Zadatak 2\bin\Debug\net5.0\fine-code-coverage\build-output\Microsoft.VisualStudio.TestPlatform.MSTest.TestAdapter.dll
TpTrace Verbose: 0 : 9776, 4, 2021/11/28, 19:16:03.028, 785486350980, testhost.dll, TestPluginCache.GetExtensionPaths: Added unfilterableExtensionPaths: 
TpTrace Verbose: 0 : 9776, 4, 2021/11/28, 19:16:03.028, 785486351331, testhost.dll, TestPluginCache.DiscoverTestExtensions: Discovering the extensions using allExtensionPaths: C:\Users\azra\Source\Repos\aahmic\Zadatak 2\bin\Debug\net5.0\fine-code-coverage\build-output\Microsoft.VisualStudio.TestPlatform.MSTest.TestAdapter.dll
TpTrace Information: 0 : 9776, 4, 2021/11/28, 19:16:03.028, 785486351966, testhost.dll, AssemblyResolver.AddSearchDirectories: Adding more searchDirectories C:\Users\azra\Source\Repos\aahmic\Zadatak 2\bin\Debug\net5.0\fine-code-coverage\build-output
TpTrace Verbose: 0 : 9776, 4, 2021/11/28, 19:16:03.028, 785486354514, testhost.dll, TestPluginCache: Discovered the extensions using extension path ''.
TpTrace Verbose: 0 : 9776, 4, 2021/11/28, 19:16:03.028, 785486355055, testhost.dll, TestPluginCache: Discoverers are ''.
TpTrace Verbose: 0 : 9776, 4, 2021/11/28, 19:16:03.028, 785486355396, testhost.dll, TestPluginCache: Executors are 'executor://MSTestAdapter/v2'.
TpTrace Verbose: 0 : 9776, 4, 2021/11/28, 19:16:03.028, 785486355700, testhost.dll, TestPluginCache: Executors2 are ''.
TpTrace Verbose: 0 : 9776, 4, 2021/11/28, 19:16:03.028, 785486356125, testhost.dll, TestPluginCache: Setting providers are ''.
TpTrace Verbose: 0 : 9776, 4, 2021/11/28, 19:16:03.028, 785486356430, testhost.dll, TestPluginCache: Loggers are ''.
TpTrace Verbose: 0 : 9776, 4, 2021/11/28, 19:16:03.029, 785486368133, testhost.dll, TestExecutorService: Loaded the settings providers
TpTrace Information: 0 : 9776, 4, 2021/11/28, 19:16:03.030, 785486369746, testhost.dll, TestExecutorService: Loaded the extensions
TpTrace Information: 0 : 9776, 4, 2021/11/28, 19:16:03.110, 785487171832, testhost.dll, TestDiscoveryManager: Discovering tests from sources C:\Users\azra\Source\Repos\aahmic\Zadatak 2\bin\Debug\net5.0\fine-code-coverage\build-output\Zadatak 2.dll
TpTrace Verbose: 0 : 9776, 4, 2021/11/28, 19:16:03.113, 785487204777, testhost.dll, TestPluginCache.DiscoverTestExtensions: finding test extensions in assemblies ends with: TestAdapter.dll TPluginInfo: Microsoft.VisualStudio.TestPlatform.Common.ExtensionFramework.Utilities.TestDiscovererPluginInformation TExtension: Microsoft.VisualStudio.TestPlatform.ObjectModel.Adapter.ITestDiscoverer
TpTrace Verbose: 0 : 9776, 4, 2021/11/28, 19:16:03.113, 785487207053, testhost.dll, TestPluginCache.GetExtensionPaths: Filtered extension paths: 
TpTrace Verbose: 0 : 9776, 4, 2021/11/28, 19:16:03.114, 785487207986, testhost.dll, TestPluginCache.GetExtensionPaths: Added default extension paths: C:\Users\azra\Source\Repos\aahmic\Zadatak 2\bin\Debug\net5.0\fine-code-coverage\build-output\Microsoft.VisualStudio.TestPlatform.MSTest.TestAdapter.dll
TpTrace Verbose: 0 : 9776, 4, 2021/11/28, 19:16:03.114, 785487208360, testhost.dll, TestPluginCache.GetExtensionPaths: Added unfilterableExtensionPaths: 
TpTrace Information: 0 : 9776, 4, 2021/11/28, 19:16:03.114, 785487210516, testhost.dll, AssemblyResolver.AddSearchDirectories: Adding more searchDirectories C:\Users\azra\Source\Repos\aahmic\Zadatak 2\bin\Debug\net5.0\fine-code-coverage\build-output
TpTrace Verbose: 0 : 9776, 4, 2021/11/28, 19:16:03.114, 785487211136, testhost.dll, TestPluginCache.DiscoverTestExtensions: Discovering the extensions using extension path.
TpTrace Verbose: 0 : 9776, 4, 2021/11/28, 19:16:03.114, 785487211453, testhost.dll, TestPluginCache.GetExtensionPaths: Filtered extension paths: 
TpTrace Verbose: 0 : 9776, 4, 2021/11/28, 19:16:03.114, 785487211718, testhost.dll, TestPluginCache.GetExtensionPaths: Added default extension paths: C:\Users\azra\Source\Repos\aahmic\Zadatak 2\bin\Debug\net5.0\fine-code-coverage\build-output\Microsoft.VisualStudio.TestPlatform.MSTest.TestAdapter.dll
TpTrace Verbose: 0 : 9776, 4, 2021/11/28, 19:16:03.114, 785487211977, testhost.dll, TestPluginCache.GetExtensionPaths: Added unfilterableExtensionPaths: 
TpTrace Verbose: 0 : 9776, 4, 2021/11/28, 19:16:03.114, 785487212261, testhost.dll, TestPluginCache.DiscoverTestExtensions: Discovering the extensions using allExtensionPaths: C:\Users\azra\Source\Repos\aahmic\Zadatak 2\bin\Debug\net5.0\fine-code-coverage\build-output\Microsoft.VisualStudio.TestPlatform.MSTest.TestAdapter.dll
TpTrace Information: 0 : 9776, 4, 2021/11/28, 19:16:03.114, 785487212752, testhost.dll, AssemblyResolver.AddSearchDirectories: Adding more searchDirectories C:\Users\azra\Source\Repos\aahmic\Zadatak 2\bin\Debug\net5.0\fine-code-coverage\build-output
TpTrace Verbose: 0 : 9776, 4, 2021/11/28, 19:16:03.117, 785487245388, testhost.dll, TestPluginCache: Discovered the extensions using extension path ''.
TpTrace Verbose: 0 : 9776, 4, 2021/11/28, 19:16:03.117, 785487247002, testhost.dll, TestPluginCache: Discoverers are 'Microsoft.VisualStudio.TestPlatform.MSTest.TestAdapter.MSTestDiscoverer, Microsoft.VisualStudio.TestPlatform.MSTest.TestAdapter, Version=14.0.0.0, Culture=neutral, PublicKeyToken=b03f5f7f11d50a3a'.
TpTrace Verbose: 0 : 9776, 4, 2021/11/28, 19:16:03.117, 785487247476, testhost.dll, TestPluginCache: Executors are 'executor://MSTestAdapter/v2'.
TpTrace Verbose: 0 : 9776, 4, 2021/11/28, 19:16:03.117, 785487247823, testhost.dll, TestPluginCache: Executors2 are ''.
TpTrace Verbose: 0 : 9776, 4, 2021/11/28, 19:16:03.118, 785487248134, testhost.dll, TestPluginCache: Setting providers are ''.
TpTrace Verbose: 0 : 9776, 4, 2021/11/28, 19:16:03.118, 785487248441, testhost.dll, TestPluginCache: Loggers are ''.
TpTrace Verbose: 0 : 9776, 4, 2021/11/28, 19:16:03.125, 785487322281, testhost.dll, BaseRunTests.RunTestInternalWithExecutors: Running tests for executor://MSTestAdapter/v2
TpTrace Information: 0 : 9776, 4, 2021/11/28, 19:16:03.126, 785487328861, testhost.dll, AssemblyResolver.OnResolve: Microsoft.VisualStudio.TestPlatform.MSTestAdapter.PlatformServices.Interface: Resolving assembly.
TpTrace Information: 0 : 9776, 4, 2021/11/28, 19:16:03.131, 785487379387, testhost.dll, AssemblyResolver.OnResolve: Resolved assembly: Microsoft.VisualStudio.TestPlatform.MSTestAdapter.PlatformServices.Interface, from path: C:\Users\azra\Source\Repos\aahmic\Zadatak 2\bin\Debug\net5.0\fine-code-coverage\build-output\Microsoft.VisualStudio.TestPlatform.MSTestAdapter.PlatformServices.Interface.dll
TpTrace Information: 0 : 9776, 4, 2021/11/28, 19:16:03.132, 785487394320, testhost.dll, AssemblyResolver.OnResolve: Microsoft.VisualStudio.TestPlatform.MSTestAdapter.PlatformServices: Resolving assembly.
TpTrace Information: 0 : 9776, 4, 2021/11/28, 19:16:03.133, 785487406778, testhost.dll, AssemblyResolver.OnResolve: Resolved assembly: Microsoft.VisualStudio.TestPlatform.MSTestAdapter.PlatformServices, from path: C:\Users\azra\Source\Repos\aahmic\Zadatak 2\bin\Debug\net5.0\fine-code-coverage\build-output\Microsoft.VisualStudio.TestPlatform.MSTestAdapter.PlatformServices.dll
TpTrace Information: 0 : 9776, 4, 2021/11/28, 19:16:03.134, 785487411660, testhost.dll, MSTest - MSTestExecutor.RunTests: Running tests from sources.
TpTrace Information: 0 : 9776, 4, 2021/11/28, 19:16:03.137, 785487444859, testhost.dll, MSTest - CollectSourceInformation value Found : False 
TpTrace Information: 0 : 9776, 4, 2021/11/28, 19:16:03.159, 785487665926, testhost.dll, AssemblyResolver.OnResolve: Microsoft.TestPlatform.AdapterUtilities: Resolving assembly.
TpTrace Information: 0 : 9776, 4, 2021/11/28, 19:16:03.161, 785487680628, testhost.dll, AssemblyResolver.OnResolve: Resolved assembly: Microsoft.TestPlatform.AdapterUtilities, from path: C:\Users\azra\Source\Repos\aahmic\Zadatak 2\bin\Debug\net5.0\fine-code-coverage\build-output\Microsoft.TestPlatform.AdapterUtilities.dll
TpTrace Information: 0 : 9776, 4, 2021/11/28, 19:16:03.183, 785487906375, testhost.dll, MSTest - MSTestDiscoverer: Found 5 tests from source C:\Users\azra\Source\Repos\aahmic\Zadatak 2\bin\Debug\net5.0\fine-code-coverage\build-output\Zadatak 2.dll
TpTrace Information: 0 : 9776, 4, 2021/11/28, 19:16:03.214, 785488211503, testhost.dll, AssemblyResolver.OnResolve: Microsoft.VisualStudio.TestPlatform.MSTestAdapter.PlatformServices.resources: Resolving assembly.
TpTrace Information: 0 : 9776, 4, 2021/11/28, 19:16:03.214, 785488215614, testhost.dll, AssemblyResolver.OnResolve: Microsoft.VisualStudio.TestPlatform.MSTestAdapter.PlatformServices.resources: Failed to load assembly.
TpTrace Information: 0 : 9776, 4, 2021/11/28, 19:16:03.215, 785488224272, testhost.dll, AssemblyResolver.OnResolve: Microsoft.VisualStudio.TestPlatform.MSTestAdapter.PlatformServices.resources: Resolving assembly.
TpTrace Information: 0 : 9776, 4, 2021/11/28, 19:16:03.215, 785488225418, testhost.dll, AssemblyResolver.OnResolve: Microsoft.VisualStudio.TestPlatform.MSTestAdapter.PlatformServices.resources: Resolved from cache.
TpTrace Information: 0 : 9776, 4, 2021/11/28, 19:16:03.233, 785488401959, testhost.dll, MSTest - Created unit-test runner C:\Users\azra\Source\Repos\aahmic\Zadatak 2\bin\Debug\net5.0\fine-code-coverage\build-output\Zadatak 2.dll
TpTrace Verbose: 0 : 9776, 4, 2021/11/28, 19:16:03.237, 785488441054, testhost.dll, TestExecutionRecorder.RecordStart: Starting test: Zadatak_2.TDD.TestZamjenskiObjekat.
TpTrace Information: 0 : 9776, 4, 2021/11/28, 19:16:03.361, 785489678052, testhost.dll, MSTest - Executing test TestZamjenskiObjekat
TpTrace Information: 0 : 9776, 4, 2021/11/28, 19:16:03.435, 785490422291, testhost.dll, MSTest - Executed test TestZamjenskiObjekat
TpTrace Verbose: 0 : 9776, 4, 2021/11/28, 19:16:03.442, 785490496018, testhost.dll, TestExecutionRecorder.RecordEnd: test: Zadatak_2.TDD.TestZamjenskiObjekat execution completed.
TpTrace Verbose: 0 : 9776, 4, 2021/11/28, 19:16:03.472, 785490789949, testhost.dll, TestExecutionRecorder.RecordResult: Received result for test: Zadatak_2.TDD.TestZamjenskiObjekat.
TpTrace Warning: 0 : 9776, 4, 2021/11/28, 19:16:03.476, 785490835071, testhost.dll, TestRunCache: InProgressTests is null
TpTrace Warning: 0 : 9776, 4, 2021/11/28, 19:16:03.476, 785490836999, testhost.dll, TestRunCache: No test found corresponding to testResult '' in inProgress list.
TpTrace Verbose: 0 : 9776, 4, 2021/11/28, 19:16:03.476, 785490837953, testhost.dll, TestExecutionRecorder.RecordStart: Starting test: Zadatak_2.TDD.ProljetnaNabavka.
TpTrace Information: 0 : 9776, 4, 2021/11/28, 19:16:03.479, 785490861788, testhost.dll, MSTest - Executing test ProljetnaNabavka
TpTrace Information: 0 : 9776, 4, 2021/11/28, 19:16:03.484, 785490913805, testhost.dll, MSTest - Executed test ProljetnaNabavka
TpTrace Verbose: 0 : 9776, 4, 2021/11/28, 19:16:03.484, 785490916221, testhost.dll, TestExecutionRecorder.RecordEnd: test: Zadatak_2.TDD.ProljetnaNabavka execution completed.
TpTrace Verbose: 0 : 9776, 4, 2021/11/28, 19:16:03.486, 785490938018, testhost.dll, TestExecutionRecorder.RecordResult: Received result for test: Zadatak_2.TDD.ProljetnaNabavka.
TpTrace Warning: 0 : 9776, 4, 2021/11/28, 19:16:03.487, 785490939584, testhost.dll, TestRunCache: InProgressTests is null
TpTrace Warning: 0 : 9776, 4, 2021/11/28, 19:16:03.487, 785490940089, testhost.dll, TestRunCache: No test found corresponding to testResult '' in inProgress list.
TpTrace Verbose: 0 : 9776, 4, 2021/11/28, 19:16:03.487, 785490941152, testhost.dll, TestExecutionRecorder.RecordStart: Starting test: Zadatak_2.TDD.JesenjaNabavka.
TpTrace Information: 0 : 9776, 4, 2021/11/28, 19:16:03.489, 785490959388, testhost.dll, MSTest - Executing test JesenjaNabavka
TpTrace Information: 0 : 9776, 4, 2021/11/28, 19:16:03.491, 785490979144, testhost.dll, MSTest - Executed test JesenjaNabavka
TpTrace Verbose: 0 : 9776, 4, 2021/11/28, 19:16:03.491, 785490980442, testhost.dll, TestExecutionRecorder.RecordEnd: test: Zadatak_2.TDD.JesenjaNabavka execution completed.
TpTrace Verbose: 0 : 9776, 4, 2021/11/28, 19:16:03.492, 785490996079, testhost.dll, TestExecutionRecorder.RecordResult: Received result for test: Zadatak_2.TDD.JesenjaNabavka.
TpTrace Warning: 0 : 9776, 4, 2021/11/28, 19:16:03.492, 785490997438, testhost.dll, TestRunCache: InProgressTests is null
TpTrace Warning: 0 : 9776, 4, 2021/11/28, 19:16:03.492, 785490997743, testhost.dll, TestRunCache: No test found corresponding to testResult '' in inProgress list.
TpTrace Verbose: 0 : 9776, 4, 2021/11/28, 19:16:03.493, 785490998256, testhost.dll, TestExecutionRecorder.RecordStart: Starting test: Zadatak_2.TDD.NedozvoljenaNabavkaLjetiIliZimi.
TpTrace Information: 0 : 9776, 4, 2021/11/28, 19:16:03.499, 785491061991, testhost.dll, MSTest - Executing test NedozvoljenaNabavkaLjetiIliZimi
TpTrace Information: 0 : 9776, 4, 2021/11/28, 19:16:03.503, 785491100718, testhost.dll, MSTest - Executed test NedozvoljenaNabavkaLjetiIliZimi
TpTrace Verbose: 0 : 9776, 4, 2021/11/28, 19:16:03.503, 785491102669, testhost.dll, TestExecutionRecorder.RecordEnd: test: Zadatak_2.TDD.NedozvoljenaNabavkaLjetiIliZimi execution completed.
TpTrace Verbose: 0 : 9776, 4, 2021/11/28, 19:16:03.505, 785491124592, testhost.dll, TestExecutionRecorder.RecordResult: Received result for test: Zadatak_2.TDD.NedozvoljenaNabavkaLjetiIliZimi.
TpTrace Warning: 0 : 9776, 4, 2021/11/28, 19:16:03.505, 785491126301, testhost.dll, TestRunCache: InProgressTests is null
TpTrace Warning: 0 : 9776, 4, 2021/11/28, 19:16:03.505, 785491126926, testhost.dll, TestRunCache: No test found corresponding to testResult '' in inProgress list.
TpTrace Verbose: 0 : 9776, 4, 2021/11/28, 19:16:03.505, 785491127731, testhost.dll, TestExecutionRecorder.RecordStart: Starting test: Zadatak_2.TDD.NedozvoljeneSrednjeNabavke.
TpTrace Information: 0 : 9776, 4, 2021/11/28, 19:16:03.507, 785491144125, testhost.dll, MSTest - Executing test NedozvoljeneSrednjeNabavke
TpTrace Information: 0 : 9776, 4, 2021/11/28, 19:16:03.509, 785491158664, testhost.dll, MSTest - Executed test NedozvoljeneSrednjeNabavke
TpTrace Verbose: 0 : 9776, 4, 2021/11/28, 19:16:03.509, 785491159844, testhost.dll, TestExecutionRecorder.RecordEnd: test: Zadatak_2.TDD.NedozvoljeneSrednjeNabavke execution completed.
TpTrace Verbose: 0 : 9776, 4, 2021/11/28, 19:16:03.510, 785491176209, testhost.dll, TestExecutionRecorder.RecordResult: Received result for test: Zadatak_2.TDD.NedozvoljeneSrednjeNabavke.
TpTrace Warning: 0 : 9776, 4, 2021/11/28, 19:16:03.510, 785491177581, testhost.dll, TestRunCache: InProgressTests is null
TpTrace Warning: 0 : 9776, 4, 2021/11/28, 19:16:03.510, 785491177912, testhost.dll, TestRunCache: No test found corresponding to testResult '' in inProgress list.
TpTrace Information: 0 : 9776, 4, 2021/11/28, 19:16:03.511, 785491181401, testhost.dll, MSTest - Executing cleanup methods.
TpTrace Information: 0 : 9776, 4, 2021/11/28, 19:16:03.514, 785491216743, testhost.dll, MSTest - Executed cleanup methods.
TpTrace Information: 0 : 9776, 4, 2021/11/28, 19:16:03.515, 785491218291, testhost.dll, MSTest - Executed tests belonging to source C:\Users\azra\Source\Repos\aahmic\Zadatak 2\bin\Debug\net5.0\fine-code-coverage\build-output\Zadatak 2.dll
TpTrace Information: 0 : 9776, 4, 2021/11/28, 19:16:03.515, 785491223090, testhost.dll, Deleting deployment directory C:\Users\azra\Source\Repos\aahmic\Zadatak 2\bin\Debug\net5.0\fine-code-coverage\coverage-tool-output\Deploy_azra 2021-11-28 19_16_03
TpTrace Information: 0 : 9776, 4, 2021/11/28, 19:16:03.519, 785491259576, testhost.dll, Deleted deployment directory C:\Users\azra\Source\Repos\aahmic\Zadatak 2\bin\Debug\net5.0\fine-code-coverage\coverage-tool-output\Deploy_azra 2021-11-28 19_16_03
TpTrace Verbose: 0 : 9776, 4, 2021/11/28, 19:16:03.519, 785491266812, testhost.dll, BaseRunTests.RunTestInternalWithExecutors: Completed running tests for executor://MSTestAdapter/v2
TpTrace Information: 0 : 9776, 4, 2021/11/28, 19:16:03.524, 785491309889, testhost.dll, Sending test run complete
TpTrace Verbose: 0 : 9776, 4, 2021/11/28, 19:16:03.568, 785491756036, testhost.dll, TestRequestHandler.SendData:  sending data from testhost: {"Version":5,"MessageType":"TestExecution.Completed","Payload":{"TestRunCompleteArgs":{"TestRunStatistics":{"ExecutedTests":5,"Stats":{"Passed":5}},"IsCanceled":false,"IsAborted":false,"Error":null,"AttachmentSets":[],"ElapsedTimeInRunningTests":"00:00:00.4001475","Metrics":{}},"LastRunTests":{"NewTestResults":[{"TestCase":{"Id":"cd075b4d-61b2-de77-403b-0cfb69a56f47","FullyQualifiedName":"Zadatak_2.TDD.TestZamjenskiObjekat","DisplayName":"TestZamjenskiObjekat","ExecutorUri":"executor://MSTestAdapter/v2","Source":"C:\\Users\\azra\\Source\\Repos\\aahmic\\Zadatak 2\\bin\\Debug\\net5.0\\fine-code-coverage\\build-output\\Zadatak 2.dll","CodeFilePath":null,"LineNumber":-1,"Properties":[{"Key":{"Id":"TestCase.ManagedType","Label":"ManagedType","Category":"","Description":"","Attributes":1,"ValueType":"System.String"},"Value":"Zadatak_2.TDD"},{"Key":{"Id":"TestCase.ManagedMethod","Label":"ManagedMethod","Category":"","Description":"","Attributes":1,"ValueType":"System.String"},"Value":"TestZamjenskiObjekat"},{"Key":{"Id":"MSTestDiscoverer.TestClassName","Label":"ClassName","Category":"","Description":"","Attributes":1,"ValueType":"System.String"},"Value":"Zadatak_2.TDD"},{"Key":{"Id":"TestObject.Traits","Label":"Traits","Category":"","Description":"","Attributes":5,"ValueType":"System.Collections.Generic.KeyValuePair`2[[System.String],[System.String]][]"},"Value":[]}]},"Attachments":[],"Outcome":1,"ErrorMessage":null,"ErrorStackTrace":null,"DisplayName":null,"Messages":[],"ComputerName":null,"Duration":"00:00:00.0199167","StartTime":"2021-11-28T19:16:03.3607707+01:00","EndTime":"2021-11-28T19:16:03.4355838+01:00","Properties":[{"Key":{"Id":"ExecutionId","Label":"ExecutionId","Category":"","Description":"","Attributes":1,"ValueType":"System.Guid"},"Value":"00000000-0000-0000-0000-000000000000"},{"Key":{"Id":"ParentExecId","Label":"ParentExecId","Category":"","Description":"","Attributes":1,"ValueType":"System.Guid"},"Value":"00000000-0000-0000-0000-000000000000"},{"Key":{"Id":"InnerResultsCount","Label":"InnerResultsCount","Category":"","Description":"","Attributes":1,"ValueType":"System.Int32"},"Value":0}]},{"TestCase":{"Id":"b51d3f41-b72b-1028-816b-1d654d5090ba","FullyQualifiedName":"Zadatak_2.TDD.ProljetnaNabavka","DisplayName":"ProljetnaNabavka","ExecutorUri":"executor://MSTestAdapter/v2","Source":"C:\\Users\\azra\\Source\\Repos\\aahmic\\Zadatak 2\\bin\\Debug\\net5.0\\fine-code-coverage\\build-output\\Zadatak 2.dll","CodeFilePath":null,"LineNumber":-1,"Properties":[{"Key":{"Id":"TestCase.ManagedType","Label":"ManagedType","Category":"","Description":"","Attributes":1,"ValueType":"System.String"},"Value":"Zadatak_2.TDD"},{"Key":{"Id":"TestCase.ManagedMethod","Label":"ManagedMethod","Category":"","Description":"","Attributes":1,"ValueType":"System.String"},"Value":"ProljetnaNabavka"},{"Key":{"Id":"MSTestDiscoverer.TestClassName","Label":"ClassName","Category":"","Description":"","Attributes":1,"ValueType":"System.String"},"Value":"Zadatak_2.TDD"},{"Key":{"Id":"TestObject.Traits","Label":"Traits","Category":"","Description":"","Attributes":5,"ValueType":"System.Collections.Generic.KeyValuePair`2[[System.String],[System.String]][]"},"Value":[]}]},"Attachments":[],"Outcome":1,"ErrorMessage":null,"ErrorStackTrace":null,"DisplayName":null,"Messages":[],"ComputerName":null,"Duration":"00:00:00.0046266","StartTime":"2021-11-28T19:16:03.479349+01:00","EndTime":"2021-11-28T19:16:03.4847706+01:00","Properties":[{"Key":{"Id":"ExecutionId","Label":"ExecutionId","Category":"","Description":"","Attributes":1,"ValueType":"System.Guid"},"Value":"00000000-0000-0000-0000-000000000000"},{"Key":{"Id":"ParentExecId","Label":"ParentExecId","Category":"","Description":"","Attributes":1,"ValueType":"System.Guid"},"Value":"00000000-0000-0000-0000-000000000000"},{"Key":{"Id":"InnerResultsCount","Label":"InnerResultsCount","Category":"","Description":"","Attributes":1,"ValueType":"System.Int32"},"Value":0}]},{"TestCase":{"Id":"8891ef0f-da64-c2a4-4354-33fdbaef8344","FullyQualifiedName":"Zadatak_2.TDD.JesenjaNabavka","DisplayName":"JesenjaNabavka","ExecutorUri":"executor://MSTestAdapter/v2","Source":"C:\\Users\\azra\\Source\\Repos\\aahmic\\Zadatak 2\\bin\\Debug\\net5.0\\fine-code-coverage\\build-output\\Zadatak 2.dll","CodeFilePath":null,"LineNumber":-1,"Properties":[{"Key":{"Id":"TestCase.ManagedType","Label":"ManagedType","Category":"","Description":"","Attributes":1,"ValueType":"System.String"},"Value":"Zadatak_2.TDD"},{"Key":{"Id":"TestCase.ManagedMethod","Label":"ManagedMethod","Category":"","Description":"","Attributes":1,"ValueType":"System.String"},"Value":"JesenjaNabavka"},{"Key":{"Id":"MSTestDiscoverer.TestClassName","Label":"ClassName","Category":"","Description":"","Attributes":1,"ValueType":"System.String"},"Value":"Zadatak_2.TDD"},{"Key":{"Id":"TestObject.Traits","Label":"Traits","Category":"","Description":"","Attributes":5,"ValueType":"System.Collections.Generic.KeyValuePair`2[[System.String],[System.String]][]"},"Value":[]}]},"Attachments":[],"Outcome":1,"ErrorMessage":null,"ErrorStackTrace":null,"DisplayName":null,"Messages":[],"ComputerName":null,"Duration":"00:00:00.0016607","StartTime":"2021-11-28T19:16:03.4891139+01:00","EndTime":"2021-11-28T19:16:03.4912264+01:00","Properties":[{"Key":{"Id":"ExecutionId","Label":"ExecutionId","Category":"","Description":"","Attributes":1,"ValueType":"System.Guid"},"Value":"00000000-0000-0000-0000-000000000000"},{"Key":{"Id":"ParentExecId","Label":"ParentExecId","Category":"","Description":"","Attributes":1,"ValueType":"System.Guid"},"Value":"00000000-0000-0000-0000-000000000000"},{"Key":{"Id":"InnerResultsCount","Label":"InnerResultsCount","Category":"","Description":"","Attributes":1,"ValueType":"System.Int32"},"Value":0}]},{"TestCase":{"Id":"3ff34b18-7204-1007-cf66-18bf2ac4d566","FullyQualifiedName":"Zadatak_2.TDD.NedozvoljenaNabavkaLjetiIliZimi","DisplayName":"NedozvoljenaNabavkaLjetiIliZimi","ExecutorUri":"executor://MSTestAdapter/v2","Source":"C:\\Users\\azra\\Source\\Repos\\aahmic\\Zadatak 2\\bin\\Debug\\net5.0\\fine-code-coverage\\build-output\\Zadatak 2.dll","CodeFilePath":null,"LineNumber":-1,"Properties":[{"Key":{"Id":"TestCase.ManagedType","Label":"ManagedType","Category":"","Description":"","Attributes":1,"ValueType":"System.String"},"Value":"Zadatak_2.TDD"},{"Key":{"Id":"TestCase.ManagedMethod","Label":"ManagedMethod","Category":"","Description":"","Attributes":1,"ValueType":"System.String"},"Value":"NedozvoljenaNabavkaLjetiIliZimi"},{"Key":{"Id":"MSTestDiscoverer.TestClassName","Label":"ClassName","Category":"","Description":"","Attributes":1,"ValueType":"System.String"},"Value":"Zadatak_2.TDD"},{"Key":{"Id":"TestObject.Traits","Label":"Traits","Category":"","Description":"","Attributes":5,"ValueType":"System.Collections.Generic.KeyValuePair`2[[System.String],[System.String]][]"},"Value":[]}]},"Attachments":[],"Outcome":1,"ErrorMessage":null,"ErrorStackTrace":null,"DisplayName":null,"Messages":[],"ComputerName":null,"Duration":"00:00:00.0034573","StartTime":"2021-11-28T19:16:03.4993807+01:00","EndTime":"2021-11-28T19:16:03.5034364+01:00","Properties":[{"Key":{"Id":"ExecutionId","Label":"ExecutionId","Category":"","Description":"","Attributes":1,"ValueType":"System.Guid"},"Value":"00000000-0000-0000-0000-000000000000"},{"Key":{"Id":"ParentExecId","Label":"ParentExecId","Category":"","Description":"","Attributes":1,"ValueType":"System.Guid"},"Value":"00000000-0000-0000-0000-000000000000"},{"Key":{"Id":"InnerResultsCount","Label":"InnerResultsCount","Category":"","Description":"","Attributes":1,"ValueType":"System.Int32"},"Value":0}]},{"TestCase":{"Id":"40ed29d5-0464-2bd3-28a1-5980313a2e0b","FullyQualifiedName":"Zadatak_2.TDD.NedozvoljeneSrednjeNabavke","DisplayName":"NedozvoljeneSrednjeNabavke","ExecutorUri":"executor://MSTestAdapter/v2","Source":"C:\\Users\\azra\\Source\\Repos\\aahmic\\Zadatak 2\\bin\\Debug\\net5.0\\fine-code-coverage\\build-output\\Zadatak 2.dll","CodeFilePath":null,"LineNumber":-1,"Properties":[{"Key":{"Id":"TestCase.ManagedType","Label":"ManagedType","Category":"","Description":"","Attributes":1,"ValueType":"System.String"},"Value":"Zadatak_2.TDD"},{"Key":{"Id":"TestCase.ManagedMethod","Label":"ManagedMethod","Category":"","Description":"","Attributes":1,"ValueType":"System.String"},"Value":"NedozvoljeneSrednjeNabavke"},{"Key":{"Id":"MSTestDiscoverer.TestClassName","Label":"ClassName","Category":"","Description":"","Attributes":1,"ValueType":"System.String"},"Value":"Zadatak_2.TDD"},{"Key":{"Id":"TestObject.Traits","Label":"Traits","Category":"","Description":"","Attributes":5,"ValueType":"System.Collections.Generic.KeyValuePair`2[[System.String],[System.String]][]"},"Value":[]}]},"Attachments":[],"Outcome":1,"ErrorMessage":null,"ErrorStackTrace":null,"DisplayName":null,"Messages":[],"ComputerName":null,"Duration":"00:00:00.0010650","StartTime":"2021-11-28T19:16:03.5075899+01:00","EndTime":"2021-11-28T19:16:03.5091671+01:00","Properties":[{"Key":{"Id":"ExecutionId","Label":"ExecutionId","Category":"","Description":"","Attributes":1,"ValueType":"System.Guid"},"Value":"00000000-0000-0000-0000-000000000000"},{"Key":{"Id":"ParentExecId","Label":"ParentExecId","Category":"","Description":"","Attributes":1,"ValueType":"System.Guid"},"Value":"00000000-0000-0000-0000-000000000000"},{"Key":{"Id":"InnerResultsCount","Label":"InnerResultsCount","Category":"","Description":"","Attributes":1,"ValueType":"System.Int32"},"Value":0}]}],"TestRunStatistics":{"ExecutedTests":5,"Stats":{"Passed":5}},"ActiveTests":[]},"RunAttachments":[],"ExecutorUris":["executor://mstestadapter/v2"]}}
TpTrace Verbose: 0 : 9776, 4, 2021/11/28, 19:16:03.569, 785491760490, testhost.dll, BaseRunTests.RunTests: Run is complete.
TpTrace Verbose: 0 : 9776, 5, 2021/11/28, 19:16:03.570, 785491775368, testhost.dll, TcpClientExtensions.MessageLoopAsync: NotifyDataAvailable remoteEndPoint: [::ffff:127.0.0.1]:54787 localEndPoint: [::ffff:127.0.0.1]:54788
TpTrace Information: 0 : 9776, 5, 2021/11/28, 19:16:03.570, 785491777165, testhost.dll, TestRequestHandler.ProcessRequests: received message: (TestSession.Terminate) -> null
TpTrace Information: 0 : 9776, 5, 2021/11/28, 19:16:03.570, 785491777560, testhost.dll, Session End message received from server. Closing the connection.
TpTrace Information: 0 : 9776, 5, 2021/11/28, 19:16:03.571, 785491781267, testhost.dll, SocketClient.Stop: Stop communication from server endpoint: 127.0.0.1:054787
TpTrace Information: 0 : 9776, 5, 2021/11/28, 19:16:03.571, 785491781846, testhost.dll, SocketClient: Stop: Cancellation requested. Stopping message loop.
TpTrace Verbose: 0 : 9776, 5, 2021/11/28, 19:16:03.571, 785491783532, testhost.dll, LengthPrefixCommunicationChannel.Dispose: Dispose reader and writer.
TpTrace Information: 0 : 9776, 5, 2021/11/28, 19:16:03.571, 785491784033, testhost.dll, Closing the connection !
TpTrace Information: 0 : 9776, 5, 2021/11/28, 19:16:03.571, 785491786345, testhost.dll, SocketClient.PrivateStop: Stop communication from server endpoint: 127.0.0.1:054787, error:
TpTrace Verbose: 0 : 9776, 5, 2021/11/28, 19:16:03.572, 785491790219, testhost.dll, LengthPrefixCommunicationChannel.Dispose: Dispose reader and writer.
TpTrace Verbose: 0 : 9776, 5, 2021/11/28, 19:16:03.572, 785491790851, testhost.dll, TcpClientExtensions.MessageLoopAsync: exiting MessageLoopAsync remoteEndPoint: [::ffff:127.0.0.1]:54787 localEndPoint: [::ffff:127.0.0.1]:54788
TpTrace Information: 0 : 9776, 1, 2021/11/28, 19:16:03.572, 785491790245, testhost.dll, Closing the connection !
TpTrace Information: 0 : 9776, 1, 2021/11/28, 19:16:03.572, 785491792050, testhost.dll, SocketClient.Stop: Stop communication from server endpoint: 127.0.0.1:054787
TpTrace Verbose: 0 : 9776, 1, 2021/11/28, 19:16:03.572, 785491792626, testhost.dll, LengthPrefixCommunicationChannel.Dispose: Dispose reader and writer.
TpTrace Information: 0 : 9776, 1, 2021/11/28, 19:16:03.572, 785491793466, testhost.dll, Testhost process exiting.
