TpTrace Verbose: 0 : 2448, 1, 2021/11/24, 15:35:48.311, 1653570651746, datacollector.dll, Version: 17.0.0
TpTrace Information: 0 : 2448, 1, 2021/11/24, 15:35:48.319, 1653570703830, datacollector.dll, DataCollectorMain.Run: Starting data collector run with args: --port,64147,--parentprocessid,17288,--diag,C:\Users\azra\source\repos\VVS-zadaca21\Zadatak 2\bin\Debug\net5.0\fine-code-coverage\coverage-tool-output\diagnostics.datacollector.21-11-24_15-35-48_20570_5.log,--tracelevel,4
TpTrace Information: 0 : 2448, 1, 2021/11/24, 15:35:48.319, 1653570705685, datacollector.dll, DataCollector: Monitoring parent process with id: '17288'
TpTrace Information: 0 : 2448, 1, 2021/11/24, 15:35:48.333, 1653570844057, datacollector.dll, Trying to connect to server on socket : 127.0.0.1:64147 
TpTrace Verbose: 0 : 2448, 1, 2021/11/24, 15:35:48.342, 1653570932370, datacollector.dll, SocketCommunicationManager : SetupClientAsync : Attempting to connect to the server.
TpTrace Information: 0 : 2448, 8, 2021/11/24, 15:35:48.353, 1653571042276, datacollector.dll, Connected to the server successfully 
TpTrace Information: 0 : 2448, 8, 2021/11/24, 15:35:48.353, 1653571043404, datacollector.dll, Using the buffer size of 16384 bytes
TpTrace Information: 0 : 2448, 1, 2021/11/24, 15:35:48.433, 1653571843852, datacollector.dll, DataCollector: Start Request Processing.
TpTrace Information: 0 : 2448, 1, 2021/11/24, 15:35:48.438, 1653571896016, datacollector.dll, DataCollectionRequestHandler.ProcessRequests : Datacollector received message: (DataCollection.BeforeTestRunStart) -> {
  "SettingsXml": "<RunSettings><RunConfiguration><ResultsDirectory>C:\\Users\\azra\\source\\repos\\VVS-zadaca21\\Zadatak 2\\bin\\Debug\\net5.0\\fine-code-coverage\\coverage-tool-output</ResultsDirectory><TargetPlatform>X64</TargetPlatform><TargetFrameworkVersion>.NETCoreApp,Version=v5.0</TargetFrameworkVersion><DesignMode>False</DesignMode><CollectSourceInformation>False</CollectSourceInformation><TestAdaptersPaths>C:\\Program Files\\dotnet\\sdk\\6.0.100\\Extensions</TestAdaptersPaths></RunConfiguration><LoggerRunSettings><Loggers><Logger friendlyName=\"blame\" enabled=\"True\" /><Logger friendlyName=\"Console\" uri=\"logger://microsoft/TestPlatform/ConsoleLogger/v1\" assemblyQualifiedName=\"Microsoft.VisualStudio.TestPlatform.CommandLine.Internal.ConsoleLogger, vstest.console, Version=15.0.0.0, Culture=neutral, PublicKeyToken=b03f5f7f11d50a3a\" codeBase=\"C:\\Program Files\\dotnet\\sdk\\6.0.100\\vstest.console.dll\" enabled=\"True\" /></Loggers></LoggerRunSettings><DataCollectionRunSettings><DataCollectors><DataCollector friendlyName=\"blame\" enabled=\"True\"><Configuration><ResultsDirectory>C:\\Users\\azra\\source\\repos\\VVS-zadaca21\\Zadatak 2\\bin\\Debug\\net5.0\\fine-code-coverage\\coverage-tool-output</ResultsDirectory></Configuration></DataCollector></DataCollectors></DataCollectionRunSettings></RunSettings>",
  "Sources": [
    "C:\\Users\\azra\\source\\repos\\VVS-zadaca21\\Zadatak 2\\bin\\Debug\\net5.0\\fine-code-coverage\\build-output\\Zadatak 2.dll"
  ],
  "IsTelemetryOptedIn": false
}
TpTrace Verbose: 0 : 2448, 1, 2021/11/24, 15:35:48.477, 1653572278353, datacollector.dll, TestPluginCache: Update extensions started. Skip filter = False
TpTrace Verbose: 0 : 2448, 1, 2021/11/24, 15:35:48.477, 1653572284025, datacollector.dll, TestPluginCache: Using directories for assembly resolution 'C:\Program Files\dotnet\sdk\6.0.100\Extensions'.
TpTrace Verbose: 0 : 2448, 1, 2021/11/24, 15:35:48.477, 1653572284473, datacollector.dll, TestPluginCache: Updated the available extensions to 'C:\Program Files\dotnet\sdk\6.0.100\Extensions\Microsoft.TestPlatform.Extensions.BlameDataCollector.dll,C:\Program Files\dotnet\sdk\6.0.100\Extensions\Microsoft.TestPlatform.Extensions.EventLogCollector.dll'.
TpTrace Verbose: 0 : 2448, 1, 2021/11/24, 15:35:48.484, 1653572355281, datacollector.dll, TestPluginCache.DiscoverTestExtensions: finding test extensions in assemblies ends with: Collector.dll TPluginInfo: Microsoft.VisualStudio.TestPlatform.Common.DataCollector.DataCollectorConfig TExtension: Microsoft.VisualStudio.TestPlatform.ObjectModel.DataCollection.DataCollector
TpTrace Verbose: 0 : 2448, 1, 2021/11/24, 15:35:48.485, 1653572358752, datacollector.dll, TestPluginCache.GetExtensionPaths: Filtered extension paths: C:\Program Files\dotnet\sdk\6.0.100\Extensions\Microsoft.TestPlatform.Extensions.BlameDataCollector.dll
C:\Program Files\dotnet\sdk\6.0.100\Extensions\Microsoft.TestPlatform.Extensions.EventLogCollector.dll
TpTrace Verbose: 0 : 2448, 1, 2021/11/24, 15:35:48.485, 1653572359218, datacollector.dll, TestPluginCache.GetExtensionPaths: Added default extension paths: 
TpTrace Verbose: 0 : 2448, 1, 2021/11/24, 15:35:48.485, 1653572359409, datacollector.dll, TestPluginCache.GetExtensionPaths: Added unfilterableExtensionPaths: 
TpTrace Information: 0 : 2448, 1, 2021/11/24, 15:35:48.486, 1653572366501, datacollector.dll, AssemblyResolver.ctor: Creating AssemblyResolver with searchDirectories C:\Program Files\dotnet\sdk\6.0.100\Extensions,C:\Program Files\dotnet\sdk\6.0.100
TpTrace Verbose: 0 : 2448, 1, 2021/11/24, 15:35:48.488, 1653572393777, datacollector.dll, TestPluginCache.DiscoverTestExtensions: Discovering the extensions using extension path.
TpTrace Verbose: 0 : 2448, 1, 2021/11/24, 15:35:48.488, 1653572395810, datacollector.dll, TestPluginCache.GetExtensionPaths: Filtered extension paths: C:\Program Files\dotnet\sdk\6.0.100\Extensions\Microsoft.TestPlatform.Extensions.BlameDataCollector.dll
C:\Program Files\dotnet\sdk\6.0.100\Extensions\Microsoft.TestPlatform.Extensions.EventLogCollector.dll
TpTrace Verbose: 0 : 2448, 1, 2021/11/24, 15:35:48.489, 1653572396557, datacollector.dll, TestPluginCache.GetExtensionPaths: Added default extension paths: 
TpTrace Verbose: 0 : 2448, 1, 2021/11/24, 15:35:48.489, 1653572396740, datacollector.dll, TestPluginCache.GetExtensionPaths: Added unfilterableExtensionPaths: 
TpTrace Verbose: 0 : 2448, 1, 2021/11/24, 15:35:48.489, 1653572397852, datacollector.dll, TestPluginCache.DiscoverTestExtensions: Discovering the extensions using allExtensionPaths: C:\Program Files\dotnet\sdk\6.0.100\Extensions\Microsoft.TestPlatform.Extensions.BlameDataCollector.dll
C:\Program Files\dotnet\sdk\6.0.100\Extensions\Microsoft.TestPlatform.Extensions.EventLogCollector.dll
TpTrace Information: 0 : 2448, 1, 2021/11/24, 15:35:48.489, 1653572398670, datacollector.dll, AssemblyResolver.AddSearchDirectories: Adding more searchDirectories C:\Program Files\dotnet\sdk\6.0.100\Extensions,C:\Program Files\dotnet\sdk\6.0.100
TpTrace Information: 0 : 2448, 1, 2021/11/24, 15:35:48.489, 1653572399097, datacollector.dll, AssemblyResolver.AddSearchDirectories: Adding more searchDirectories C:\Program Files\dotnet\sdk\6.0.100\Extensions,C:\Program Files\dotnet\sdk\6.0.100
TpTrace Information: 0 : 2448, 1, 2021/11/24, 15:35:48.489, 1653572401935, datacollector.dll, AssemblyResolver.OnResolve: Microsoft.TestPlatform.Extensions.BlameDataCollector: Resolving assembly.
TpTrace Information: 0 : 2448, 1, 2021/11/24, 15:35:48.489, 1653572402484, datacollector.dll, AssemblyResolver.OnResolve: Microsoft.TestPlatform.Extensions.BlameDataCollector: Searching in: 'C:\Program Files\dotnet\sdk\6.0.100\Extensions'.
TpTrace Information: 0 : 2448, 1, 2021/11/24, 15:35:48.490, 1653572412061, datacollector.dll, AssemblyResolver.OnResolve: Microsoft.TestPlatform.Extensions.BlameDataCollector: Loading assembly 'C:\Program Files\dotnet\sdk\6.0.100\Extensions\Microsoft.TestPlatform.Extensions.BlameDataCollector.dll'.
TpTrace Information: 0 : 2448, 1, 2021/11/24, 15:35:48.491, 1653572421322, datacollector.dll, AssemblyResolver.OnResolve: Resolved assembly: Microsoft.TestPlatform.Extensions.BlameDataCollector, from path: C:\Program Files\dotnet\sdk\6.0.100\Extensions\Microsoft.TestPlatform.Extensions.BlameDataCollector.dll
TpTrace Error: 0 : 2448, 1, 2021/11/24, 15:35:48.495, 1653572461645, datacollector.dll, The type "Microsoft.TestPlatform.Extensions.BlameDataCollector.BlameCollector" defined in "Microsoft.TestPlatform.Extensions.BlameDataCollector.dll" does not have ExtensionUri attribute.
TpTrace Information: 0 : 2448, 1, 2021/11/24, 15:35:48.497, 1653572476356, datacollector.dll, AssemblyResolver.OnResolve: Microsoft.TestPlatform.Extensions.EventLogCollector: Resolving assembly.
TpTrace Information: 0 : 2448, 1, 2021/11/24, 15:35:48.497, 1653572478505, datacollector.dll, AssemblyResolver.OnResolve: Microsoft.TestPlatform.Extensions.EventLogCollector: Searching in: 'C:\Program Files\dotnet\sdk\6.0.100\Extensions'.
TpTrace Information: 0 : 2448, 1, 2021/11/24, 15:35:48.497, 1653572485546, datacollector.dll, AssemblyResolver.OnResolve: Microsoft.TestPlatform.Extensions.EventLogCollector: Loading assembly 'C:\Program Files\dotnet\sdk\6.0.100\Extensions\Microsoft.TestPlatform.Extensions.EventLogCollector.dll'.
TpTrace Information: 0 : 2448, 1, 2021/11/24, 15:35:48.498, 1653572491165, datacollector.dll, AssemblyResolver.OnResolve: Resolved assembly: Microsoft.TestPlatform.Extensions.EventLogCollector, from path: C:\Program Files\dotnet\sdk\6.0.100\Extensions\Microsoft.TestPlatform.Extensions.EventLogCollector.dll
TpTrace Error: 0 : 2448, 1, 2021/11/24, 15:35:48.500, 1653572509998, datacollector.dll, The type "Microsoft.TestPlatform.Extensions.EventLogCollector.EventLogDataCollector" defined in "Microsoft.TestPlatform.Extensions.EventLogCollector.dll" does not have ExtensionUri attribute.
TpTrace Verbose: 0 : 2448, 1, 2021/11/24, 15:35:48.500, 1653572512561, datacollector.dll, TestPluginCache: Discovered the extensions using extension path 'C:\Program Files\dotnet\sdk\6.0.100\Extensions\Microsoft.TestPlatform.Extensions.BlameDataCollector.dll,C:\Program Files\dotnet\sdk\6.0.100\Extensions\Microsoft.TestPlatform.Extensions.EventLogCollector.dll'.
TpTrace Verbose: 0 : 2448, 1, 2021/11/24, 15:35:48.500, 1653572512991, datacollector.dll, TestPluginCache: Discoverers are ''.
TpTrace Verbose: 0 : 2448, 1, 2021/11/24, 15:35:48.500, 1653572513180, datacollector.dll, TestPluginCache: Executors are ''.
TpTrace Verbose: 0 : 2448, 1, 2021/11/24, 15:35:48.500, 1653572513341, datacollector.dll, TestPluginCache: Executors2 are ''.
TpTrace Verbose: 0 : 2448, 1, 2021/11/24, 15:35:48.500, 1653572513495, datacollector.dll, TestPluginCache: Setting providers are ''.
TpTrace Verbose: 0 : 2448, 1, 2021/11/24, 15:35:48.500, 1653572513652, datacollector.dll, TestPluginCache: Loggers are ''.
TpTrace Information: 0 : 2448, 1, 2021/11/24, 15:35:48.501, 1653572522902, datacollector.dll, TestPluginManager.CreateTestExtension: Attempting to load test extension: Microsoft.TestPlatform.Extensions.BlameDataCollector.BlameCollector
TpTrace Error: 0 : 2448, 1, 2021/11/24, 15:35:48.501, 1653572524757, datacollector.dll, The type "Microsoft.TestPlatform.Extensions.BlameDataCollector.BlameCollector" defined in "Microsoft.TestPlatform.Extensions.BlameDataCollector.dll" does not have ExtensionUri attribute.
TpTrace Information: 0 : 2448, 1, 2021/11/24, 15:35:48.507, 1653572581457, datacollector.dll, Listening on Endpoint : 127.0.0.1:64149
TpTrace Information: 0 : 2448, 1, 2021/11/24, 15:35:48.514, 1653572649026, datacollector.dll, DataCollectionRequestHandler.ProcessRequests : DataCollection started.
TpTrace Information: 0 : 2448, 1, 2021/11/24, 15:35:48.534, 1653572846909, datacollector.dll, DataCollectionRequestHandler.ProcessRequests : Datacollector received message: (DataCollection.TestHostLaunched) -> {
  "ProcessId": 4736
}
TpTrace Information: 0 : 2448, 5, 2021/11/24, 15:35:48.714, 1653574648132, datacollector.dll, Using the buffer size of 16384 bytes
TpTrace Information: 0 : 2448, 5, 2021/11/24, 15:35:48.714, 1653574649043, datacollector.dll, Accepted Client request and set the flag
TpTrace Information: 0 : 2448, 8, 2021/11/24, 15:35:49.096, 1653578475538, datacollector.dll, DataCollectionTestCaseEventHandler: Test case starting.
TpTrace Information: 0 : 2448, 8, 2021/11/24, 15:35:49.141, 1653578922407, datacollector.dll, Blame Collector : Test Case Start
TpTrace Information: 0 : 2448, 8, 2021/11/24, 15:35:49.142, 1653578927353, datacollector.dll, DataCollectionTestCaseEventHandler: Test case 'TestZamjenskiObjekat - cd075b4d-61b2-de77-403b-0cfb69a56f47' started.
TpTrace Information: 0 : 2448, 8, 2021/11/24, 15:35:49.195, 1653579459510, datacollector.dll, DataCollectionTestCaseEventHandler : Test case completing.
TpTrace Information: 0 : 2448, 8, 2021/11/24, 15:35:49.198, 1653579491504, datacollector.dll, Blame Collector : Test Case End
TpTrace Information: 0 : 2448, 8, 2021/11/24, 15:35:49.203, 1653579536485, datacollector.dll, DataCollectionTestCaseEventHandler: Test case 'TestZamjenskiObjekat - cd075b4d-61b2-de77-403b-0cfb69a56f47' completed
TpTrace Information: 0 : 2448, 8, 2021/11/24, 15:35:49.215, 1653579658973, datacollector.dll, DataCollectionTestCaseEventHandler: Test case starting.
TpTrace Information: 0 : 2448, 8, 2021/11/24, 15:35:49.215, 1653579665446, datacollector.dll, Blame Collector : Test Case Start
TpTrace Information: 0 : 2448, 8, 2021/11/24, 15:35:49.216, 1653579667664, datacollector.dll, DataCollectionTestCaseEventHandler: Test case 'ProljetnaNabavka - b51d3f41-b72b-1028-816b-1d654d5090ba' started.
TpTrace Information: 0 : 2448, 8, 2021/11/24, 15:35:49.244, 1653579950537, datacollector.dll, DataCollectionTestCaseEventHandler : Test case completing.
TpTrace Information: 0 : 2448, 8, 2021/11/24, 15:35:49.245, 1653579956434, datacollector.dll, Blame Collector : Test Case End
TpTrace Information: 0 : 2448, 8, 2021/11/24, 15:35:49.245, 1653579958038, datacollector.dll, DataCollectionTestCaseEventHandler: Test case 'ProljetnaNabavka - b51d3f41-b72b-1028-816b-1d654d5090ba' completed
TpTrace Information: 0 : 2448, 8, 2021/11/24, 15:35:49.246, 1653579967966, datacollector.dll, DataCollectionTestCaseEventHandler: Test case starting.
TpTrace Information: 0 : 2448, 8, 2021/11/24, 15:35:49.246, 1653579973187, datacollector.dll, Blame Collector : Test Case Start
TpTrace Information: 0 : 2448, 8, 2021/11/24, 15:35:49.246, 1653579974318, datacollector.dll, DataCollectionTestCaseEventHandler: Test case 'JesenjaNabavka - 8891ef0f-da64-c2a4-4354-33fdbaef8344' started.
TpTrace Information: 0 : 2448, 8, 2021/11/24, 15:35:49.250, 1653580013303, datacollector.dll, DataCollectionTestCaseEventHandler : Test case completing.
TpTrace Information: 0 : 2448, 8, 2021/11/24, 15:35:49.251, 1653580017334, datacollector.dll, Blame Collector : Test Case End
TpTrace Information: 0 : 2448, 8, 2021/11/24, 15:35:49.251, 1653580018619, datacollector.dll, DataCollectionTestCaseEventHandler: Test case 'JesenjaNabavka - 8891ef0f-da64-c2a4-4354-33fdbaef8344' completed
TpTrace Information: 0 : 2448, 8, 2021/11/24, 15:35:49.252, 1653580026547, datacollector.dll, DataCollectionTestCaseEventHandler: Test case starting.
TpTrace Information: 0 : 2448, 8, 2021/11/24, 15:35:49.254, 1653580054869, datacollector.dll, Blame Collector : Test Case Start
TpTrace Information: 0 : 2448, 8, 2021/11/24, 15:35:49.255, 1653580056796, datacollector.dll, DataCollectionTestCaseEventHandler: Test case 'NedozvoljenaNabavkaLjetiIliZimi - 3ff34b18-7204-1007-cf66-18bf2ac4d566' started.
TpTrace Information: 0 : 2448, 8, 2021/11/24, 15:35:49.257, 1653580082289, datacollector.dll, DataCollectionTestCaseEventHandler : Test case completing.
TpTrace Information: 0 : 2448, 8, 2021/11/24, 15:35:49.258, 1653580086352, datacollector.dll, Blame Collector : Test Case End
TpTrace Information: 0 : 2448, 8, 2021/11/24, 15:35:49.258, 1653580087742, datacollector.dll, DataCollectionTestCaseEventHandler: Test case 'NedozvoljenaNabavkaLjetiIliZimi - 3ff34b18-7204-1007-cf66-18bf2ac4d566' completed
TpTrace Information: 0 : 2448, 8, 2021/11/24, 15:35:49.258, 1653580096138, datacollector.dll, DataCollectionTestCaseEventHandler: Test case starting.
TpTrace Information: 0 : 2448, 8, 2021/11/24, 15:35:49.259, 1653580101983, datacollector.dll, Blame Collector : Test Case Start
TpTrace Information: 0 : 2448, 8, 2021/11/24, 15:35:49.259, 1653580104662, datacollector.dll, DataCollectionTestCaseEventHandler: Test case 'NedozvoljeneSrednjeNabavke - 40ed29d5-0464-2bd3-28a1-5980313a2e0b' started.
TpTrace Information: 0 : 2448, 8, 2021/11/24, 15:35:49.261, 1653580122871, datacollector.dll, DataCollectionTestCaseEventHandler : Test case completing.
TpTrace Information: 0 : 2448, 8, 2021/11/24, 15:35:49.262, 1653580128711, datacollector.dll, Blame Collector : Test Case End
TpTrace Information: 0 : 2448, 8, 2021/11/24, 15:35:49.262, 1653580131517, datacollector.dll, DataCollectionTestCaseEventHandler: Test case 'NedozvoljeneSrednjeNabavke - 40ed29d5-0464-2bd3-28a1-5980313a2e0b' completed
TpTrace Information: 0 : 2448, 8, 2021/11/24, 15:35:49.265, 1653580164931, datacollector.dll, DataCollectionTestCaseEventHandler: Test session ended
TpTrace Information: 0 : 2448, 1, 2021/11/24, 15:35:49.341, 1653580920689, datacollector.dll, DataCollectionRequestHandler.ProcessRequests : Datacollector received message: (DataCollection.AfterTestRunEnd) -> false
TpTrace Information: 0 : 2448, 1, 2021/11/24, 15:35:49.342, 1653580927651, datacollector.dll, Blame Collector : Session End
TpTrace Information: 0 : 2448, 1, 2021/11/24, 15:35:49.342, 1653580928566, datacollector.dll, BlameCollector.CollectDumpAndAbortTesthost: Custom path to dump directory was provided via VSTEST_DUMP_PATH. Skipping attachment upload, the caller is responsible for collecting and uploading the dumps themselves.
TpTrace Information: 0 : 2448, 1, 2021/11/24, 15:35:49.342, 1653580929661, datacollector.dll, DataCollectionManager.CleanupPlugins: CleanupPlugins called
TpTrace Verbose: 0 : 2448, 1, 2021/11/24, 15:35:49.342, 1653580930002, datacollector.dll, DataCollectionManager.CleanupPlugins: Cleaning up 1 plugins
TpTrace Verbose: 0 : 2448, 1, 2021/11/24, 15:35:49.342, 1653580930962, datacollector.dll, dataCollectorInfo.DisposeDataCollector: calling Dispose() on Microsoft.TestPlatform.Extensions.BlameDataCollector.BlameCollector
TpTrace Information: 0 : 2448, 1, 2021/11/24, 15:35:49.342, 1653580931524, datacollector.dll, DataCollectionManager.CleanupPlugins: CleanupPlugins finished
TpTrace Information: 0 : 2448, 1, 2021/11/24, 15:35:49.345, 1653580957547, datacollector.dll, DataCollectionRequestHandler.ProcessRequests : Session End message received from server. Closing the connection.
TpTrace Information: 0 : 2448, 1, 2021/11/24, 15:35:49.345, 1653580960692, datacollector.dll, Closing the connection !
TpTrace Information: 0 : 2448, 1, 2021/11/24, 15:35:49.345, 1653580961204, datacollector.dll, DataCollectionRequestHandler.ProcessRequests : DataCollection completed
TpTrace Information: 0 : 2448, 1, 2021/11/24, 15:35:49.345, 1653580961571, datacollector.dll, Program.Main: exiting datacollector process.
