TpTrace Verbose: 0 : 16596, 1, 2021/11/25, 22:14:08.703, 11335811882449, datacollector.dll, Version: 16.9.4
TpTrace Information: 0 : 16596, 1, 2021/11/25, 22:14:08.719, 11335811965687, datacollector.dll, DataCollectorMain.Run: Starting data collector run with args: --port,50800,--parentprocessid,564,--diag,C:\Users\LENOVO\Source\Repos\VVS-zadaca2\Zadatak 2\bin\Debug\net5.0\fine-code-coverage\coverage-tool-output\diagnostics.datacollector.21-11-25_22-14-08_34013_4.log,--tracelevel,4
TpTrace Information: 0 : 16596, 1, 2021/11/25, 22:14:08.719, 11335811967970, datacollector.dll, DataCollector: Monitoring parent process with id: '564'
TpTrace Information: 0 : 16596, 1, 2021/11/25, 22:14:08.734, 11335812124592, datacollector.dll, Trying to connect to server on socket : 127.0.0.1:50800 
TpTrace Verbose: 0 : 16596, 1, 2021/11/25, 22:14:08.784, 11335812619564, datacollector.dll, SocketCommunicationManager : SetupClientAsync : Attempting to connect to the server.
TpTrace Information: 0 : 16596, 4, 2021/11/25, 22:14:08.800, 11335812785142, datacollector.dll, Connected to the server successfully 
TpTrace Information: 0 : 16596, 4, 2021/11/25, 22:14:08.801, 11335812786738, datacollector.dll, Using the buffer size of 16384 bytes
TpTrace Information: 0 : 16596, 1, 2021/11/25, 22:14:08.945, 11335814228493, datacollector.dll, DataCollector: Start Request Processing.
TpTrace Information: 0 : 16596, 1, 2021/11/25, 22:14:08.954, 11335814322540, datacollector.dll, DataCollectionRequestHandler.ProcessRequests : Datacollector received message: (DataCollection.BeforeTestRunStart) -> {
  "SettingsXml": "<RunSettings><RunConfiguration><ResultsDirectory>C:\\Users\\LENOVO\\Source\\Repos\\VVS-zadaca2\\Zadatak 2\\bin\\Debug\\net5.0\\fine-code-coverage\\coverage-tool-output</ResultsDirectory><TargetPlatform>X64</TargetPlatform><TargetFrameworkVersion>.NETCoreApp,Version=v5.0</TargetFrameworkVersion><DesignMode>False</DesignMode><CollectSourceInformation>False</CollectSourceInformation><TestAdaptersPaths>C:\\Program Files\\dotnet\\sdk\\5.0.203\\Extensions</TestAdaptersPaths></RunConfiguration><LoggerRunSettings><Loggers><Logger friendlyName=\"blame\" enabled=\"True\" /><Logger friendlyName=\"Console\" uri=\"logger://microsoft/TestPlatform/ConsoleLogger/v1\" assemblyQualifiedName=\"Microsoft.VisualStudio.TestPlatform.CommandLine.Internal.ConsoleLogger, vstest.console, Version=15.0.0.0, Culture=neutral, PublicKeyToken=b03f5f7f11d50a3a\" codeBase=\"C:\\Program Files\\dotnet\\sdk\\5.0.203\\vstest.console.dll\" enabled=\"True\" /></Loggers></LoggerRunSettings><DataCollectionRunSettings><DataCollectors><DataCollector friendlyName=\"blame\" enabled=\"True\"><Configuration><ResultsDirectory>C:\\Users\\LENOVO\\Source\\Repos\\VVS-zadaca2\\Zadatak 2\\bin\\Debug\\net5.0\\fine-code-coverage\\coverage-tool-output</ResultsDirectory></Configuration></DataCollector></DataCollectors></DataCollectionRunSettings></RunSettings>",
  "Sources": [
    "C:\\Users\\LENOVO\\Source\\Repos\\VVS-zadaca2\\Zadatak 2\\bin\\Debug\\net5.0\\fine-code-coverage\\build-output\\Zadatak 2.dll"
  ],
  "IsTelemetryOptedIn": false
}
TpTrace Verbose: 0 : 16596, 1, 2021/11/25, 22:14:09.064, 11335815418522, datacollector.dll, TestPluginCache: Update extensions started. Skip filter = False
TpTrace Verbose: 0 : 16596, 1, 2021/11/25, 22:14:09.066, 11335815435931, datacollector.dll, TestPluginCache: Using directories for assembly resolution 'C:\Program Files\dotnet\sdk\5.0.203\Extensions'.
TpTrace Verbose: 0 : 16596, 1, 2021/11/25, 22:14:09.066, 11335815437577, datacollector.dll, TestPluginCache: Updated the available extensions to 'C:\Program Files\dotnet\sdk\5.0.203\Extensions\Microsoft.TestPlatform.Extensions.BlameDataCollector.dll,C:\Program Files\dotnet\sdk\5.0.203\Extensions\Microsoft.TestPlatform.Extensions.EventLogCollector.dll'.
TpTrace Verbose: 0 : 16596, 1, 2021/11/25, 22:14:09.074, 11335815524401, datacollector.dll, TestPluginCache.DiscoverTestExtensions: finding test extensions in assemblies ends with: Collector.dll TPluginInfo: Microsoft.VisualStudio.TestPlatform.Common.DataCollector.DataCollectorConfig TExtension: Microsoft.VisualStudio.TestPlatform.ObjectModel.DataCollection.DataCollector
TpTrace Verbose: 0 : 16596, 1, 2021/11/25, 22:14:09.075, 11335815529689, datacollector.dll, TestPluginCache.GetExtensionPaths: Filtered extension paths: C:\Program Files\dotnet\sdk\5.0.203\Extensions\Microsoft.TestPlatform.Extensions.BlameDataCollector.dll
C:\Program Files\dotnet\sdk\5.0.203\Extensions\Microsoft.TestPlatform.Extensions.EventLogCollector.dll
TpTrace Verbose: 0 : 16596, 1, 2021/11/25, 22:14:09.075, 11335815531285, datacollector.dll, TestPluginCache.GetExtensionPaths: Added default extension paths: 
TpTrace Verbose: 0 : 16596, 1, 2021/11/25, 22:14:09.075, 11335815532463, datacollector.dll, TestPluginCache.GetExtensionPaths: Added unfilterableExtensionPaths: 
TpTrace Information: 0 : 16596, 1, 2021/11/25, 22:14:09.077, 11335815545930, datacollector.dll, AssemblyResolver.ctor: Creating AssemblyResolver with searchDirectories C:\Program Files\dotnet\sdk\5.0.203\Extensions,C:\Program Files\dotnet\sdk\5.0.203
TpTrace Verbose: 0 : 16596, 1, 2021/11/25, 22:14:09.079, 11335815571699, datacollector.dll, TestPluginCache.DiscoverTestExtensions: Discovering the extensions using extension path.
TpTrace Verbose: 0 : 16596, 1, 2021/11/25, 22:14:09.080, 11335815575524, datacollector.dll, TestPluginCache.GetExtensionPaths: Filtered extension paths: C:\Program Files\dotnet\sdk\5.0.203\Extensions\Microsoft.TestPlatform.Extensions.BlameDataCollector.dll
C:\Program Files\dotnet\sdk\5.0.203\Extensions\Microsoft.TestPlatform.Extensions.EventLogCollector.dll
TpTrace Verbose: 0 : 16596, 1, 2021/11/25, 22:14:09.080, 11335815576921, datacollector.dll, TestPluginCache.GetExtensionPaths: Added default extension paths: 
TpTrace Verbose: 0 : 16596, 1, 2021/11/25, 22:14:09.080, 11335815578004, datacollector.dll, TestPluginCache.GetExtensionPaths: Added unfilterableExtensionPaths: 
TpTrace Verbose: 0 : 16596, 1, 2021/11/25, 22:14:09.080, 11335815579540, datacollector.dll, TestPluginCache.DiscoverTestExtensions: Discovering the extensions using allExtensionPaths: C:\Program Files\dotnet\sdk\5.0.203\Extensions\Microsoft.TestPlatform.Extensions.BlameDataCollector.dll
C:\Program Files\dotnet\sdk\5.0.203\Extensions\Microsoft.TestPlatform.Extensions.EventLogCollector.dll
TpTrace Information: 0 : 16596, 1, 2021/11/25, 22:14:09.080, 11335815582069, datacollector.dll, AssemblyResolver.AddSearchDirectories: Adding more searchDirectories C:\Program Files\dotnet\sdk\5.0.203\Extensions,C:\Program Files\dotnet\sdk\5.0.203
TpTrace Information: 0 : 16596, 1, 2021/11/25, 22:14:09.080, 11335815583767, datacollector.dll, AssemblyResolver.AddSearchDirectories: Adding more searchDirectories C:\Program Files\dotnet\sdk\5.0.203\Extensions,C:\Program Files\dotnet\sdk\5.0.203
TpTrace Information: 0 : 16596, 1, 2021/11/25, 22:14:09.081, 11335815593296, datacollector.dll, AssemblyResolver.OnResolve: Microsoft.TestPlatform.Extensions.BlameDataCollector: Resolving assembly.
TpTrace Information: 0 : 16596, 1, 2021/11/25, 22:14:09.083, 11335815609678, datacollector.dll, AssemblyResolver.OnResolve: Resolved assembly: Microsoft.TestPlatform.Extensions.BlameDataCollector, from path: C:\Program Files\dotnet\sdk\5.0.203\Extensions\Microsoft.TestPlatform.Extensions.BlameDataCollector.dll
TpTrace Error: 0 : 16596, 1, 2021/11/25, 22:14:09.084, 11335815622915, datacollector.dll, The type "Microsoft.TestPlatform.Extensions.BlameDataCollector.BlameCollector" defined in "Microsoft.TestPlatform.Extensions.BlameDataCollector.dll" does not have ExtensionUri attribute.
TpTrace Information: 0 : 16596, 1, 2021/11/25, 22:14:09.086, 11335815641196, datacollector.dll, AssemblyResolver.OnResolve: Microsoft.TestPlatform.Extensions.EventLogCollector: Resolving assembly.
TpTrace Information: 0 : 16596, 1, 2021/11/25, 22:14:09.088, 11335815656317, datacollector.dll, AssemblyResolver.OnResolve: Resolved assembly: Microsoft.TestPlatform.Extensions.EventLogCollector, from path: C:\Program Files\dotnet\sdk\5.0.203\Extensions\Microsoft.TestPlatform.Extensions.EventLogCollector.dll
TpTrace Error: 0 : 16596, 1, 2021/11/25, 22:14:09.092, 11335815695891, datacollector.dll, The type "Microsoft.TestPlatform.Extensions.EventLogCollector.EventLogDataCollector" defined in "Microsoft.TestPlatform.Extensions.EventLogCollector.dll" does not have ExtensionUri attribute.
TpTrace Verbose: 0 : 16596, 1, 2021/11/25, 22:14:09.092, 11335815704511, datacollector.dll, TestPluginCache: Discovered the extensions using extension path 'C:\Program Files\dotnet\sdk\5.0.203\Extensions\Microsoft.TestPlatform.Extensions.BlameDataCollector.dll,C:\Program Files\dotnet\sdk\5.0.203\Extensions\Microsoft.TestPlatform.Extensions.EventLogCollector.dll'.
TpTrace Verbose: 0 : 16596, 1, 2021/11/25, 22:14:09.093, 11335815706541, datacollector.dll, TestPluginCache: Discoverers are ''.
TpTrace Verbose: 0 : 16596, 1, 2021/11/25, 22:14:09.093, 11335815708005, datacollector.dll, TestPluginCache: Executors are ''.
TpTrace Verbose: 0 : 16596, 1, 2021/11/25, 22:14:09.093, 11335815709404, datacollector.dll, TestPluginCache: Executors2 are ''.
TpTrace Verbose: 0 : 16596, 1, 2021/11/25, 22:14:09.093, 11335815710808, datacollector.dll, TestPluginCache: Setting providers are ''.
TpTrace Verbose: 0 : 16596, 1, 2021/11/25, 22:14:09.093, 11335815712218, datacollector.dll, TestPluginCache: Loggers are ''.
TpTrace Information: 0 : 16596, 1, 2021/11/25, 22:14:09.095, 11335815731369, datacollector.dll, TestPluginManager.CreateTestExtension: Attempting to load test extension: Microsoft.TestPlatform.Extensions.BlameDataCollector.BlameCollector
TpTrace Error: 0 : 16596, 1, 2021/11/25, 22:14:09.096, 11335815744277, datacollector.dll, The type "Microsoft.TestPlatform.Extensions.BlameDataCollector.BlameCollector" defined in "Microsoft.TestPlatform.Extensions.BlameDataCollector.dll" does not have ExtensionUri attribute.
TpTrace Information: 0 : 16596, 1, 2021/11/25, 22:14:09.105, 11335815832946, datacollector.dll, Listening on Endpoint : 127.0.0.1:50802
TpTrace Information: 0 : 16596, 1, 2021/11/25, 22:14:09.126, 11335816036930, datacollector.dll, DataCollectionRequestHandler.ProcessRequests : DataCollection started.
TpTrace Information: 0 : 16596, 1, 2021/11/25, 22:14:09.161, 11335816392545, datacollector.dll, DataCollectionRequestHandler.ProcessRequests : Datacollector received message: (DataCollection.TestHostLaunched) -> {
  "ProcessId": 19460
}
TpTrace Information: 0 : 16596, 7, 2021/11/25, 22:14:09.538, 11335820160444, datacollector.dll, Using the buffer size of 16384 bytes
TpTrace Information: 0 : 16596, 7, 2021/11/25, 22:14:09.538, 11335820161980, datacollector.dll, Accepted Client request and set the flag
TpTrace Information: 0 : 16596, 8, 2021/11/25, 22:14:10.454, 11335829321471, datacollector.dll, DataCollectionTestCaseEventHandler: Test case starting.
TpTrace Information: 0 : 16596, 8, 2021/11/25, 22:14:10.535, 11335830131781, datacollector.dll, Blame Collector : Test Case Start
TpTrace Information: 0 : 16596, 8, 2021/11/25, 22:14:10.538, 11335830158725, datacollector.dll, DataCollectionTestCaseEventHandler: Test case 'TestZamjenskiObjekat - cd075b4d-61b2-de77-403b-0cfb69a56f47' started.
TpTrace Information: 0 : 16596, 8, 2021/11/25, 22:14:10.633, 11335831112195, datacollector.dll, DataCollectionTestCaseEventHandler : Test case completing.
TpTrace Information: 0 : 16596, 8, 2021/11/25, 22:14:10.637, 11335831150136, datacollector.dll, Blame Collector : Test Case End
TpTrace Information: 0 : 16596, 8, 2021/11/25, 22:14:10.645, 11335831231123, datacollector.dll, DataCollectionTestCaseEventHandler: Test case 'TestZamjenskiObjekat - cd075b4d-61b2-de77-403b-0cfb69a56f47' completed
TpTrace Information: 0 : 16596, 8, 2021/11/25, 22:14:10.660, 11335831380173, datacollector.dll, DataCollectionTestCaseEventHandler: Test case starting.
TpTrace Information: 0 : 16596, 8, 2021/11/25, 22:14:10.661, 11335831394629, datacollector.dll, Blame Collector : Test Case Start
TpTrace Information: 0 : 16596, 8, 2021/11/25, 22:14:10.662, 11335831397303, datacollector.dll, DataCollectionTestCaseEventHandler: Test case 'ProljetnaNabavka - b51d3f41-b72b-1028-816b-1d654d5090ba' started.
TpTrace Information: 0 : 16596, 8, 2021/11/25, 22:14:10.669, 11335831470965, datacollector.dll, DataCollectionTestCaseEventHandler : Test case completing.
TpTrace Information: 0 : 16596, 8, 2021/11/25, 22:14:10.670, 11335831478193, datacollector.dll, Blame Collector : Test Case End
TpTrace Information: 0 : 16596, 8, 2021/11/25, 22:14:10.670, 11335831482134, datacollector.dll, DataCollectionTestCaseEventHandler: Test case 'ProljetnaNabavka - b51d3f41-b72b-1028-816b-1d654d5090ba' completed
TpTrace Information: 0 : 16596, 8, 2021/11/25, 22:14:10.672, 11335831497357, datacollector.dll, DataCollectionTestCaseEventHandler: Test case starting.
TpTrace Information: 0 : 16596, 8, 2021/11/25, 22:14:10.673, 11335831510178, datacollector.dll, Blame Collector : Test Case Start
TpTrace Information: 0 : 16596, 8, 2021/11/25, 22:14:10.673, 11335831513014, datacollector.dll, DataCollectionTestCaseEventHandler: Test case 'JesenjaNabavka - 8891ef0f-da64-c2a4-4354-33fdbaef8344' started.
TpTrace Information: 0 : 16596, 8, 2021/11/25, 22:14:10.678, 11335831563201, datacollector.dll, DataCollectionTestCaseEventHandler : Test case completing.
TpTrace Information: 0 : 16596, 8, 2021/11/25, 22:14:10.679, 11335831568693, datacollector.dll, Blame Collector : Test Case End
TpTrace Information: 0 : 16596, 8, 2021/11/25, 22:14:10.679, 11335831570907, datacollector.dll, DataCollectionTestCaseEventHandler: Test case 'JesenjaNabavka - 8891ef0f-da64-c2a4-4354-33fdbaef8344' completed
TpTrace Information: 0 : 16596, 8, 2021/11/25, 22:14:10.681, 11335831587299, datacollector.dll, DataCollectionTestCaseEventHandler: Test case starting.
TpTrace Information: 0 : 16596, 8, 2021/11/25, 22:14:10.681, 11335831591027, datacollector.dll, Blame Collector : Test Case Start
TpTrace Information: 0 : 16596, 8, 2021/11/25, 22:14:10.682, 11335831601281, datacollector.dll, DataCollectionTestCaseEventHandler: Test case 'NedozvoljenaNabavkaLjetiIliZimi - 3ff34b18-7204-1007-cf66-18bf2ac4d566' started.
TpTrace Information: 0 : 16596, 8, 2021/11/25, 22:14:10.688, 11335831657518, datacollector.dll, DataCollectionTestCaseEventHandler : Test case completing.
TpTrace Information: 0 : 16596, 8, 2021/11/25, 22:14:10.688, 11335831662019, datacollector.dll, Blame Collector : Test Case End
TpTrace Information: 0 : 16596, 8, 2021/11/25, 22:14:10.688, 11335831663983, datacollector.dll, DataCollectionTestCaseEventHandler: Test case 'NedozvoljenaNabavkaLjetiIliZimi - 3ff34b18-7204-1007-cf66-18bf2ac4d566' completed
TpTrace Information: 0 : 16596, 8, 2021/11/25, 22:14:10.689, 11335831672835, datacollector.dll, DataCollectionTestCaseEventHandler: Test case starting.
TpTrace Information: 0 : 16596, 8, 2021/11/25, 22:14:10.690, 11335831676804, datacollector.dll, Blame Collector : Test Case Start
TpTrace Information: 0 : 16596, 8, 2021/11/25, 22:14:10.690, 11335831678579, datacollector.dll, DataCollectionTestCaseEventHandler: Test case 'NedozvoljeneSrednjeNabavke - 40ed29d5-0464-2bd3-28a1-5980313a2e0b' started.
TpTrace Information: 0 : 16596, 8, 2021/11/25, 22:14:10.692, 11335831701211, datacollector.dll, DataCollectionTestCaseEventHandler : Test case completing.
TpTrace Information: 0 : 16596, 8, 2021/11/25, 22:14:10.693, 11335831705844, datacollector.dll, Blame Collector : Test Case End
TpTrace Information: 0 : 16596, 8, 2021/11/25, 22:14:10.693, 11335831707841, datacollector.dll, DataCollectionTestCaseEventHandler: Test case 'NedozvoljeneSrednjeNabavke - 40ed29d5-0464-2bd3-28a1-5980313a2e0b' completed
TpTrace Information: 0 : 16596, 8, 2021/11/25, 22:14:10.707, 11335831851058, datacollector.dll, DataCollectionTestCaseEventHandler: Test session ended
TpTrace Information: 0 : 16596, 1, 2021/11/25, 22:14:10.868, 11335833460508, datacollector.dll, DataCollectionRequestHandler.ProcessRequests : Datacollector received message: (DataCollection.AfterTestRunEnd) -> false
TpTrace Information: 0 : 16596, 1, 2021/11/25, 22:14:10.869, 11335833469107, datacollector.dll, Blame Collector : Session End
TpTrace Information: 0 : 16596, 1, 2021/11/25, 22:14:10.869, 11335833470102, datacollector.dll, BlameCollector.CollectDumpAndAbortTesthost: Custom path to dump directory was provided via VSTEST_DUMP_PATH. Skipping attachment upload, the caller is responsible for collecting and uploading the dumps themselves.
TpTrace Information: 0 : 16596, 1, 2021/11/25, 22:14:10.869, 11335833472178, datacollector.dll, DataCollectionManager.CleanupPlugins: CleanupPlugins called
TpTrace Verbose: 0 : 16596, 1, 2021/11/25, 22:14:10.869, 11335833472916, datacollector.dll, DataCollectionManager.CleanupPlugins: Cleaning up 1 plugins
TpTrace Verbose: 0 : 16596, 1, 2021/11/25, 22:14:10.869, 11335833474185, datacollector.dll, dataCollectorInfo.DisposeDataCollector: calling Dispose() on Microsoft.TestPlatform.Extensions.BlameDataCollector.BlameCollector
TpTrace Information: 0 : 16596, 1, 2021/11/25, 22:14:10.869, 11335833475115, datacollector.dll, DataCollectionManager.CleanupPlugins: CleanupPlugins finished
TpTrace Information: 0 : 16596, 1, 2021/11/25, 22:14:10.873, 11335833506779, datacollector.dll, DataCollectionRequestHandler.ProcessRequests : Session End message received from server. Closing the connection.
TpTrace Information: 0 : 16596, 1, 2021/11/25, 22:14:10.873, 11335833510591, datacollector.dll, Closing the connection !
TpTrace Information: 0 : 16596, 1, 2021/11/25, 22:14:10.873, 11335833511594, datacollector.dll, DataCollectionRequestHandler.ProcessRequests : DataCollection completed
TpTrace Information: 0 : 16596, 1, 2021/11/25, 22:14:10.873, 11335833512419, datacollector.dll, Program.Main: exiting datacollector process.
