TpTrace Verbose: 0 : 19460, 1, 2021/11/25, 22:14:09.455, 11335819397766, testhost.dll, Version: 16.9.4
TpTrace Information: 0 : 19460, 1, 2021/11/25, 22:14:09.472, 11335819502285, testhost.dll, DefaultEngineInvoker.Invoke: Testhost process started with args :[--port, 50803],[--endpoint, 127.0.0.1:050803],[--role, client],[--parentprocessid, 564],[--diag, C:\Users\LENOVO\Source\Repos\VVS-zadaca2\Zadatak 2\bin\Debug\net5.0\fine-code-coverage\coverage-tool-output\diagnostics.host.21-11-25_22-14-09_14106_10.log],[--tracelevel, 4],[--datacollectionport, 50802],[--telemetryoptedin, false]
TpTrace Information: 0 : 19460, 1, 2021/11/25, 22:14:09.475, 11335819526757, testhost.dll, Setting up debug trace listener.
TpTrace Verbose: 0 : 19460, 1, 2021/11/25, 22:14:09.475, 11335819530712, testhost.dll, TestPlatformTraceListener.Setup: Replacing listener 0 with TestHostTraceListener.
TpTrace Verbose: 0 : 19460, 1, 2021/11/25, 22:14:09.475, 11335819532058, testhost.dll, TestPlatformTraceListener.Setup: Added test platform trace listener.
TpTrace Information: 0 : 19460, 1, 2021/11/25, 22:14:09.476, 11335819540838, testhost.dll, DefaultEngineInvoker.SetParentProcessExitCallback: Monitoring parent process with id: '564'
TpTrace Information: 0 : 19460, 1, 2021/11/25, 22:14:09.487, 11335819652354, testhost.dll, DefaultEngineInvoker.GetConnectionInfo: Initialize communication on endpoint address: '127.0.0.1:050803'
TpTrace Information: 0 : 19460, 1, 2021/11/25, 22:14:09.511, 11335819890723, testhost.dll, SocketClient.Start: connecting to server endpoint: 127.0.0.1:050803
TpTrace Information: 0 : 19460, 1, 2021/11/25, 22:14:09.525, 11335820029356, testhost.dll, DefaultEngineInvoker.ConnectToDatacollector: Connecting to datacollector, port: 50802
TpTrace Information: 0 : 19460, 5, 2021/11/25, 22:14:09.529, 11335820075110, testhost.dll, SocketClient.OnServerConnected: connected to server endpoint: 127.0.0.1:050803
TpTrace Verbose: 0 : 19460, 5, 2021/11/25, 22:14:09.532, 11335820101502, testhost.dll, Connected to server, and starting MessageLoopAsync
TpTrace Information: 0 : 19460, 1, 2021/11/25, 22:14:09.532, 11335820101378, testhost.dll, Trying to connect to server on socket : 127.0.0.1:50802 
TpTrace Verbose: 0 : 19460, 1, 2021/11/25, 22:14:09.533, 11335820107919, testhost.dll, SocketCommunicationManager : SetupClientAsync : Attempting to connect to the server.
TpTrace Verbose: 0 : 19460, 5, 2021/11/25, 22:14:09.537, 11335820150273, testhost.dll, TcpClientExtensions.MessageLoopAsync: Polling on remoteEndPoint: [::ffff:127.0.0.1]:50803 localEndPoint: [::ffff:127.0.0.1]:50804
TpTrace Information: 0 : 19460, 10, 2021/11/25, 22:14:09.537, 11335820152142, testhost.dll, Connected to the server successfully 
TpTrace Information: 0 : 19460, 10, 2021/11/25, 22:14:09.537, 11335820153746, testhost.dll, Using the buffer size of 16384 bytes
TpTrace Verbose: 0 : 19460, 5, 2021/11/25, 22:14:09.538, 11335820156461, testhost.dll, TcpClientExtensions.MessageLoopAsync: NotifyDataAvailable remoteEndPoint: [::ffff:127.0.0.1]:50803 localEndPoint: [::ffff:127.0.0.1]:50804
TpTrace Information: 0 : 19460, 1, 2021/11/25, 22:14:09.539, 11335820167851, testhost.dll, DefaultEngineInvoker.Invoke: Start Request Processing.
TpTrace Information: 0 : 19460, 11, 2021/11/25, 22:14:09.541, 11335820192445, testhost.dll, DefaultEngineInvoker.StartProcessingAsync: Connected to vstest.console, Starting process requests.
TpTrace Information: 0 : 19460, 5, 2021/11/25, 22:14:09.905, 11335823834764, testhost.dll, TestRequestHandler.ProcessRequests: received message: (ProtocolVersion) -> 5
TpTrace Verbose: 0 : 19460, 5, 2021/11/25, 22:14:09.970, 11335824480269, testhost.dll, TestRequestHandler.SendData:  sending data from testhost: {"Version":5,"MessageType":"TestSession.Message","Payload":{"MessageLevel":0,"Message":"Logging TestHost Diagnostics in file: C:\\Users\\LENOVO\\Source\\Repos\\VVS-zadaca2\\Zadatak 2\\bin\\Debug\\net5.0\\fine-code-coverage\\coverage-tool-output\\diagnostics.host.21-11-25_22-14-09_14106_10.log"}}
TpTrace Verbose: 0 : 19460, 5, 2021/11/25, 22:14:09.970, 11335824484457, testhost.dll, TcpClientExtensions.MessageLoopAsync: Polling on remoteEndPoint: [::ffff:127.0.0.1]:50803 localEndPoint: [::ffff:127.0.0.1]:50804
TpTrace Verbose: 0 : 19460, 5, 2021/11/25, 22:14:09.971, 11335824487524, testhost.dll, TcpClientExtensions.MessageLoopAsync: NotifyDataAvailable remoteEndPoint: [::ffff:127.0.0.1]:50803 localEndPoint: [::ffff:127.0.0.1]:50804
TpTrace Information: 0 : 19460, 5, 2021/11/25, 22:14:09.979, 11335824574515, testhost.dll, TestRequestHandler.ProcessRequests: received message: (TestExecution.Initialize) -> [
  "C:\\Users\\LENOVO\\Source\\Repos\\VVS-zadaca2\\Zadatak 2\\bin\\Debug\\net5.0\\fine-code-coverage\\build-output\\Microsoft.VisualStudio.TestPlatform.MSTest.TestAdapter.dll"
]
TpTrace Information: 0 : 19460, 5, 2021/11/25, 22:14:09.980, 11335824576966, testhost.dll, Execution Session Initialize.
TpTrace Verbose: 0 : 19460, 5, 2021/11/25, 22:14:09.989, 11335824672890, testhost.dll, TcpClientExtensions.MessageLoopAsync: Polling on remoteEndPoint: [::ffff:127.0.0.1]:50803 localEndPoint: [::ffff:127.0.0.1]:50804
TpTrace Verbose: 0 : 19460, 5, 2021/11/25, 22:14:09.989, 11335824674971, testhost.dll, TcpClientExtensions.MessageLoopAsync: NotifyDataAvailable remoteEndPoint: [::ffff:127.0.0.1]:50803 localEndPoint: [::ffff:127.0.0.1]:50804
TpTrace Information: 0 : 19460, 5, 2021/11/25, 22:14:09.996, 11335824738960, testhost.dll, TestRequestHandler.ProcessRequests: received message: (TestExecution.StartWithSources) -> {
  "AdapterSourceMap": {
    "_none_": [
      "C:\\Users\\LENOVO\\Source\\Repos\\VVS-zadaca2\\Zadatak 2\\bin\\Debug\\net5.0\\fine-code-coverage\\build-output\\Zadatak 2.dll"
    ]
  },
  "RunSettings": "<RunSettings>\r\n  <RunConfiguration>\r\n    <ResultsDirectory>C:\\Users\\LENOVO\\Source\\Repos\\VVS-zadaca2\\Zadatak 2\\bin\\Debug\\net5.0\\fine-code-coverage\\coverage-tool-output</ResultsDirectory>\r\n    <TargetPlatform>X64</TargetPlatform>\r\n    <TargetFrameworkVersion>.NETCoreApp,Version=v5.0</TargetFrameworkVersion>\r\n    <DesignMode>False</DesignMode>\r\n    <CollectSourceInformation>False</CollectSourceInformation>\r\n  </RunConfiguration>\r\n  <LoggerRunSettings>\r\n    <Loggers>\r\n      <Logger friendlyName=\"blame\" enabled=\"True\" />\r\n      <Logger friendlyName=\"Console\" uri=\"logger://microsoft/TestPlatform/ConsoleLogger/v1\" assemblyQualifiedName=\"Microsoft.VisualStudio.TestPlatform.CommandLine.Internal.ConsoleLogger, vstest.console, Version=15.0.0.0, Culture=neutral, PublicKeyToken=b03f5f7f11d50a3a\" codeBase=\"C:\\Program Files\\dotnet\\sdk\\5.0.203\\vstest.console.dll\" enabled=\"True\" />\r\n    </Loggers>\r\n  </LoggerRunSettings>\r\n  <DataCollectionRunSettings>\r\n    <DataCollectors>\r\n      <DataCollector friendlyName=\"blame\" enabled=\"True\">\r\n        <Configuration>\r\n          <ResultsDirectory>C:\\Users\\LENOVO\\Source\\Repos\\VVS-zadaca2\\Zadatak 2\\bin\\Debug\\net5.0\\fine-code-coverage\\coverage-tool-output</ResultsDirectory>\r\n        </Configuration>\r\n      </DataCollector>\r\n    </DataCollectors>\r\n  </DataCollectionRunSettings>\r\n</RunSettings>",
  "TestExecutionContext": {
    "FrequencyOfRunStatsChangeEvent": 10,
    "RunStatsChangeEventTimeout": "00:00:01.5000000",
    "InIsolation": false,
    "KeepAlive": false,
    "AreTestCaseLevelEventsRequired": false,
    "IsDebug": false,
    "TestCaseFilter": null,
    "FilterOptions": null
  },
  "Package": null
}
TpTrace Verbose: 0 : 19460, 4, 2021/11/25, 22:14:09.996, 11335824739310, testhost.dll, TestExecutorService: Loading the extensions
TpTrace Information: 0 : 19460, 5, 2021/11/25, 22:14:09.996, 11335824742711, testhost.dll, Execution started.
TpTrace Verbose: 0 : 19460, 4, 2021/11/25, 22:14:10.001, 11335824786852, testhost.dll, TestPluginCache.DiscoverTestExtensions: finding test extensions in assemblies ends with: TestAdapter.dll TPluginInfo: Microsoft.VisualStudio.TestPlatform.Common.ExtensionFramework.Utilities.TestExecutorPluginInformation TExtension: Microsoft.VisualStudio.TestPlatform.ObjectModel.Adapter.ITestExecutor
TpTrace Verbose: 0 : 19460, 4, 2021/11/25, 22:14:10.003, 11335824814212, testhost.dll, TestPluginCache.GetExtensionPaths: Filtered extension paths: 
TpTrace Verbose: 0 : 19460, 4, 2021/11/25, 22:14:10.004, 11335824821320, testhost.dll, TestPluginCache.GetExtensionPaths: Added default extension paths: C:\Users\LENOVO\Source\Repos\VVS-zadaca2\Zadatak 2\bin\Debug\net5.0\fine-code-coverage\build-output\Microsoft.VisualStudio.TestPlatform.MSTest.TestAdapter.dll
TpTrace Verbose: 0 : 19460, 4, 2021/11/25, 22:14:10.004, 11335824822750, testhost.dll, TestPluginCache.GetExtensionPaths: Added unfilterableExtensionPaths: 
TpTrace Information: 0 : 19460, 4, 2021/11/25, 22:14:10.009, 11335824866429, testhost.dll, AssemblyResolver.ctor: Creating AssemblyResolver with searchDirectories C:\Users\LENOVO\Source\Repos\VVS-zadaca2\Zadatak 2\bin\Debug\net5.0\fine-code-coverage\build-output
TpTrace Verbose: 0 : 19460, 4, 2021/11/25, 22:14:10.012, 11335824899959, testhost.dll, TestPluginCache.DiscoverTestExtensions: Discovering the extensions using extension path.
TpTrace Verbose: 0 : 19460, 4, 2021/11/25, 22:14:10.012, 11335824902970, testhost.dll, TestPluginCache.GetExtensionPaths: Filtered extension paths: 
TpTrace Verbose: 0 : 19460, 4, 2021/11/25, 22:14:10.012, 11335824904275, testhost.dll, TestPluginCache.GetExtensionPaths: Added default extension paths: C:\Users\LENOVO\Source\Repos\VVS-zadaca2\Zadatak 2\bin\Debug\net5.0\fine-code-coverage\build-output\Microsoft.VisualStudio.TestPlatform.MSTest.TestAdapter.dll
TpTrace Verbose: 0 : 19460, 4, 2021/11/25, 22:14:10.013, 11335824905432, testhost.dll, TestPluginCache.GetExtensionPaths: Added unfilterableExtensionPaths: 
TpTrace Verbose: 0 : 19460, 4, 2021/11/25, 22:14:10.013, 11335824907383, testhost.dll, TestPluginCache.DiscoverTestExtensions: Discovering the extensions using allExtensionPaths: C:\Users\LENOVO\Source\Repos\VVS-zadaca2\Zadatak 2\bin\Debug\net5.0\fine-code-coverage\build-output\Microsoft.VisualStudio.TestPlatform.MSTest.TestAdapter.dll
TpTrace Information: 0 : 19460, 4, 2021/11/25, 22:14:10.015, 11335824932463, testhost.dll, AssemblyResolver.AddSearchDirectories: Adding more searchDirectories C:\Users\LENOVO\Source\Repos\VVS-zadaca2\Zadatak 2\bin\Debug\net5.0\fine-code-coverage\build-output
TpTrace Information: 0 : 19460, 4, 2021/11/25, 22:14:10.027, 11335825054362, testhost.dll, AssemblyResolver.OnResolve: Microsoft.VisualStudio.TestPlatform.MSTest.TestAdapter: Resolving assembly.
TpTrace Information: 0 : 19460, 4, 2021/11/25, 22:14:10.032, 11335825096196, testhost.dll, AssemblyResolver.OnResolve: Resolved assembly: Microsoft.VisualStudio.TestPlatform.MSTest.TestAdapter, from path: C:\Users\LENOVO\Source\Repos\VVS-zadaca2\Zadatak 2\bin\Debug\net5.0\fine-code-coverage\build-output\Microsoft.VisualStudio.TestPlatform.MSTest.TestAdapter.dll
TpTrace Verbose: 0 : 19460, 4, 2021/11/25, 22:14:10.054, 11335825315606, testhost.dll, TestPluginCache: Discovered the extensions using extension path ''.
TpTrace Verbose: 0 : 19460, 5, 2021/11/25, 22:14:10.054, 11335825321363, testhost.dll, TcpClientExtensions.MessageLoopAsync: Polling on remoteEndPoint: [::ffff:127.0.0.1]:50803 localEndPoint: [::ffff:127.0.0.1]:50804
TpTrace Verbose: 0 : 19460, 4, 2021/11/25, 22:14:10.055, 11335825331359, testhost.dll, TestPluginCache: Discoverers are ''.
TpTrace Verbose: 0 : 19460, 4, 2021/11/25, 22:14:10.055, 11335825333296, testhost.dll, TestPluginCache: Executors are 'executor://MSTestAdapter/v2'.
TpTrace Verbose: 0 : 19460, 4, 2021/11/25, 22:14:10.056, 11335825335699, testhost.dll, TestPluginCache: Executors2 are ''.
TpTrace Verbose: 0 : 19460, 4, 2021/11/25, 22:14:10.056, 11335825338056, testhost.dll, TestPluginCache: Setting providers are ''.
TpTrace Verbose: 0 : 19460, 4, 2021/11/25, 22:14:10.056, 11335825340450, testhost.dll, TestPluginCache: Loggers are ''.
TpTrace Verbose: 0 : 19460, 4, 2021/11/25, 22:14:10.063, 11335825411642, testhost.dll, TestPluginCache.DiscoverTestExtensions: finding test extensions in assemblies ends with: TestAdapter.dll TPluginInfo: Microsoft.VisualStudio.TestPlatform.Common.ExtensionFramework.Utilities.TestExecutorPluginInformation2 TExtension: Microsoft.VisualStudio.TestPlatform.ObjectModel.Adapter.ITestExecutor2
TpTrace Verbose: 0 : 19460, 4, 2021/11/25, 22:14:10.064, 11335825416135, testhost.dll, TestPluginCache.GetExtensionPaths: Filtered extension paths: 
TpTrace Verbose: 0 : 19460, 4, 2021/11/25, 22:14:10.064, 11335825417169, testhost.dll, TestPluginCache.GetExtensionPaths: Added default extension paths: C:\Users\LENOVO\Source\Repos\VVS-zadaca2\Zadatak 2\bin\Debug\net5.0\fine-code-coverage\build-output\Microsoft.VisualStudio.TestPlatform.MSTest.TestAdapter.dll
TpTrace Verbose: 0 : 19460, 4, 2021/11/25, 22:14:10.064, 11335825418077, testhost.dll, TestPluginCache.GetExtensionPaths: Added unfilterableExtensionPaths: 
TpTrace Information: 0 : 19460, 4, 2021/11/25, 22:14:10.064, 11335825420617, testhost.dll, AssemblyResolver.AddSearchDirectories: Adding more searchDirectories C:\Users\LENOVO\Source\Repos\VVS-zadaca2\Zadatak 2\bin\Debug\net5.0\fine-code-coverage\build-output
TpTrace Verbose: 0 : 19460, 4, 2021/11/25, 22:14:10.064, 11335825421460, testhost.dll, TestPluginCache.DiscoverTestExtensions: Discovering the extensions using extension path.
TpTrace Verbose: 0 : 19460, 4, 2021/11/25, 22:14:10.064, 11335825422080, testhost.dll, TestPluginCache.GetExtensionPaths: Filtered extension paths: 
TpTrace Verbose: 0 : 19460, 4, 2021/11/25, 22:14:10.064, 11335825422646, testhost.dll, TestPluginCache.GetExtensionPaths: Added default extension paths: C:\Users\LENOVO\Source\Repos\VVS-zadaca2\Zadatak 2\bin\Debug\net5.0\fine-code-coverage\build-output\Microsoft.VisualStudio.TestPlatform.MSTest.TestAdapter.dll
TpTrace Verbose: 0 : 19460, 4, 2021/11/25, 22:14:10.064, 11335825423231, testhost.dll, TestPluginCache.GetExtensionPaths: Added unfilterableExtensionPaths: 
TpTrace Verbose: 0 : 19460, 4, 2021/11/25, 22:14:10.064, 11335825423809, testhost.dll, TestPluginCache.DiscoverTestExtensions: Discovering the extensions using allExtensionPaths: C:\Users\LENOVO\Source\Repos\VVS-zadaca2\Zadatak 2\bin\Debug\net5.0\fine-code-coverage\build-output\Microsoft.VisualStudio.TestPlatform.MSTest.TestAdapter.dll
TpTrace Information: 0 : 19460, 4, 2021/11/25, 22:14:10.064, 11335825424568, testhost.dll, AssemblyResolver.AddSearchDirectories: Adding more searchDirectories C:\Users\LENOVO\Source\Repos\VVS-zadaca2\Zadatak 2\bin\Debug\net5.0\fine-code-coverage\build-output
TpTrace Verbose: 0 : 19460, 4, 2021/11/25, 22:14:10.065, 11335825428549, testhost.dll, TestPluginCache: Discovered the extensions using extension path ''.
TpTrace Verbose: 0 : 19460, 4, 2021/11/25, 22:14:10.065, 11335825429335, testhost.dll, TestPluginCache: Discoverers are ''.
TpTrace Verbose: 0 : 19460, 4, 2021/11/25, 22:14:10.065, 11335825430110, testhost.dll, TestPluginCache: Executors are 'executor://MSTestAdapter/v2'.
TpTrace Verbose: 0 : 19460, 4, 2021/11/25, 22:14:10.065, 11335825431100, testhost.dll, TestPluginCache: Executors2 are ''.
TpTrace Verbose: 0 : 19460, 4, 2021/11/25, 22:14:10.065, 11335825431719, testhost.dll, TestPluginCache: Setting providers are ''.
TpTrace Verbose: 0 : 19460, 4, 2021/11/25, 22:14:10.065, 11335825432260, testhost.dll, TestPluginCache: Loggers are ''.
TpTrace Information: 0 : 19460, 4, 2021/11/25, 22:14:10.072, 11335825497182, testhost.dll, TestPluginManager.CreateTestExtension: Attempting to load test extension: Microsoft.VisualStudio.TestPlatform.MSTest.TestAdapter.MSTestExecutor
TpTrace Verbose: 0 : 19460, 4, 2021/11/25, 22:14:10.084, 11335825622911, testhost.dll, TestExecutorExtensionManager: Loading executor Microsoft.VisualStudio.TestPlatform.MSTest.TestAdapter.MSTestExecutor
TpTrace Verbose: 0 : 19460, 4, 2021/11/25, 22:14:10.084, 11335825624291, testhost.dll, TestExecutorService: Loaded the executors
TpTrace Verbose: 0 : 19460, 4, 2021/11/25, 22:14:10.086, 11335825635809, testhost.dll, TestPluginCache.DiscoverTestExtensions: finding test extensions in assemblies ends with: TestAdapter.dll TPluginInfo: Microsoft.VisualStudio.TestPlatform.Common.ExtensionFramework.Utilities.TestSettingsProviderPluginInformation TExtension: Microsoft.VisualStudio.TestPlatform.ObjectModel.Adapter.ISettingsProvider
TpTrace Verbose: 0 : 19460, 4, 2021/11/25, 22:14:10.086, 11335825638451, testhost.dll, TestPluginCache.GetExtensionPaths: Filtered extension paths: 
TpTrace Verbose: 0 : 19460, 4, 2021/11/25, 22:14:10.086, 11335825639244, testhost.dll, TestPluginCache.GetExtensionPaths: Added default extension paths: C:\Users\LENOVO\Source\Repos\VVS-zadaca2\Zadatak 2\bin\Debug\net5.0\fine-code-coverage\build-output\Microsoft.VisualStudio.TestPlatform.MSTest.TestAdapter.dll
TpTrace Verbose: 0 : 19460, 4, 2021/11/25, 22:14:10.086, 11335825639845, testhost.dll, TestPluginCache.GetExtensionPaths: Added unfilterableExtensionPaths: 
TpTrace Information: 0 : 19460, 4, 2021/11/25, 22:14:10.086, 11335825642414, testhost.dll, AssemblyResolver.AddSearchDirectories: Adding more searchDirectories C:\Users\LENOVO\Source\Repos\VVS-zadaca2\Zadatak 2\bin\Debug\net5.0\fine-code-coverage\build-output
TpTrace Verbose: 0 : 19460, 4, 2021/11/25, 22:14:10.086, 11335825643160, testhost.dll, TestPluginCache.DiscoverTestExtensions: Discovering the extensions using extension path.
TpTrace Verbose: 0 : 19460, 4, 2021/11/25, 22:14:10.086, 11335825643738, testhost.dll, TestPluginCache.GetExtensionPaths: Filtered extension paths: 
TpTrace Verbose: 0 : 19460, 4, 2021/11/25, 22:14:10.086, 11335825644288, testhost.dll, TestPluginCache.GetExtensionPaths: Added default extension paths: C:\Users\LENOVO\Source\Repos\VVS-zadaca2\Zadatak 2\bin\Debug\net5.0\fine-code-coverage\build-output\Microsoft.VisualStudio.TestPlatform.MSTest.TestAdapter.dll
TpTrace Verbose: 0 : 19460, 4, 2021/11/25, 22:14:10.086, 11335825644835, testhost.dll, TestPluginCache.GetExtensionPaths: Added unfilterableExtensionPaths: 
TpTrace Verbose: 0 : 19460, 4, 2021/11/25, 22:14:10.087, 11335825645406, testhost.dll, TestPluginCache.DiscoverTestExtensions: Discovering the extensions using allExtensionPaths: C:\Users\LENOVO\Source\Repos\VVS-zadaca2\Zadatak 2\bin\Debug\net5.0\fine-code-coverage\build-output\Microsoft.VisualStudio.TestPlatform.MSTest.TestAdapter.dll
TpTrace Information: 0 : 19460, 4, 2021/11/25, 22:14:10.087, 11335825646221, testhost.dll, AssemblyResolver.AddSearchDirectories: Adding more searchDirectories C:\Users\LENOVO\Source\Repos\VVS-zadaca2\Zadatak 2\bin\Debug\net5.0\fine-code-coverage\build-output
TpTrace Verbose: 0 : 19460, 4, 2021/11/25, 22:14:10.087, 11335825649871, testhost.dll, TestPluginCache: Discovered the extensions using extension path ''.
TpTrace Verbose: 0 : 19460, 4, 2021/11/25, 22:14:10.087, 11335825650621, testhost.dll, TestPluginCache: Discoverers are ''.
TpTrace Verbose: 0 : 19460, 4, 2021/11/25, 22:14:10.087, 11335825651195, testhost.dll, TestPluginCache: Executors are 'executor://MSTestAdapter/v2'.
TpTrace Verbose: 0 : 19460, 4, 2021/11/25, 22:14:10.087, 11335825651777, testhost.dll, TestPluginCache: Executors2 are ''.
TpTrace Verbose: 0 : 19460, 4, 2021/11/25, 22:14:10.087, 11335825652454, testhost.dll, TestPluginCache: Setting providers are ''.
TpTrace Verbose: 0 : 19460, 4, 2021/11/25, 22:14:10.087, 11335825653021, testhost.dll, TestPluginCache: Loggers are ''.
TpTrace Verbose: 0 : 19460, 4, 2021/11/25, 22:14:10.088, 11335825665121, testhost.dll, TestExecutorService: Loaded the settings providers
TpTrace Information: 0 : 19460, 4, 2021/11/25, 22:14:10.089, 11335825666267, testhost.dll, TestExecutorService: Loaded the extensions
TpTrace Information: 0 : 19460, 4, 2021/11/25, 22:14:10.270, 11335827479130, testhost.dll, TestDiscoveryManager: Discovering tests from sources C:\Users\LENOVO\Source\Repos\VVS-zadaca2\Zadatak 2\bin\Debug\net5.0\fine-code-coverage\build-output\Zadatak 2.dll
TpTrace Verbose: 0 : 19460, 4, 2021/11/25, 22:14:10.272, 11335827503833, testhost.dll, TestPluginCache.DiscoverTestExtensions: finding test extensions in assemblies ends with: TestAdapter.dll TPluginInfo: Microsoft.VisualStudio.TestPlatform.Common.ExtensionFramework.Utilities.TestDiscovererPluginInformation TExtension: Microsoft.VisualStudio.TestPlatform.ObjectModel.Adapter.ITestDiscoverer
TpTrace Verbose: 0 : 19460, 4, 2021/11/25, 22:14:10.273, 11335827506064, testhost.dll, TestPluginCache.GetExtensionPaths: Filtered extension paths: 
TpTrace Verbose: 0 : 19460, 4, 2021/11/25, 22:14:10.273, 11335827506871, testhost.dll, TestPluginCache.GetExtensionPaths: Added default extension paths: C:\Users\LENOVO\Source\Repos\VVS-zadaca2\Zadatak 2\bin\Debug\net5.0\fine-code-coverage\build-output\Microsoft.VisualStudio.TestPlatform.MSTest.TestAdapter.dll
TpTrace Verbose: 0 : 19460, 4, 2021/11/25, 22:14:10.273, 11335827507475, testhost.dll, TestPluginCache.GetExtensionPaths: Added unfilterableExtensionPaths: 
TpTrace Information: 0 : 19460, 4, 2021/11/25, 22:14:10.273, 11335827509506, testhost.dll, AssemblyResolver.AddSearchDirectories: Adding more searchDirectories C:\Users\LENOVO\Source\Repos\VVS-zadaca2\Zadatak 2\bin\Debug\net5.0\fine-code-coverage\build-output
TpTrace Verbose: 0 : 19460, 4, 2021/11/25, 22:14:10.273, 11335827510227, testhost.dll, TestPluginCache.DiscoverTestExtensions: Discovering the extensions using extension path.
TpTrace Verbose: 0 : 19460, 4, 2021/11/25, 22:14:10.273, 11335827510813, testhost.dll, TestPluginCache.GetExtensionPaths: Filtered extension paths: 
TpTrace Verbose: 0 : 19460, 4, 2021/11/25, 22:14:10.273, 11335827511367, testhost.dll, TestPluginCache.GetExtensionPaths: Added default extension paths: C:\Users\LENOVO\Source\Repos\VVS-zadaca2\Zadatak 2\bin\Debug\net5.0\fine-code-coverage\build-output\Microsoft.VisualStudio.TestPlatform.MSTest.TestAdapter.dll
TpTrace Verbose: 0 : 19460, 4, 2021/11/25, 22:14:10.273, 11335827511937, testhost.dll, TestPluginCache.GetExtensionPaths: Added unfilterableExtensionPaths: 
TpTrace Verbose: 0 : 19460, 4, 2021/11/25, 22:14:10.273, 11335827512516, testhost.dll, TestPluginCache.DiscoverTestExtensions: Discovering the extensions using allExtensionPaths: C:\Users\LENOVO\Source\Repos\VVS-zadaca2\Zadatak 2\bin\Debug\net5.0\fine-code-coverage\build-output\Microsoft.VisualStudio.TestPlatform.MSTest.TestAdapter.dll
TpTrace Information: 0 : 19460, 4, 2021/11/25, 22:14:10.273, 11335827513234, testhost.dll, AssemblyResolver.AddSearchDirectories: Adding more searchDirectories C:\Users\LENOVO\Source\Repos\VVS-zadaca2\Zadatak 2\bin\Debug\net5.0\fine-code-coverage\build-output
TpTrace Verbose: 0 : 19460, 4, 2021/11/25, 22:14:10.276, 11335827543704, testhost.dll, TestPluginCache: Discovered the extensions using extension path ''.
TpTrace Verbose: 0 : 19460, 4, 2021/11/25, 22:14:10.276, 11335827545193, testhost.dll, TestPluginCache: Discoverers are 'Microsoft.VisualStudio.TestPlatform.MSTest.TestAdapter.MSTestDiscoverer, Microsoft.VisualStudio.TestPlatform.MSTest.TestAdapter, Version=14.0.0.0, Culture=neutral, PublicKeyToken=b03f5f7f11d50a3a'.
TpTrace Verbose: 0 : 19460, 4, 2021/11/25, 22:14:10.277, 11335827545906, testhost.dll, TestPluginCache: Executors are 'executor://MSTestAdapter/v2'.
TpTrace Verbose: 0 : 19460, 4, 2021/11/25, 22:14:10.277, 11335827547300, testhost.dll, TestPluginCache: Executors2 are ''.
TpTrace Verbose: 0 : 19460, 4, 2021/11/25, 22:14:10.277, 11335827548174, testhost.dll, TestPluginCache: Setting providers are ''.
TpTrace Verbose: 0 : 19460, 4, 2021/11/25, 22:14:10.277, 11335827548941, testhost.dll, TestPluginCache: Loggers are ''.
TpTrace Verbose: 0 : 19460, 4, 2021/11/25, 22:14:10.284, 11335827624784, testhost.dll, BaseRunTests.RunTestInternalWithExecutors: Running tests for executor://MSTestAdapter/v2
TpTrace Information: 0 : 19460, 4, 2021/11/25, 22:14:10.285, 11335827632284, testhost.dll, AssemblyResolver.OnResolve: Microsoft.VisualStudio.TestPlatform.MSTestAdapter.PlatformServices.Interface: Resolving assembly.
TpTrace Information: 0 : 19460, 4, 2021/11/25, 22:14:10.286, 11335827642010, testhost.dll, AssemblyResolver.OnResolve: Resolved assembly: Microsoft.VisualStudio.TestPlatform.MSTestAdapter.PlatformServices.Interface, from path: C:\Users\LENOVO\Source\Repos\VVS-zadaca2\Zadatak 2\bin\Debug\net5.0\fine-code-coverage\build-output\Microsoft.VisualStudio.TestPlatform.MSTestAdapter.PlatformServices.Interface.dll
TpTrace Information: 0 : 19460, 4, 2021/11/25, 22:14:10.288, 11335827657263, testhost.dll, AssemblyResolver.OnResolve: Microsoft.VisualStudio.TestPlatform.MSTestAdapter.PlatformServices: Resolving assembly.
TpTrace Information: 0 : 19460, 4, 2021/11/25, 22:14:10.289, 11335827670891, testhost.dll, AssemblyResolver.OnResolve: Resolved assembly: Microsoft.VisualStudio.TestPlatform.MSTestAdapter.PlatformServices, from path: C:\Users\LENOVO\Source\Repos\VVS-zadaca2\Zadatak 2\bin\Debug\net5.0\fine-code-coverage\build-output\Microsoft.VisualStudio.TestPlatform.MSTestAdapter.PlatformServices.dll
TpTrace Information: 0 : 19460, 4, 2021/11/25, 22:14:10.290, 11335827678493, testhost.dll, MSTest - MSTestExecutor.RunTests: Running tests from sources.
TpTrace Information: 0 : 19460, 4, 2021/11/25, 22:14:10.295, 11335827732429, testhost.dll, MSTest - CollectSourceInformation value Found : False 
TpTrace Information: 0 : 19460, 4, 2021/11/25, 22:14:10.319, 11335827969904, testhost.dll, AssemblyResolver.OnResolve: Microsoft.TestPlatform.AdapterUtilities: Resolving assembly.
TpTrace Information: 0 : 19460, 4, 2021/11/25, 22:14:10.320, 11335827979265, testhost.dll, AssemblyResolver.OnResolve: Resolved assembly: Microsoft.TestPlatform.AdapterUtilities, from path: C:\Users\LENOVO\Source\Repos\VVS-zadaca2\Zadatak 2\bin\Debug\net5.0\fine-code-coverage\build-output\Microsoft.TestPlatform.AdapterUtilities.dll
TpTrace Information: 0 : 19460, 4, 2021/11/25, 22:14:10.339, 11335828168984, testhost.dll, MSTest - MSTestDiscoverer: Found 5 tests from source C:\Users\LENOVO\Source\Repos\VVS-zadaca2\Zadatak 2\bin\Debug\net5.0\fine-code-coverage\build-output\Zadatak 2.dll
TpTrace Information: 0 : 19460, 4, 2021/11/25, 22:14:10.370, 11335828484771, testhost.dll, AssemblyResolver.OnResolve: Microsoft.VisualStudio.TestPlatform.MSTestAdapter.PlatformServices.resources: Resolving assembly.
TpTrace Information: 0 : 19460, 4, 2021/11/25, 22:14:10.371, 11335828488881, testhost.dll, AssemblyResolver.OnResolve: Microsoft.VisualStudio.TestPlatform.MSTestAdapter.PlatformServices.resources: Failed to load assembly.
TpTrace Information: 0 : 19460, 4, 2021/11/25, 22:14:10.372, 11335828496263, testhost.dll, AssemblyResolver.OnResolve: Microsoft.VisualStudio.TestPlatform.MSTestAdapter.PlatformServices.resources: Resolving assembly.
TpTrace Information: 0 : 19460, 4, 2021/11/25, 22:14:10.372, 11335828497469, testhost.dll, AssemblyResolver.OnResolve: Microsoft.VisualStudio.TestPlatform.MSTestAdapter.PlatformServices.resources: Resolved from cache.
TpTrace Information: 0 : 19460, 4, 2021/11/25, 22:14:10.400, 11335828784048, testhost.dll, MSTest - Created unit-test runner C:\Users\LENOVO\Source\Repos\VVS-zadaca2\Zadatak 2\bin\Debug\net5.0\fine-code-coverage\build-output\Zadatak 2.dll
TpTrace Verbose: 0 : 19460, 4, 2021/11/25, 22:14:10.407, 11335828852739, testhost.dll, TestExecutionRecorder.RecordStart: Starting test: Zadatak_2.TDD.TestZamjenskiObjekat.
TpTrace Information: 0 : 19460, 4, 2021/11/25, 22:14:10.538, 11335830161381, testhost.dll, MSTest - Executing test TestZamjenskiObjekat
TpTrace Information: 0 : 19460, 4, 2021/11/25, 22:14:10.615, 11335830932313, testhost.dll, MSTest - Executed test TestZamjenskiObjekat
TpTrace Verbose: 0 : 19460, 4, 2021/11/25, 22:14:10.628, 11335831056158, testhost.dll, TestExecutionRecorder.RecordEnd: test: Zadatak_2.TDD.TestZamjenskiObjekat execution completed.
TpTrace Verbose: 0 : 19460, 4, 2021/11/25, 22:14:10.653, 11335831309467, testhost.dll, TestExecutionRecorder.RecordResult: Received result for test: Zadatak_2.TDD.TestZamjenskiObjekat.
TpTrace Warning: 0 : 19460, 4, 2021/11/25, 22:14:10.658, 11335831361772, testhost.dll, TestRunCache: InProgressTests is null
TpTrace Warning: 0 : 19460, 4, 2021/11/25, 22:14:10.658, 11335831364840, testhost.dll, TestRunCache: No test found corresponding to testResult '' in inProgress list.
TpTrace Verbose: 0 : 19460, 4, 2021/11/25, 22:14:10.659, 11335831366026, testhost.dll, TestExecutionRecorder.RecordStart: Starting test: Zadatak_2.TDD.ProljetnaNabavka.
TpTrace Information: 0 : 19460, 4, 2021/11/25, 22:14:10.662, 11335831397858, testhost.dll, MSTest - Executing test ProljetnaNabavka
TpTrace Information: 0 : 19460, 4, 2021/11/25, 22:14:10.668, 11335831462121, testhost.dll, MSTest - Executed test ProljetnaNabavka
TpTrace Verbose: 0 : 19460, 4, 2021/11/25, 22:14:10.668, 11335831463651, testhost.dll, TestExecutionRecorder.RecordEnd: test: Zadatak_2.TDD.ProljetnaNabavka execution completed.
TpTrace Verbose: 0 : 19460, 4, 2021/11/25, 22:14:10.670, 11335831482637, testhost.dll, TestExecutionRecorder.RecordResult: Received result for test: Zadatak_2.TDD.ProljetnaNabavka.
TpTrace Warning: 0 : 19460, 4, 2021/11/25, 22:14:10.670, 11335831484173, testhost.dll, TestRunCache: InProgressTests is null
TpTrace Warning: 0 : 19460, 4, 2021/11/25, 22:14:10.670, 11335831484818, testhost.dll, TestRunCache: No test found corresponding to testResult '' in inProgress list.
TpTrace Verbose: 0 : 19460, 4, 2021/11/25, 22:14:10.671, 11335831485569, testhost.dll, TestExecutionRecorder.RecordStart: Starting test: Zadatak_2.TDD.JesenjaNabavka.
TpTrace Information: 0 : 19460, 4, 2021/11/25, 22:14:10.673, 11335831513248, testhost.dll, MSTest - Executing test JesenjaNabavka
TpTrace Information: 0 : 19460, 4, 2021/11/25, 22:14:10.675, 11335831532724, testhost.dll, MSTest - Executed test JesenjaNabavka
TpTrace Verbose: 0 : 19460, 4, 2021/11/25, 22:14:10.675, 11335831533907, testhost.dll, TestExecutionRecorder.RecordEnd: test: Zadatak_2.TDD.JesenjaNabavka execution completed.
TpTrace Verbose: 0 : 19460, 4, 2021/11/25, 22:14:10.679, 11335831571904, testhost.dll, TestExecutionRecorder.RecordResult: Received result for test: Zadatak_2.TDD.JesenjaNabavka.
TpTrace Warning: 0 : 19460, 4, 2021/11/25, 22:14:10.679, 11335831573593, testhost.dll, TestRunCache: InProgressTests is null
TpTrace Warning: 0 : 19460, 4, 2021/11/25, 22:14:10.679, 11335831574736, testhost.dll, TestRunCache: No test found corresponding to testResult '' in inProgress list.
TpTrace Verbose: 0 : 19460, 4, 2021/11/25, 22:14:10.680, 11335831576098, testhost.dll, TestExecutionRecorder.RecordStart: Starting test: Zadatak_2.TDD.NedozvoljenaNabavkaLjetiIliZimi.
TpTrace Information: 0 : 19460, 4, 2021/11/25, 22:14:10.682, 11335831601751, testhost.dll, MSTest - Executing test NedozvoljenaNabavkaLjetiIliZimi
TpTrace Information: 0 : 19460, 4, 2021/11/25, 22:14:10.687, 11335831649217, testhost.dll, MSTest - Executed test NedozvoljenaNabavkaLjetiIliZimi
TpTrace Verbose: 0 : 19460, 4, 2021/11/25, 22:14:10.687, 11335831650576, testhost.dll, TestExecutionRecorder.RecordEnd: test: Zadatak_2.TDD.NedozvoljenaNabavkaLjetiIliZimi execution completed.
TpTrace Verbose: 0 : 19460, 4, 2021/11/25, 22:14:10.688, 11335831664367, testhost.dll, TestExecutionRecorder.RecordResult: Received result for test: Zadatak_2.TDD.NedozvoljenaNabavkaLjetiIliZimi.
TpTrace Warning: 0 : 19460, 4, 2021/11/25, 22:14:10.689, 11335831665584, testhost.dll, TestRunCache: InProgressTests is null
TpTrace Warning: 0 : 19460, 4, 2021/11/25, 22:14:10.689, 11335831666228, testhost.dll, TestRunCache: No test found corresponding to testResult '' in inProgress list.
TpTrace Verbose: 0 : 19460, 4, 2021/11/25, 22:14:10.689, 11335831667077, testhost.dll, TestExecutionRecorder.RecordStart: Starting test: Zadatak_2.TDD.NedozvoljeneSrednjeNabavke.
TpTrace Information: 0 : 19460, 4, 2021/11/25, 22:14:10.690, 11335831678755, testhost.dll, MSTest - Executing test NedozvoljeneSrednjeNabavke
TpTrace Information: 0 : 19460, 4, 2021/11/25, 22:14:10.691, 11335831693407, testhost.dll, MSTest - Executed test NedozvoljeneSrednjeNabavke
TpTrace Verbose: 0 : 19460, 4, 2021/11/25, 22:14:10.691, 11335831694582, testhost.dll, TestExecutionRecorder.RecordEnd: test: Zadatak_2.TDD.NedozvoljeneSrednjeNabavke execution completed.
TpTrace Verbose: 0 : 19460, 4, 2021/11/25, 22:14:10.693, 11335831708197, testhost.dll, TestExecutionRecorder.RecordResult: Received result for test: Zadatak_2.TDD.NedozvoljeneSrednjeNabavke.
TpTrace Warning: 0 : 19460, 4, 2021/11/25, 22:14:10.693, 11335831709407, testhost.dll, TestRunCache: InProgressTests is null
TpTrace Warning: 0 : 19460, 4, 2021/11/25, 22:14:10.693, 11335831710786, testhost.dll, TestRunCache: No test found corresponding to testResult '' in inProgress list.
TpTrace Information: 0 : 19460, 4, 2021/11/25, 22:14:10.693, 11335831714113, testhost.dll, MSTest - Executing cleanup methods.
TpTrace Information: 0 : 19460, 4, 2021/11/25, 22:14:10.696, 11335831741826, testhost.dll, MSTest - Executed cleanup methods.
TpTrace Information: 0 : 19460, 4, 2021/11/25, 22:14:10.696, 11335831743709, testhost.dll, MSTest - Executed tests belonging to source C:\Users\LENOVO\Source\Repos\VVS-zadaca2\Zadatak 2\bin\Debug\net5.0\fine-code-coverage\build-output\Zadatak 2.dll
TpTrace Information: 0 : 19460, 4, 2021/11/25, 22:14:10.697, 11335831751320, testhost.dll, Deleting deployment directory C:\Users\LENOVO\Source\Repos\VVS-zadaca2\Zadatak 2\bin\Debug\net5.0\fine-code-coverage\coverage-tool-output\Deploy_LENOVO 2021-11-25 22_14_10
TpTrace Information: 0 : 19460, 4, 2021/11/25, 22:14:10.703, 11335831807383, testhost.dll, Deleted deployment directory C:\Users\LENOVO\Source\Repos\VVS-zadaca2\Zadatak 2\bin\Debug\net5.0\fine-code-coverage\coverage-tool-output\Deploy_LENOVO 2021-11-25 22_14_10
TpTrace Verbose: 0 : 19460, 4, 2021/11/25, 22:14:10.704, 11335831819893, testhost.dll, BaseRunTests.RunTestInternalWithExecutors: Completed running tests for executor://MSTestAdapter/v2
TpTrace Information: 0 : 19460, 4, 2021/11/25, 22:14:10.714, 11335831918373, testhost.dll, Sending test run complete
TpTrace Verbose: 0 : 19460, 4, 2021/11/25, 22:14:10.803, 11335832806392, testhost.dll, TestRequestHandler.SendData:  sending data from testhost: {"Version":5,"MessageType":"TestExecution.Completed","Payload":{"TestRunCompleteArgs":{"TestRunStatistics":{"ExecutedTests":5,"Stats":{"Passed":5}},"IsCanceled":false,"IsAborted":false,"Error":null,"AttachmentSets":[],"ElapsedTimeInRunningTests":"00:00:00.4244534","Metrics":{}},"LastRunTests":{"NewTestResults":[{"TestCase":{"Id":"cd075b4d-61b2-de77-403b-0cfb69a56f47","FullyQualifiedName":"Zadatak_2.TDD.TestZamjenskiObjekat","DisplayName":"TestZamjenskiObjekat","ExecutorUri":"executor://MSTestAdapter/v2","Source":"C:\\Users\\LENOVO\\Source\\Repos\\VVS-zadaca2\\Zadatak 2\\bin\\Debug\\net5.0\\fine-code-coverage\\build-output\\Zadatak 2.dll","CodeFilePath":null,"LineNumber":-1,"Properties":[{"Key":{"Id":"TestCase.ManagedType","Label":"ManagedType","Category":"","Description":"","Attributes":1,"ValueType":"System.String"},"Value":"Zadatak_2.TDD"},{"Key":{"Id":"TestCase.ManagedMethod","Label":"ManagedMethod","Category":"","Description":"","Attributes":1,"ValueType":"System.String"},"Value":"TestZamjenskiObjekat"},{"Key":{"Id":"MSTestDiscoverer.TestClassName","Label":"ClassName","Category":"","Description":"","Attributes":1,"ValueType":"System.String"},"Value":"Zadatak_2.TDD"},{"Key":{"Id":"TestObject.Traits","Label":"Traits","Category":"","Description":"","Attributes":5,"ValueType":"System.Collections.Generic.KeyValuePair`2[[System.String],[System.String]][]"},"Value":[]}]},"Attachments":[],"Outcome":1,"ErrorMessage":null,"ErrorStackTrace":null,"DisplayName":null,"Messages":[],"ComputerName":null,"Duration":"00:00:00.0282871","StartTime":"2021-11-25T22:14:10.5384799+01:00","EndTime":"2021-11-25T22:14:10.6158849+01:00","Properties":[{"Key":{"Id":"ExecutionId","Label":"ExecutionId","Category":"","Description":"","Attributes":1,"ValueType":"System.Guid"},"Value":"00000000-0000-0000-0000-000000000000"},{"Key":{"Id":"ParentExecId","Label":"ParentExecId","Category":"","Description":"","Attributes":1,"ValueType":"System.Guid"},"Value":"00000000-0000-0000-0000-000000000000"},{"Key":{"Id":"InnerResultsCount","Label":"InnerResultsCount","Category":"","Description":"","Attributes":1,"ValueType":"System.Int32"},"Value":0}]},{"TestCase":{"Id":"b51d3f41-b72b-1028-816b-1d654d5090ba","FullyQualifiedName":"Zadatak_2.TDD.ProljetnaNabavka","DisplayName":"ProljetnaNabavka","ExecutorUri":"executor://MSTestAdapter/v2","Source":"C:\\Users\\LENOVO\\Source\\Repos\\VVS-zadaca2\\Zadatak 2\\bin\\Debug\\net5.0\\fine-code-coverage\\build-output\\Zadatak 2.dll","CodeFilePath":null,"LineNumber":-1,"Properties":[{"Key":{"Id":"TestCase.ManagedType","Label":"ManagedType","Category":"","Description":"","Attributes":1,"ValueType":"System.String"},"Value":"Zadatak_2.TDD"},{"Key":{"Id":"TestCase.ManagedMethod","Label":"ManagedMethod","Category":"","Description":"","Attributes":1,"ValueType":"System.String"},"Value":"ProljetnaNabavka"},{"Key":{"Id":"MSTestDiscoverer.TestClassName","Label":"ClassName","Category":"","Description":"","Attributes":1,"ValueType":"System.String"},"Value":"Zadatak_2.TDD"},{"Key":{"Id":"TestObject.Traits","Label":"Traits","Category":"","Description":"","Attributes":5,"ValueType":"System.Collections.Generic.KeyValuePair`2[[System.String],[System.String]][]"},"Value":[]}]},"Attachments":[],"Outcome":1,"ErrorMessage":null,"ErrorStackTrace":null,"DisplayName":null,"Messages":[],"ComputerName":null,"Duration":"00:00:00.0059312","StartTime":"2021-11-25T22:14:10.6622378+01:00","EndTime":"2021-11-25T22:14:10.6687937+01:00","Properties":[{"Key":{"Id":"ExecutionId","Label":"ExecutionId","Category":"","Description":"","Attributes":1,"ValueType":"System.Guid"},"Value":"00000000-0000-0000-0000-000000000000"},{"Key":{"Id":"ParentExecId","Label":"ParentExecId","Category":"","Description":"","Attributes":1,"ValueType":"System.Guid"},"Value":"00000000-0000-0000-0000-000000000000"},{"Key":{"Id":"InnerResultsCount","Label":"InnerResultsCount","Category":"","Description":"","Attributes":1,"ValueType":"System.Int32"},"Value":0}]},{"TestCase":{"Id":"8891ef0f-da64-c2a4-4354-33fdbaef8344","FullyQualifiedName":"Zadatak_2.TDD.JesenjaNabavka","DisplayName":"JesenjaNabavka","ExecutorUri":"executor://MSTestAdapter/v2","Source":"C:\\Users\\LENOVO\\Source\\Repos\\VVS-zadaca2\\Zadatak 2\\bin\\Debug\\net5.0\\fine-code-coverage\\build-output\\Zadatak 2.dll","CodeFilePath":null,"LineNumber":-1,"Properties":[{"Key":{"Id":"TestCase.ManagedType","Label":"ManagedType","Category":"","Description":"","Attributes":1,"ValueType":"System.String"},"Value":"Zadatak_2.TDD"},{"Key":{"Id":"TestCase.ManagedMethod","Label":"ManagedMethod","Category":"","Description":"","Attributes":1,"ValueType":"System.String"},"Value":"JesenjaNabavka"},{"Key":{"Id":"MSTestDiscoverer.TestClassName","Label":"ClassName","Category":"","Description":"","Attributes":1,"ValueType":"System.String"},"Value":"Zadatak_2.TDD"},{"Key":{"Id":"TestObject.Traits","Label":"Traits","Category":"","Description":"","Attributes":5,"ValueType":"System.Collections.Generic.KeyValuePair`2[[System.String],[System.String]][]"},"Value":[]}]},"Attachments":[],"Outcome":1,"ErrorMessage":null,"ErrorStackTrace":null,"DisplayName":null,"Messages":[],"ComputerName":null,"Duration":"00:00:00.0017077","StartTime":"2021-11-25T22:14:10.6737856+01:00","EndTime":"2021-11-25T22:14:10.6758441+01:00","Properties":[{"Key":{"Id":"ExecutionId","Label":"ExecutionId","Category":"","Description":"","Attributes":1,"ValueType":"System.Guid"},"Value":"00000000-0000-0000-0000-000000000000"},{"Key":{"Id":"ParentExecId","Label":"ParentExecId","Category":"","Description":"","Attributes":1,"ValueType":"System.Guid"},"Value":"00000000-0000-0000-0000-000000000000"},{"Key":{"Id":"InnerResultsCount","Label":"InnerResultsCount","Category":"","Description":"","Attributes":1,"ValueType":"System.Int32"},"Value":0}]},{"TestCase":{"Id":"3ff34b18-7204-1007-cf66-18bf2ac4d566","FullyQualifiedName":"Zadatak_2.TDD.NedozvoljenaNabavkaLjetiIliZimi","DisplayName":"NedozvoljenaNabavkaLjetiIliZimi","ExecutorUri":"executor://MSTestAdapter/v2","Source":"C:\\Users\\LENOVO\\Source\\Repos\\VVS-zadaca2\\Zadatak 2\\bin\\Debug\\net5.0\\fine-code-coverage\\build-output\\Zadatak 2.dll","CodeFilePath":null,"LineNumber":-1,"Properties":[{"Key":{"Id":"TestCase.ManagedType","Label":"ManagedType","Category":"","Description":"","Attributes":1,"ValueType":"System.String"},"Value":"Zadatak_2.TDD"},{"Key":{"Id":"TestCase.ManagedMethod","Label":"ManagedMethod","Category":"","Description":"","Attributes":1,"ValueType":"System.String"},"Value":"NedozvoljenaNabavkaLjetiIliZimi"},{"Key":{"Id":"MSTestDiscoverer.TestClassName","Label":"ClassName","Category":"","Description":"","Attributes":1,"ValueType":"System.String"},"Value":"Zadatak_2.TDD"},{"Key":{"Id":"TestObject.Traits","Label":"Traits","Category":"","Description":"","Attributes":5,"ValueType":"System.Collections.Generic.KeyValuePair`2[[System.String],[System.String]][]"},"Value":[]}]},"Attachments":[],"Outcome":1,"ErrorMessage":null,"ErrorStackTrace":null,"DisplayName":null,"Messages":[],"ComputerName":null,"Duration":"00:00:00.0042124","StartTime":"2021-11-25T22:14:10.6826274+01:00","EndTime":"2021-11-25T22:14:10.6875109+01:00","Properties":[{"Key":{"Id":"ExecutionId","Label":"ExecutionId","Category":"","Description":"","Attributes":1,"ValueType":"System.Guid"},"Value":"00000000-0000-0000-0000-000000000000"},{"Key":{"Id":"ParentExecId","Label":"ParentExecId","Category":"","Description":"","Attributes":1,"ValueType":"System.Guid"},"Value":"00000000-0000-0000-0000-000000000000"},{"Key":{"Id":"InnerResultsCount","Label":"InnerResultsCount","Category":"","Description":"","Attributes":1,"ValueType":"System.Int32"},"Value":0}]},{"TestCase":{"Id":"40ed29d5-0464-2bd3-28a1-5980313a2e0b","FullyQualifiedName":"Zadatak_2.TDD.NedozvoljeneSrednjeNabavke","DisplayName":"NedozvoljeneSrednjeNabavke","ExecutorUri":"executor://MSTestAdapter/v2","Source":"C:\\Users\\LENOVO\\Source\\Repos\\VVS-zadaca2\\Zadatak 2\\bin\\Debug\\net5.0\\fine-code-coverage\\build-output\\Zadatak 2.dll","CodeFilePath":null,"LineNumber":-1,"Properties":[{"Key":{"Id":"TestCase.ManagedType","Label":"ManagedType","Category":"","Description":"","Attributes":1,"ValueType":"System.String"},"Value":"Zadatak_2.TDD"},{"Key":{"Id":"TestCase.ManagedMethod","Label":"ManagedMethod","Category":"","Description":"","Attributes":1,"ValueType":"System.String"},"Value":"NedozvoljeneSrednjeNabavke"},{"Key":{"Id":"MSTestDiscoverer.TestClassName","Label":"ClassName","Category":"","Description":"","Attributes":1,"ValueType":"System.String"},"Value":"Zadatak_2.TDD"},{"Key":{"Id":"TestObject.Traits","Label":"Traits","Category":"","Description":"","Attributes":5,"ValueType":"System.Collections.Generic.KeyValuePair`2[[System.String],[System.String]][]"},"Value":[]}]},"Attachments":[],"Outcome":1,"ErrorMessage":null,"ErrorStackTrace":null,"DisplayName":null,"Messages":[],"ComputerName":null,"Duration":"00:00:00.0011678","StartTime":"2021-11-25T22:14:10.690335+01:00","EndTime":"2021-11-25T22:14:10.6919133+01:00","Properties":[{"Key":{"Id":"ExecutionId","Label":"ExecutionId","Category":"","Description":"","Attributes":1,"ValueType":"System.Guid"},"Value":"00000000-0000-0000-0000-000000000000"},{"Key":{"Id":"ParentExecId","Label":"ParentExecId","Category":"","Description":"","Attributes":1,"ValueType":"System.Guid"},"Value":"00000000-0000-0000-0000-000000000000"},{"Key":{"Id":"InnerResultsCount","Label":"InnerResultsCount","Category":"","Description":"","Attributes":1,"ValueType":"System.Int32"},"Value":0}]}],"TestRunStatistics":{"ExecutedTests":5,"Stats":{"Passed":5}},"ActiveTests":[]},"RunAttachments":[],"ExecutorUris":["executor://mstestadapter/v2"]}}
TpTrace Verbose: 0 : 19460, 4, 2021/11/25, 22:14:10.804, 11335832822232, testhost.dll, BaseRunTests.RunTests: Run is complete.
TpTrace Verbose: 0 : 19460, 5, 2021/11/25, 22:14:10.809, 11335832870102, testhost.dll, TcpClientExtensions.MessageLoopAsync: NotifyDataAvailable remoteEndPoint: [::ffff:127.0.0.1]:50803 localEndPoint: [::ffff:127.0.0.1]:50804
TpTrace Information: 0 : 19460, 5, 2021/11/25, 22:14:10.809, 11335832873212, testhost.dll, TestRequestHandler.ProcessRequests: received message: (TestSession.Terminate) -> null
TpTrace Information: 0 : 19460, 5, 2021/11/25, 22:14:10.809, 11335832874453, testhost.dll, Session End message received from server. Closing the connection.
TpTrace Information: 0 : 19460, 5, 2021/11/25, 22:14:10.810, 11335832881526, testhost.dll, SocketClient.Stop: Stop communication from server endpoint: 127.0.0.1:050803
TpTrace Information: 0 : 19460, 5, 2021/11/25, 22:14:10.810, 11335832882665, testhost.dll, SocketClient: Stop: Cancellation requested. Stopping message loop.
TpTrace Verbose: 0 : 19460, 5, 2021/11/25, 22:14:10.811, 11335832886192, testhost.dll, LengthPrefixCommunicationChannel.Dispose: Dispose reader and writer.
TpTrace Information: 0 : 19460, 5, 2021/11/25, 22:14:10.811, 11335832887419, testhost.dll, Closing the connection !
TpTrace Information: 0 : 19460, 5, 2021/11/25, 22:14:10.811, 11335832892413, testhost.dll, SocketClient.PrivateStop: Stop communication from server endpoint: 127.0.0.1:050803, error:
TpTrace Information: 0 : 19460, 1, 2021/11/25, 22:14:10.812, 11335832901319, testhost.dll, Closing the connection !
TpTrace Verbose: 0 : 19460, 5, 2021/11/25, 22:14:10.812, 11335832901319, testhost.dll, LengthPrefixCommunicationChannel.Dispose: Dispose reader and writer.
TpTrace Information: 0 : 19460, 1, 2021/11/25, 22:14:10.812, 11335832902964, testhost.dll, SocketClient.Stop: Stop communication from server endpoint: 127.0.0.1:050803
TpTrace Verbose: 0 : 19460, 5, 2021/11/25, 22:14:10.812, 11335832903969, testhost.dll, TcpClientExtensions.MessageLoopAsync: exiting MessageLoopAsync remoteEndPoint: [::ffff:127.0.0.1]:50803 localEndPoint: [::ffff:127.0.0.1]:50804
TpTrace Verbose: 0 : 19460, 1, 2021/11/25, 22:14:10.812, 11335832904887, testhost.dll, LengthPrefixCommunicationChannel.Dispose: Dispose reader and writer.
TpTrace Information: 0 : 19460, 1, 2021/11/25, 22:14:10.813, 11335832908151, testhost.dll, Testhost process exiting.
