TpTrace Verbose: 0 : 13700, 1, 2021/11/27, 11:48:07.594, 1705303118939, datacollector.dll, Version: 17.0.0
TpTrace Information: 0 : 13700, 1, 2021/11/27, 11:48:07.601, 1705303167157, datacollector.dll, DataCollectorMain.Run: Starting data collector run with args: --port,62091,--parentprocessid,8176,--diag,C:\Users\azra\Source\Repos\aahmic3\VVS-zadaca2\Zadatak 2\bin\Debug\net5.0\fine-code-coverage\coverage-tool-output\diagnostics.datacollector.21-11-27_11-48-07_43869_5.log,--tracelevel,4
TpTrace Information: 0 : 13700, 1, 2021/11/27, 11:48:07.601, 1705303168453, datacollector.dll, DataCollector: Monitoring parent process with id: '8176'
TpTrace Information: 0 : 13700, 1, 2021/11/27, 11:48:07.618, 1705303336255, datacollector.dll, Trying to connect to server on socket : 127.0.0.1:62091 
TpTrace Verbose: 0 : 13700, 1, 2021/11/27, 11:48:07.627, 1705303419962, datacollector.dll, SocketCommunicationManager : SetupClientAsync : Attempting to connect to the server.
TpTrace Information: 0 : 13700, 8, 2021/11/27, 11:48:07.639, 1705303543613, datacollector.dll, Connected to the server successfully 
TpTrace Information: 0 : 13700, 8, 2021/11/27, 11:48:07.639, 1705303544444, datacollector.dll, Using the buffer size of 16384 bytes
TpTrace Information: 0 : 13700, 1, 2021/11/27, 11:48:07.720, 1705304351508, datacollector.dll, DataCollector: Start Request Processing.
TpTrace Information: 0 : 13700, 1, 2021/11/27, 11:48:07.726, 1705304411094, datacollector.dll, DataCollectionRequestHandler.ProcessRequests : Datacollector received message: (DataCollection.BeforeTestRunStart) -> {
  "SettingsXml": "<RunSettings><RunConfiguration><ResultsDirectory>C:\\Users\\azra\\Source\\Repos\\aahmic3\\VVS-zadaca2\\Zadatak 2\\bin\\Debug\\net5.0\\fine-code-coverage\\coverage-tool-output</ResultsDirectory><TargetPlatform>X64</TargetPlatform><TargetFrameworkVersion>.NETCoreApp,Version=v5.0</TargetFrameworkVersion><DesignMode>False</DesignMode><CollectSourceInformation>False</CollectSourceInformation><TestAdaptersPaths>C:\\Program Files\\dotnet\\sdk\\6.0.100\\Extensions</TestAdaptersPaths></RunConfiguration><LoggerRunSettings><Loggers><Logger friendlyName=\"blame\" enabled=\"True\" /><Logger friendlyName=\"Console\" uri=\"logger://microsoft/TestPlatform/ConsoleLogger/v1\" assemblyQualifiedName=\"Microsoft.VisualStudio.TestPlatform.CommandLine.Internal.ConsoleLogger, vstest.console, Version=15.0.0.0, Culture=neutral, PublicKeyToken=b03f5f7f11d50a3a\" codeBase=\"C:\\Program Files\\dotnet\\sdk\\6.0.100\\vstest.console.dll\" enabled=\"True\" /></Loggers></LoggerRunSettings><DataCollectionRunSettings><DataCollectors><DataCollector friendlyName=\"blame\" enabled=\"True\"><Configuration><ResultsDirectory>C:\\Users\\azra\\Source\\Repos\\aahmic3\\VVS-zadaca2\\Zadatak 2\\bin\\Debug\\net5.0\\fine-code-coverage\\coverage-tool-output</ResultsDirectory></Configuration></DataCollector></DataCollectors></DataCollectionRunSettings></RunSettings>",
  "Sources": [
    "C:\\Users\\azra\\Source\\Repos\\aahmic3\\VVS-zadaca2\\Zadatak 2\\bin\\Debug\\net5.0\\fine-code-coverage\\build-output\\Zadatak 2.dll"
  ],
  "IsTelemetryOptedIn": false
}
TpTrace Verbose: 0 : 13700, 1, 2021/11/27, 11:48:07.772, 1705304871801, datacollector.dll, TestPluginCache: Update extensions started. Skip filter = False
TpTrace Verbose: 0 : 13700, 1, 2021/11/27, 11:48:07.772, 1705304877886, datacollector.dll, TestPluginCache: Using directories for assembly resolution 'C:\Program Files\dotnet\sdk\6.0.100\Extensions'.
TpTrace Verbose: 0 : 13700, 1, 2021/11/27, 11:48:07.772, 1705304878398, datacollector.dll, TestPluginCache: Updated the available extensions to 'C:\Program Files\dotnet\sdk\6.0.100\Extensions\Microsoft.TestPlatform.Extensions.BlameDataCollector.dll,C:\Program Files\dotnet\sdk\6.0.100\Extensions\Microsoft.TestPlatform.Extensions.EventLogCollector.dll'.
TpTrace Verbose: 0 : 13700, 1, 2021/11/27, 11:48:07.781, 1705304964989, datacollector.dll, TestPluginCache.DiscoverTestExtensions: finding test extensions in assemblies ends with: Collector.dll TPluginInfo: Microsoft.VisualStudio.TestPlatform.Common.DataCollector.DataCollectorConfig TExtension: Microsoft.VisualStudio.TestPlatform.ObjectModel.DataCollection.DataCollector
TpTrace Verbose: 0 : 13700, 1, 2021/11/27, 11:48:07.781, 1705304967913, datacollector.dll, TestPluginCache.GetExtensionPaths: Filtered extension paths: C:\Program Files\dotnet\sdk\6.0.100\Extensions\Microsoft.TestPlatform.Extensions.BlameDataCollector.dll
C:\Program Files\dotnet\sdk\6.0.100\Extensions\Microsoft.TestPlatform.Extensions.EventLogCollector.dll
TpTrace Verbose: 0 : 13700, 1, 2021/11/27, 11:48:07.781, 1705304968449, datacollector.dll, TestPluginCache.GetExtensionPaths: Added default extension paths: 
TpTrace Verbose: 0 : 13700, 1, 2021/11/27, 11:48:07.781, 1705304968713, datacollector.dll, TestPluginCache.GetExtensionPaths: Added unfilterableExtensionPaths: 
TpTrace Information: 0 : 13700, 1, 2021/11/27, 11:48:07.782, 1705304974932, datacollector.dll, AssemblyResolver.ctor: Creating AssemblyResolver with searchDirectories C:\Program Files\dotnet\sdk\6.0.100\Extensions,C:\Program Files\dotnet\sdk\6.0.100
TpTrace Verbose: 0 : 13700, 1, 2021/11/27, 11:48:07.784, 1705304994306, datacollector.dll, TestPluginCache.DiscoverTestExtensions: Discovering the extensions using extension path.
TpTrace Verbose: 0 : 13700, 1, 2021/11/27, 11:48:07.784, 1705304996408, datacollector.dll, TestPluginCache.GetExtensionPaths: Filtered extension paths: C:\Program Files\dotnet\sdk\6.0.100\Extensions\Microsoft.TestPlatform.Extensions.BlameDataCollector.dll
C:\Program Files\dotnet\sdk\6.0.100\Extensions\Microsoft.TestPlatform.Extensions.EventLogCollector.dll
TpTrace Verbose: 0 : 13700, 1, 2021/11/27, 11:48:07.784, 1705304996872, datacollector.dll, TestPluginCache.GetExtensionPaths: Added default extension paths: 
TpTrace Verbose: 0 : 13700, 1, 2021/11/27, 11:48:07.784, 1705304997126, datacollector.dll, TestPluginCache.GetExtensionPaths: Added unfilterableExtensionPaths: 
TpTrace Verbose: 0 : 13700, 1, 2021/11/27, 11:48:07.784, 1705304997585, datacollector.dll, TestPluginCache.DiscoverTestExtensions: Discovering the extensions using allExtensionPaths: C:\Program Files\dotnet\sdk\6.0.100\Extensions\Microsoft.TestPlatform.Extensions.BlameDataCollector.dll
C:\Program Files\dotnet\sdk\6.0.100\Extensions\Microsoft.TestPlatform.Extensions.EventLogCollector.dll
TpTrace Information: 0 : 13700, 1, 2021/11/27, 11:48:07.784, 1705304998639, datacollector.dll, AssemblyResolver.AddSearchDirectories: Adding more searchDirectories C:\Program Files\dotnet\sdk\6.0.100\Extensions,C:\Program Files\dotnet\sdk\6.0.100
TpTrace Information: 0 : 13700, 1, 2021/11/27, 11:48:07.784, 1705304999161, datacollector.dll, AssemblyResolver.AddSearchDirectories: Adding more searchDirectories C:\Program Files\dotnet\sdk\6.0.100\Extensions,C:\Program Files\dotnet\sdk\6.0.100
TpTrace Information: 0 : 13700, 1, 2021/11/27, 11:48:07.785, 1705305003220, datacollector.dll, AssemblyResolver.OnResolve: Microsoft.TestPlatform.Extensions.BlameDataCollector: Resolving assembly.
TpTrace Information: 0 : 13700, 1, 2021/11/27, 11:48:07.785, 1705305003939, datacollector.dll, AssemblyResolver.OnResolve: Microsoft.TestPlatform.Extensions.BlameDataCollector: Searching in: 'C:\Program Files\dotnet\sdk\6.0.100\Extensions'.
TpTrace Information: 0 : 13700, 1, 2021/11/27, 11:48:07.786, 1705305013340, datacollector.dll, AssemblyResolver.OnResolve: Microsoft.TestPlatform.Extensions.BlameDataCollector: Loading assembly 'C:\Program Files\dotnet\sdk\6.0.100\Extensions\Microsoft.TestPlatform.Extensions.BlameDataCollector.dll'.
TpTrace Information: 0 : 13700, 1, 2021/11/27, 11:48:07.787, 1705305022403, datacollector.dll, AssemblyResolver.OnResolve: Resolved assembly: Microsoft.TestPlatform.Extensions.BlameDataCollector, from path: C:\Program Files\dotnet\sdk\6.0.100\Extensions\Microsoft.TestPlatform.Extensions.BlameDataCollector.dll
TpTrace Error: 0 : 13700, 1, 2021/11/27, 11:48:07.792, 1705305071041, datacollector.dll, The type "Microsoft.TestPlatform.Extensions.BlameDataCollector.BlameCollector" defined in "Microsoft.TestPlatform.Extensions.BlameDataCollector.dll" does not have ExtensionUri attribute.
TpTrace Information: 0 : 13700, 1, 2021/11/27, 11:48:07.793, 1705305086466, datacollector.dll, AssemblyResolver.OnResolve: Microsoft.TestPlatform.Extensions.EventLogCollector: Resolving assembly.
TpTrace Information: 0 : 13700, 1, 2021/11/27, 11:48:07.793, 1705305087365, datacollector.dll, AssemblyResolver.OnResolve: Microsoft.TestPlatform.Extensions.EventLogCollector: Searching in: 'C:\Program Files\dotnet\sdk\6.0.100\Extensions'.
TpTrace Information: 0 : 13700, 1, 2021/11/27, 11:48:07.794, 1705305097141, datacollector.dll, AssemblyResolver.OnResolve: Microsoft.TestPlatform.Extensions.EventLogCollector: Loading assembly 'C:\Program Files\dotnet\sdk\6.0.100\Extensions\Microsoft.TestPlatform.Extensions.EventLogCollector.dll'.
TpTrace Information: 0 : 13700, 1, 2021/11/27, 11:48:07.795, 1705305106103, datacollector.dll, AssemblyResolver.OnResolve: Resolved assembly: Microsoft.TestPlatform.Extensions.EventLogCollector, from path: C:\Program Files\dotnet\sdk\6.0.100\Extensions\Microsoft.TestPlatform.Extensions.EventLogCollector.dll
TpTrace Error: 0 : 13700, 1, 2021/11/27, 11:48:07.798, 1705305134841, datacollector.dll, The type "Microsoft.TestPlatform.Extensions.EventLogCollector.EventLogDataCollector" defined in "Microsoft.TestPlatform.Extensions.EventLogCollector.dll" does not have ExtensionUri attribute.
TpTrace Verbose: 0 : 13700, 1, 2021/11/27, 11:48:07.798, 1705305138652, datacollector.dll, TestPluginCache: Discovered the extensions using extension path 'C:\Program Files\dotnet\sdk\6.0.100\Extensions\Microsoft.TestPlatform.Extensions.BlameDataCollector.dll,C:\Program Files\dotnet\sdk\6.0.100\Extensions\Microsoft.TestPlatform.Extensions.EventLogCollector.dll'.
TpTrace Verbose: 0 : 13700, 1, 2021/11/27, 11:48:07.798, 1705305139255, datacollector.dll, TestPluginCache: Discoverers are ''.
TpTrace Verbose: 0 : 13700, 1, 2021/11/27, 11:48:07.798, 1705305139522, datacollector.dll, TestPluginCache: Executors are ''.
TpTrace Verbose: 0 : 13700, 1, 2021/11/27, 11:48:07.799, 1705305139762, datacollector.dll, TestPluginCache: Executors2 are ''.
TpTrace Verbose: 0 : 13700, 1, 2021/11/27, 11:48:07.799, 1705305139994, datacollector.dll, TestPluginCache: Setting providers are ''.
TpTrace Verbose: 0 : 13700, 1, 2021/11/27, 11:48:07.799, 1705305140226, datacollector.dll, TestPluginCache: Loggers are ''.
TpTrace Information: 0 : 13700, 1, 2021/11/27, 11:48:07.800, 1705305152349, datacollector.dll, TestPluginManager.CreateTestExtension: Attempting to load test extension: Microsoft.TestPlatform.Extensions.BlameDataCollector.BlameCollector
TpTrace Error: 0 : 13700, 1, 2021/11/27, 11:48:07.800, 1705305155171, datacollector.dll, The type "Microsoft.TestPlatform.Extensions.BlameDataCollector.BlameCollector" defined in "Microsoft.TestPlatform.Extensions.BlameDataCollector.dll" does not have ExtensionUri attribute.
TpTrace Information: 0 : 13700, 1, 2021/11/27, 11:48:07.806, 1705305213616, datacollector.dll, Listening on Endpoint : 127.0.0.1:62093
TpTrace Information: 0 : 13700, 1, 2021/11/27, 11:48:07.814, 1705305291814, datacollector.dll, DataCollectionRequestHandler.ProcessRequests : DataCollection started.
TpTrace Information: 0 : 13700, 1, 2021/11/27, 11:48:07.842, 1705305576057, datacollector.dll, DataCollectionRequestHandler.ProcessRequests : Datacollector received message: (DataCollection.TestHostLaunched) -> {
  "ProcessId": 9980
}
TpTrace Information: 0 : 13700, 5, 2021/11/27, 11:48:08.079, 1705307941094, datacollector.dll, Using the buffer size of 16384 bytes
TpTrace Information: 0 : 13700, 5, 2021/11/27, 11:48:08.079, 1705307942055, datacollector.dll, Accepted Client request and set the flag
TpTrace Information: 0 : 13700, 8, 2021/11/27, 11:48:08.495, 1705312103750, datacollector.dll, DataCollectionTestCaseEventHandler: Test case starting.
TpTrace Information: 0 : 13700, 8, 2021/11/27, 11:48:08.558, 1705312737271, datacollector.dll, Blame Collector : Test Case Start
TpTrace Information: 0 : 13700, 8, 2021/11/27, 11:48:08.559, 1705312742691, datacollector.dll, DataCollectionTestCaseEventHandler: Test case 'TestZamjenskiObjekat - cd075b4d-61b2-de77-403b-0cfb69a56f47' started.
TpTrace Information: 0 : 13700, 8, 2021/11/27, 11:48:08.614, 1705313295600, datacollector.dll, DataCollectionTestCaseEventHandler : Test case completing.
TpTrace Information: 0 : 13700, 8, 2021/11/27, 11:48:08.618, 1705313336508, datacollector.dll, Blame Collector : Test Case End
TpTrace Information: 0 : 13700, 8, 2021/11/27, 11:48:08.622, 1705313370173, datacollector.dll, DataCollectionTestCaseEventHandler: Test case 'TestZamjenskiObjekat - cd075b4d-61b2-de77-403b-0cfb69a56f47' completed
TpTrace Information: 0 : 13700, 8, 2021/11/27, 11:48:08.634, 1705313496312, datacollector.dll, DataCollectionTestCaseEventHandler: Test case starting.
TpTrace Information: 0 : 13700, 8, 2021/11/27, 11:48:08.635, 1705313501272, datacollector.dll, Blame Collector : Test Case Start
TpTrace Information: 0 : 13700, 8, 2021/11/27, 11:48:08.635, 1705313502861, datacollector.dll, DataCollectionTestCaseEventHandler: Test case 'ProljetnaNabavka - b51d3f41-b72b-1028-816b-1d654d5090ba' started.
TpTrace Information: 0 : 13700, 8, 2021/11/27, 11:48:08.642, 1705313571535, datacollector.dll, DataCollectionTestCaseEventHandler : Test case completing.
TpTrace Information: 0 : 13700, 8, 2021/11/27, 11:48:08.643, 1705313580318, datacollector.dll, Blame Collector : Test Case End
TpTrace Information: 0 : 13700, 8, 2021/11/27, 11:48:08.643, 1705313582708, datacollector.dll, DataCollectionTestCaseEventHandler: Test case 'ProljetnaNabavka - b51d3f41-b72b-1028-816b-1d654d5090ba' completed
TpTrace Information: 0 : 13700, 8, 2021/11/27, 11:48:08.644, 1705313595292, datacollector.dll, DataCollectionTestCaseEventHandler: Test case starting.
TpTrace Information: 0 : 13700, 8, 2021/11/27, 11:48:08.645, 1705313601700, datacollector.dll, Blame Collector : Test Case Start
TpTrace Information: 0 : 13700, 8, 2021/11/27, 11:48:08.645, 1705313603807, datacollector.dll, DataCollectionTestCaseEventHandler: Test case 'JesenjaNabavka - 8891ef0f-da64-c2a4-4354-33fdbaef8344' started.
TpTrace Information: 0 : 13700, 8, 2021/11/27, 11:48:08.649, 1705313644944, datacollector.dll, DataCollectionTestCaseEventHandler : Test case completing.
TpTrace Information: 0 : 13700, 8, 2021/11/27, 11:48:08.650, 1705313650101, datacollector.dll, Blame Collector : Test Case End
TpTrace Information: 0 : 13700, 8, 2021/11/27, 11:48:08.650, 1705313651639, datacollector.dll, DataCollectionTestCaseEventHandler: Test case 'JesenjaNabavka - 8891ef0f-da64-c2a4-4354-33fdbaef8344' completed
TpTrace Information: 0 : 13700, 8, 2021/11/27, 11:48:08.651, 1705313664336, datacollector.dll, DataCollectionTestCaseEventHandler: Test case starting.
TpTrace Information: 0 : 13700, 8, 2021/11/27, 11:48:08.656, 1705313719639, datacollector.dll, Blame Collector : Test Case Start
TpTrace Information: 0 : 13700, 8, 2021/11/27, 11:48:08.657, 1705313721817, datacollector.dll, DataCollectionTestCaseEventHandler: Test case 'NedozvoljenaNabavkaLjetiIliZimi - 3ff34b18-7204-1007-cf66-18bf2ac4d566' started.
TpTrace Information: 0 : 13700, 8, 2021/11/27, 11:48:08.662, 1705313770987, datacollector.dll, DataCollectionTestCaseEventHandler : Test case completing.
TpTrace Information: 0 : 13700, 8, 2021/11/27, 11:48:08.662, 1705313776667, datacollector.dll, Blame Collector : Test Case End
TpTrace Information: 0 : 13700, 8, 2021/11/27, 11:48:08.662, 1705313778868, datacollector.dll, DataCollectionTestCaseEventHandler: Test case 'NedozvoljenaNabavkaLjetiIliZimi - 3ff34b18-7204-1007-cf66-18bf2ac4d566' completed
TpTrace Information: 0 : 13700, 8, 2021/11/27, 11:48:08.664, 1705313790164, datacollector.dll, DataCollectionTestCaseEventHandler: Test case starting.
TpTrace Information: 0 : 13700, 8, 2021/11/27, 11:48:08.664, 1705313794560, datacollector.dll, Blame Collector : Test Case Start
TpTrace Information: 0 : 13700, 8, 2021/11/27, 11:48:08.664, 1705313796327, datacollector.dll, DataCollectionTestCaseEventHandler: Test case 'NedozvoljeneSrednjeNabavke - 40ed29d5-0464-2bd3-28a1-5980313a2e0b' started.
TpTrace Information: 0 : 13700, 8, 2021/11/27, 11:48:08.666, 1705313818308, datacollector.dll, DataCollectionTestCaseEventHandler : Test case completing.
TpTrace Information: 0 : 13700, 8, 2021/11/27, 11:48:08.667, 1705313822955, datacollector.dll, Blame Collector : Test Case End
TpTrace Information: 0 : 13700, 8, 2021/11/27, 11:48:08.667, 1705313824391, datacollector.dll, DataCollectionTestCaseEventHandler: Test case 'NedozvoljeneSrednjeNabavke - 40ed29d5-0464-2bd3-28a1-5980313a2e0b' completed
TpTrace Information: 0 : 13700, 8, 2021/11/27, 11:48:08.675, 1705313908519, datacollector.dll, DataCollectionTestCaseEventHandler: Test session ended
TpTrace Information: 0 : 13700, 1, 2021/11/27, 11:48:08.807, 1705315228660, datacollector.dll, DataCollectionRequestHandler.ProcessRequests : Datacollector received message: (DataCollection.AfterTestRunEnd) -> false
TpTrace Information: 0 : 13700, 1, 2021/11/27, 11:48:08.809, 1705315241089, datacollector.dll, Blame Collector : Session End
TpTrace Information: 0 : 13700, 1, 2021/11/27, 11:48:08.809, 1705315242564, datacollector.dll, BlameCollector.CollectDumpAndAbortTesthost: Custom path to dump directory was provided via VSTEST_DUMP_PATH. Skipping attachment upload, the caller is responsible for collecting and uploading the dumps themselves.
TpTrace Information: 0 : 13700, 1, 2021/11/27, 11:48:08.809, 1705315245079, datacollector.dll, DataCollectionManager.CleanupPlugins: CleanupPlugins called
TpTrace Verbose: 0 : 13700, 1, 2021/11/27, 11:48:08.809, 1705315246057, datacollector.dll, DataCollectionManager.CleanupPlugins: Cleaning up 1 plugins
TpTrace Verbose: 0 : 13700, 1, 2021/11/27, 11:48:08.809, 1705315248100, datacollector.dll, dataCollectorInfo.DisposeDataCollector: calling Dispose() on Microsoft.TestPlatform.Extensions.BlameDataCollector.BlameCollector
TpTrace Information: 0 : 13700, 1, 2021/11/27, 11:48:08.810, 1705315249841, datacollector.dll, DataCollectionManager.CleanupPlugins: CleanupPlugins finished
TpTrace Information: 0 : 13700, 1, 2021/11/27, 11:48:08.815, 1705315307341, datacollector.dll, DataCollectionRequestHandler.ProcessRequests : Session End message received from server. Closing the connection.
TpTrace Information: 0 : 13700, 1, 2021/11/27, 11:48:08.816, 1705315312921, datacollector.dll, Closing the connection !
TpTrace Information: 0 : 13700, 1, 2021/11/27, 11:48:08.816, 1705315314500, datacollector.dll, DataCollectionRequestHandler.ProcessRequests : DataCollection completed
TpTrace Information: 0 : 13700, 1, 2021/11/27, 11:48:08.816, 1705315315544, datacollector.dll, Program.Main: exiting datacollector process.
