TpTrace Verbose: 0 : 108, 1, 2021/11/23, 11:47:02.545, 9231369851160, datacollector.dll, Version: 16.9.4
TpTrace Information: 0 : 108, 1, 2021/11/23, 11:47:02.583, 9231369990915, datacollector.dll, DataCollectorMain.Run: Starting data collector run with args: --port,57443,--parentprocessid,4756,--diag,C:\Users\LENOVO\Source\Repos\VVS-zadaca21\Zadatak 2\bin\Debug\net5.0\fine-code-coverage\coverage-tool-output\diagnostics.datacollector.21-11-23_11-47-02_00918_4.log,--tracelevel,4
TpTrace Information: 0 : 108, 1, 2021/11/23, 11:47:02.584, 9231369998380, datacollector.dll, DataCollector: Monitoring parent process with id: '4756'
TpTrace Information: 0 : 108, 1, 2021/11/23, 11:47:02.641, 9231370566339, datacollector.dll, Trying to connect to server on socket : 127.0.0.1:57443 
TpTrace Verbose: 0 : 108, 1, 2021/11/23, 11:47:02.785, 9231372011372, datacollector.dll, SocketCommunicationManager : SetupClientAsync : Attempting to connect to the server.
TpTrace Information: 0 : 108, 6, 2021/11/23, 11:47:02.817, 9231372361891, datacollector.dll, Connected to the server successfully 
TpTrace Information: 0 : 108, 6, 2021/11/23, 11:47:02.821, 9231372364280, datacollector.dll, Using the buffer size of 16384 bytes
TpTrace Information: 0 : 108, 1, 2021/11/23, 11:47:03.091, 9231375063264, datacollector.dll, DataCollector: Start Request Processing.
TpTrace Information: 0 : 108, 1, 2021/11/23, 11:47:03.101, 9231375162230, datacollector.dll, DataCollectionRequestHandler.ProcessRequests : Datacollector received message: (DataCollection.BeforeTestRunStart) -> {
  "SettingsXml": "<RunSettings><RunConfiguration><ResultsDirectory>C:\\Users\\LENOVO\\Source\\Repos\\VVS-zadaca21\\Zadatak 2\\bin\\Debug\\net5.0\\fine-code-coverage\\coverage-tool-output</ResultsDirectory><TargetPlatform>X64</TargetPlatform><TargetFrameworkVersion>.NETCoreApp,Version=v5.0</TargetFrameworkVersion><DesignMode>False</DesignMode><CollectSourceInformation>False</CollectSourceInformation><TestAdaptersPaths>C:\\Program Files\\dotnet\\sdk\\5.0.203\\Extensions</TestAdaptersPaths></RunConfiguration><LoggerRunSettings><Loggers><Logger friendlyName=\"blame\" enabled=\"True\" /><Logger friendlyName=\"Console\" uri=\"logger://microsoft/TestPlatform/ConsoleLogger/v1\" assemblyQualifiedName=\"Microsoft.VisualStudio.TestPlatform.CommandLine.Internal.ConsoleLogger, vstest.console, Version=15.0.0.0, Culture=neutral, PublicKeyToken=b03f5f7f11d50a3a\" codeBase=\"C:\\Program Files\\dotnet\\sdk\\5.0.203\\vstest.console.dll\" enabled=\"True\" /></Loggers></LoggerRunSettings><DataCollectionRunSettings><DataCollectors><DataCollector friendlyName=\"blame\" enabled=\"True\"><Configuration><ResultsDirectory>C:\\Users\\LENOVO\\Source\\Repos\\VVS-zadaca21\\Zadatak 2\\bin\\Debug\\net5.0\\fine-code-coverage\\coverage-tool-output</ResultsDirectory></Configuration></DataCollector></DataCollectors></DataCollectionRunSettings></RunSettings>",
  "Sources": [
    "C:\\Users\\LENOVO\\Source\\Repos\\VVS-zadaca21\\Zadatak 2\\bin\\Debug\\net5.0\\fine-code-coverage\\build-output\\Zadatak 2.dll"
  ],
  "IsTelemetryOptedIn": false
}
TpTrace Verbose: 0 : 108, 1, 2021/11/23, 11:47:03.199, 9231376145047, datacollector.dll, TestPluginCache: Update extensions started. Skip filter = False
TpTrace Verbose: 0 : 108, 1, 2021/11/23, 11:47:03.201, 9231376162868, datacollector.dll, TestPluginCache: Using directories for assembly resolution 'C:\Program Files\dotnet\sdk\5.0.203\Extensions'.
TpTrace Verbose: 0 : 108, 1, 2021/11/23, 11:47:03.201, 9231376164576, datacollector.dll, TestPluginCache: Updated the available extensions to 'C:\Program Files\dotnet\sdk\5.0.203\Extensions\Microsoft.TestPlatform.Extensions.BlameDataCollector.dll,C:\Program Files\dotnet\sdk\5.0.203\Extensions\Microsoft.TestPlatform.Extensions.EventLogCollector.dll'.
TpTrace Verbose: 0 : 108, 1, 2021/11/23, 11:47:03.218, 9231376336211, datacollector.dll, TestPluginCache.DiscoverTestExtensions: finding test extensions in assemblies ends with: Collector.dll TPluginInfo: Microsoft.VisualStudio.TestPlatform.Common.DataCollector.DataCollectorConfig TExtension: Microsoft.VisualStudio.TestPlatform.ObjectModel.DataCollection.DataCollector
TpTrace Verbose: 0 : 108, 1, 2021/11/23, 11:47:03.219, 9231376343794, datacollector.dll, TestPluginCache.GetExtensionPaths: Filtered extension paths: C:\Program Files\dotnet\sdk\5.0.203\Extensions\Microsoft.TestPlatform.Extensions.BlameDataCollector.dll
C:\Program Files\dotnet\sdk\5.0.203\Extensions\Microsoft.TestPlatform.Extensions.EventLogCollector.dll
TpTrace Verbose: 0 : 108, 1, 2021/11/23, 11:47:03.219, 9231376345190, datacollector.dll, TestPluginCache.GetExtensionPaths: Added default extension paths: 
TpTrace Verbose: 0 : 108, 1, 2021/11/23, 11:47:03.219, 9231376345890, datacollector.dll, TestPluginCache.GetExtensionPaths: Added unfilterableExtensionPaths: 
TpTrace Information: 0 : 108, 1, 2021/11/23, 11:47:03.220, 9231376356327, datacollector.dll, AssemblyResolver.ctor: Creating AssemblyResolver with searchDirectories C:\Program Files\dotnet\sdk\5.0.203\Extensions,C:\Program Files\dotnet\sdk\5.0.203
TpTrace Verbose: 0 : 108, 1, 2021/11/23, 11:47:03.222, 9231376373716, datacollector.dll, TestPluginCache.DiscoverTestExtensions: Discovering the extensions using extension path.
TpTrace Verbose: 0 : 108, 1, 2021/11/23, 11:47:03.222, 9231376377681, datacollector.dll, TestPluginCache.GetExtensionPaths: Filtered extension paths: C:\Program Files\dotnet\sdk\5.0.203\Extensions\Microsoft.TestPlatform.Extensions.BlameDataCollector.dll
C:\Program Files\dotnet\sdk\5.0.203\Extensions\Microsoft.TestPlatform.Extensions.EventLogCollector.dll
TpTrace Verbose: 0 : 108, 1, 2021/11/23, 11:47:03.222, 9231376379138, datacollector.dll, TestPluginCache.GetExtensionPaths: Added default extension paths: 
TpTrace Verbose: 0 : 108, 1, 2021/11/23, 11:47:03.222, 9231376380300, datacollector.dll, TestPluginCache.GetExtensionPaths: Added unfilterableExtensionPaths: 
TpTrace Verbose: 0 : 108, 1, 2021/11/23, 11:47:03.223, 9231376382216, datacollector.dll, TestPluginCache.DiscoverTestExtensions: Discovering the extensions using allExtensionPaths: C:\Program Files\dotnet\sdk\5.0.203\Extensions\Microsoft.TestPlatform.Extensions.BlameDataCollector.dll
C:\Program Files\dotnet\sdk\5.0.203\Extensions\Microsoft.TestPlatform.Extensions.EventLogCollector.dll
TpTrace Information: 0 : 108, 1, 2021/11/23, 11:47:03.223, 9231376385138, datacollector.dll, AssemblyResolver.AddSearchDirectories: Adding more searchDirectories C:\Program Files\dotnet\sdk\5.0.203\Extensions,C:\Program Files\dotnet\sdk\5.0.203
TpTrace Information: 0 : 108, 1, 2021/11/23, 11:47:03.223, 9231376386553, datacollector.dll, AssemblyResolver.AddSearchDirectories: Adding more searchDirectories C:\Program Files\dotnet\sdk\5.0.203\Extensions,C:\Program Files\dotnet\sdk\5.0.203
TpTrace Information: 0 : 108, 1, 2021/11/23, 11:47:03.224, 9231376394904, datacollector.dll, AssemblyResolver.OnResolve: Microsoft.TestPlatform.Extensions.BlameDataCollector: Resolving assembly.
TpTrace Information: 0 : 108, 1, 2021/11/23, 11:47:03.225, 9231376411251, datacollector.dll, AssemblyResolver.OnResolve: Resolved assembly: Microsoft.TestPlatform.Extensions.BlameDataCollector, from path: C:\Program Files\dotnet\sdk\5.0.203\Extensions\Microsoft.TestPlatform.Extensions.BlameDataCollector.dll
TpTrace Error: 0 : 108, 1, 2021/11/23, 11:47:03.228, 9231376432562, datacollector.dll, The type "Microsoft.TestPlatform.Extensions.BlameDataCollector.BlameCollector" defined in "Microsoft.TestPlatform.Extensions.BlameDataCollector.dll" does not have ExtensionUri attribute.
TpTrace Information: 0 : 108, 1, 2021/11/23, 11:47:03.231, 9231376466949, datacollector.dll, AssemblyResolver.OnResolve: Microsoft.TestPlatform.Extensions.EventLogCollector: Resolving assembly.
TpTrace Information: 0 : 108, 1, 2021/11/23, 11:47:03.234, 9231376491720, datacollector.dll, AssemblyResolver.OnResolve: Resolved assembly: Microsoft.TestPlatform.Extensions.EventLogCollector, from path: C:\Program Files\dotnet\sdk\5.0.203\Extensions\Microsoft.TestPlatform.Extensions.EventLogCollector.dll
TpTrace Error: 0 : 108, 1, 2021/11/23, 11:47:03.236, 9231376513823, datacollector.dll, The type "Microsoft.TestPlatform.Extensions.EventLogCollector.EventLogDataCollector" defined in "Microsoft.TestPlatform.Extensions.EventLogCollector.dll" does not have ExtensionUri attribute.
TpTrace Verbose: 0 : 108, 1, 2021/11/23, 11:47:03.236, 9231376520033, datacollector.dll, TestPluginCache: Discovered the extensions using extension path 'C:\Program Files\dotnet\sdk\5.0.203\Extensions\Microsoft.TestPlatform.Extensions.BlameDataCollector.dll,C:\Program Files\dotnet\sdk\5.0.203\Extensions\Microsoft.TestPlatform.Extensions.EventLogCollector.dll'.
TpTrace Verbose: 0 : 108, 1, 2021/11/23, 11:47:03.236, 9231376521196, datacollector.dll, TestPluginCache: Discoverers are ''.
TpTrace Verbose: 0 : 108, 1, 2021/11/23, 11:47:03.237, 9231376521750, datacollector.dll, TestPluginCache: Executors are ''.
TpTrace Verbose: 0 : 108, 1, 2021/11/23, 11:47:03.237, 9231376522316, datacollector.dll, TestPluginCache: Executors2 are ''.
TpTrace Verbose: 0 : 108, 1, 2021/11/23, 11:47:03.237, 9231376522790, datacollector.dll, TestPluginCache: Setting providers are ''.
TpTrace Verbose: 0 : 108, 1, 2021/11/23, 11:47:03.237, 9231376523255, datacollector.dll, TestPluginCache: Loggers are ''.
TpTrace Information: 0 : 108, 1, 2021/11/23, 11:47:03.238, 9231376540612, datacollector.dll, TestPluginManager.CreateTestExtension: Attempting to load test extension: Microsoft.TestPlatform.Extensions.BlameDataCollector.BlameCollector
TpTrace Error: 0 : 108, 1, 2021/11/23, 11:47:03.239, 9231376548703, datacollector.dll, The type "Microsoft.TestPlatform.Extensions.BlameDataCollector.BlameCollector" defined in "Microsoft.TestPlatform.Extensions.BlameDataCollector.dll" does not have ExtensionUri attribute.
TpTrace Information: 0 : 108, 1, 2021/11/23, 11:47:03.250, 9231376659788, datacollector.dll, Listening on Endpoint : 127.0.0.1:57446
TpTrace Information: 0 : 108, 1, 2021/11/23, 11:47:03.269, 9231376842683, datacollector.dll, DataCollectionRequestHandler.ProcessRequests : DataCollection started.
TpTrace Information: 0 : 108, 1, 2021/11/23, 11:47:03.308, 9231377231976, datacollector.dll, DataCollectionRequestHandler.ProcessRequests : Datacollector received message: (DataCollection.TestHostLaunched) -> {
  "ProcessId": 8484
}
TpTrace Information: 0 : 108, 6, 2021/11/23, 11:47:03.872, 9231382875907, datacollector.dll, Using the buffer size of 16384 bytes
TpTrace Information: 0 : 108, 6, 2021/11/23, 11:47:03.872, 9231382877656, datacollector.dll, Accepted Client request and set the flag
TpTrace Information: 0 : 108, 4, 2021/11/23, 11:47:05.919, 9231403342981, datacollector.dll, DataCollectionTestCaseEventHandler: Test case starting.
TpTrace Information: 0 : 108, 4, 2021/11/23, 11:47:05.994, 9231404093455, datacollector.dll, Blame Collector : Test Case Start
TpTrace Information: 0 : 108, 4, 2021/11/23, 11:47:05.999, 9231404147135, datacollector.dll, DataCollectionTestCaseEventHandler: Test case 'TestZamjenskiObjekat - cd075b4d-61b2-de77-403b-0cfb69a56f47' started.
TpTrace Information: 0 : 108, 4, 2021/11/23, 11:47:06.160, 9231405754284, datacollector.dll, DataCollectionTestCaseEventHandler : Test case completing.
TpTrace Information: 0 : 108, 4, 2021/11/23, 11:47:06.168, 9231405836418, datacollector.dll, Blame Collector : Test Case End
TpTrace Information: 0 : 108, 4, 2021/11/23, 11:47:06.174, 9231405893492, datacollector.dll, DataCollectionTestCaseEventHandler: Test case 'TestZamjenskiObjekat - cd075b4d-61b2-de77-403b-0cfb69a56f47' completed
TpTrace Information: 0 : 108, 4, 2021/11/23, 11:47:06.206, 9231406211790, datacollector.dll, DataCollectionTestCaseEventHandler: Test case starting.
TpTrace Information: 0 : 108, 4, 2021/11/23, 11:47:06.207, 9231406221405, datacollector.dll, Blame Collector : Test Case Start
TpTrace Information: 0 : 108, 4, 2021/11/23, 11:47:06.207, 9231406225136, datacollector.dll, DataCollectionTestCaseEventHandler: Test case 'ProljetnaNabavka - b51d3f41-b72b-1028-816b-1d654d5090ba' started.
TpTrace Information: 0 : 108, 4, 2021/11/23, 11:47:06.220, 9231406356458, datacollector.dll, DataCollectionTestCaseEventHandler : Test case completing.
TpTrace Information: 0 : 108, 4, 2021/11/23, 11:47:06.221, 9231406365636, datacollector.dll, Blame Collector : Test Case End
TpTrace Information: 0 : 108, 4, 2021/11/23, 11:47:06.221, 9231406370316, datacollector.dll, DataCollectionTestCaseEventHandler: Test case 'ProljetnaNabavka - b51d3f41-b72b-1028-816b-1d654d5090ba' completed
TpTrace Information: 0 : 108, 4, 2021/11/23, 11:47:06.223, 9231406389081, datacollector.dll, DataCollectionTestCaseEventHandler: Test case starting.
TpTrace Information: 0 : 108, 4, 2021/11/23, 11:47:06.224, 9231406401252, datacollector.dll, Blame Collector : Test Case Start
TpTrace Information: 0 : 108, 4, 2021/11/23, 11:47:06.225, 9231406405651, datacollector.dll, DataCollectionTestCaseEventHandler: Test case 'JesenjaNabavka - 8891ef0f-da64-c2a4-4354-33fdbaef8344' started.
TpTrace Information: 0 : 108, 4, 2021/11/23, 11:47:06.236, 9231406511496, datacollector.dll, DataCollectionTestCaseEventHandler : Test case completing.
TpTrace Information: 0 : 108, 4, 2021/11/23, 11:47:06.236, 9231406520738, datacollector.dll, Blame Collector : Test Case End
TpTrace Information: 0 : 108, 4, 2021/11/23, 11:47:06.237, 9231406525040, datacollector.dll, DataCollectionTestCaseEventHandler: Test case 'JesenjaNabavka - 8891ef0f-da64-c2a4-4354-33fdbaef8344' completed
TpTrace Information: 0 : 108, 4, 2021/11/23, 11:47:06.239, 9231406546117, datacollector.dll, DataCollectionTestCaseEventHandler: Test case starting.
TpTrace Information: 0 : 108, 4, 2021/11/23, 11:47:06.240, 9231406555162, datacollector.dll, Blame Collector : Test Case Start
TpTrace Information: 0 : 108, 4, 2021/11/23, 11:47:06.242, 9231406576911, datacollector.dll, DataCollectionTestCaseEventHandler: Test case 'NedozvoljenaNabavkaLjetiIliZimi - 3ff34b18-7204-1007-cf66-18bf2ac4d566' started.
TpTrace Information: 0 : 108, 4, 2021/11/23, 11:47:06.253, 9231406684415, datacollector.dll, DataCollectionTestCaseEventHandler : Test case completing.
TpTrace Information: 0 : 108, 4, 2021/11/23, 11:47:06.254, 9231406693584, datacollector.dll, Blame Collector : Test Case End
TpTrace Information: 0 : 108, 4, 2021/11/23, 11:47:06.254, 9231406697784, datacollector.dll, DataCollectionTestCaseEventHandler: Test case 'NedozvoljenaNabavkaLjetiIliZimi - 3ff34b18-7204-1007-cf66-18bf2ac4d566' completed
TpTrace Information: 0 : 108, 4, 2021/11/23, 11:47:06.256, 9231406714591, datacollector.dll, DataCollectionTestCaseEventHandler: Test case starting.
TpTrace Information: 0 : 108, 4, 2021/11/23, 11:47:06.257, 9231406722813, datacollector.dll, Blame Collector : Test Case Start
TpTrace Information: 0 : 108, 4, 2021/11/23, 11:47:06.257, 9231406726605, datacollector.dll, DataCollectionTestCaseEventHandler: Test case 'NedozvoljeneSrednjeNabavke - 40ed29d5-0464-2bd3-28a1-5980313a2e0b' started.
TpTrace Information: 0 : 108, 4, 2021/11/23, 11:47:06.262, 9231406774797, datacollector.dll, DataCollectionTestCaseEventHandler : Test case completing.
TpTrace Information: 0 : 108, 4, 2021/11/23, 11:47:06.263, 9231406788232, datacollector.dll, Blame Collector : Test Case End
TpTrace Information: 0 : 108, 4, 2021/11/23, 11:47:06.264, 9231406792966, datacollector.dll, DataCollectionTestCaseEventHandler: Test case 'NedozvoljeneSrednjeNabavke - 40ed29d5-0464-2bd3-28a1-5980313a2e0b' completed
TpTrace Information: 0 : 108, 4, 2021/11/23, 11:47:06.273, 9231406884559, datacollector.dll, DataCollectionTestCaseEventHandler: Test session ended
TpTrace Information: 0 : 108, 1, 2021/11/23, 11:47:06.650, 9231410660645, datacollector.dll, DataCollectionRequestHandler.ProcessRequests : Datacollector received message: (DataCollection.AfterTestRunEnd) -> false
TpTrace Information: 0 : 108, 1, 2021/11/23, 11:47:06.652, 9231410673936, datacollector.dll, Blame Collector : Session End
TpTrace Information: 0 : 108, 1, 2021/11/23, 11:47:06.652, 9231410675613, datacollector.dll, BlameCollector.CollectDumpAndAbortTesthost: Custom path to dump directory was provided via VSTEST_DUMP_PATH. Skipping attachment upload, the caller is responsible for collecting and uploading the dumps themselves.
TpTrace Information: 0 : 108, 1, 2021/11/23, 11:47:06.652, 9231410679232, datacollector.dll, DataCollectionManager.CleanupPlugins: CleanupPlugins called
TpTrace Verbose: 0 : 108, 1, 2021/11/23, 11:47:06.652, 9231410680277, datacollector.dll, DataCollectionManager.CleanupPlugins: Cleaning up 1 plugins
TpTrace Verbose: 0 : 108, 1, 2021/11/23, 11:47:06.653, 9231410682333, datacollector.dll, dataCollectorInfo.DisposeDataCollector: calling Dispose() on Microsoft.TestPlatform.Extensions.BlameDataCollector.BlameCollector
TpTrace Information: 0 : 108, 1, 2021/11/23, 11:47:06.653, 9231410683791, datacollector.dll, DataCollectionManager.CleanupPlugins: CleanupPlugins finished
TpTrace Information: 0 : 108, 1, 2021/11/23, 11:47:06.659, 9231410751203, datacollector.dll, DataCollectionRequestHandler.ProcessRequests : Session End message received from server. Closing the connection.
TpTrace Information: 0 : 108, 1, 2021/11/23, 11:47:06.660, 9231410755303, datacollector.dll, Closing the connection !
TpTrace Information: 0 : 108, 1, 2021/11/23, 11:47:06.660, 9231410756242, datacollector.dll, DataCollectionRequestHandler.ProcessRequests : DataCollection completed
TpTrace Information: 0 : 108, 1, 2021/11/23, 11:47:06.660, 9231410756936, datacollector.dll, Program.Main: exiting datacollector process.
