TpTrace Verbose: 0 : 9980, 1, 2021/11/27, 11:48:08.029, 1705307470662, testhost.dll, Version: 16.9.4
TpTrace Information: 0 : 9980, 1, 2021/11/27, 11:48:08.036, 1705307517851, testhost.dll, DefaultEngineInvoker.Invoke: Testhost process started with args :[--port, 62094],[--endpoint, 127.0.0.1:062094],[--role, client],[--parentprocessid, 8176],[--diag, C:\Users\azra\Source\Repos\aahmic3\VVS-zadaca2\Zadatak 2\bin\Debug\net5.0\fine-code-coverage\coverage-tool-output\diagnostics.host.21-11-27_11-48-07_83071_5.log],[--tracelevel, 4],[--datacollectionport, 62093],[--telemetryoptedin, false]
TpTrace Information: 0 : 9980, 1, 2021/11/27, 11:48:08.038, 1705307531386, testhost.dll, Setting up debug trace listener.
TpTrace Verbose: 0 : 9980, 1, 2021/11/27, 11:48:08.038, 1705307533408, testhost.dll, TestPlatformTraceListener.Setup: Replacing listener 0 with TestHostTraceListener.
TpTrace Verbose: 0 : 9980, 1, 2021/11/27, 11:48:08.038, 1705307534232, testhost.dll, TestPlatformTraceListener.Setup: Added test platform trace listener.
TpTrace Information: 0 : 9980, 1, 2021/11/27, 11:48:08.038, 1705307538499, testhost.dll, DefaultEngineInvoker.SetParentProcessExitCallback: Monitoring parent process with id: '8176'
TpTrace Information: 0 : 9980, 1, 2021/11/27, 11:48:08.046, 1705307611554, testhost.dll, DefaultEngineInvoker.GetConnectionInfo: Initialize communication on endpoint address: '127.0.0.1:062094'
TpTrace Information: 0 : 9980, 1, 2021/11/27, 11:48:08.063, 1705307781443, testhost.dll, SocketClient.Start: connecting to server endpoint: 127.0.0.1:062094
TpTrace Information: 0 : 9980, 1, 2021/11/27, 11:48:08.071, 1705307862225, testhost.dll, DefaultEngineInvoker.ConnectToDatacollector: Connecting to datacollector, port: 62093
TpTrace Information: 0 : 9980, 6, 2021/11/27, 11:48:08.072, 1705307871770, testhost.dll, SocketClient.OnServerConnected: connected to server endpoint: 127.0.0.1:062094
TpTrace Verbose: 0 : 9980, 6, 2021/11/27, 11:48:08.074, 1705307894910, testhost.dll, Connected to server, and starting MessageLoopAsync
TpTrace Information: 0 : 9980, 1, 2021/11/27, 11:48:08.075, 1705307902439, testhost.dll, Trying to connect to server on socket : 127.0.0.1:62093 
TpTrace Verbose: 0 : 9980, 1, 2021/11/27, 11:48:08.075, 1705307907584, testhost.dll, SocketCommunicationManager : SetupClientAsync : Attempting to connect to the server.
TpTrace Information: 0 : 9980, 9, 2021/11/27, 11:48:08.077, 1705307928753, testhost.dll, Connected to the server successfully 
TpTrace Information: 0 : 9980, 9, 2021/11/27, 11:48:08.078, 1705307929885, testhost.dll, Using the buffer size of 16384 bytes
TpTrace Verbose: 0 : 9980, 6, 2021/11/27, 11:48:08.078, 1705307931946, testhost.dll, TcpClientExtensions.MessageLoopAsync: Polling on remoteEndPoint: [::ffff:127.0.0.1]:62094 localEndPoint: [::ffff:127.0.0.1]:62095
TpTrace Verbose: 0 : 9980, 6, 2021/11/27, 11:48:08.078, 1705307935951, testhost.dll, TcpClientExtensions.MessageLoopAsync: NotifyDataAvailable remoteEndPoint: [::ffff:127.0.0.1]:62094 localEndPoint: [::ffff:127.0.0.1]:62095
TpTrace Information: 0 : 9980, 1, 2021/11/27, 11:48:08.078, 1705307936492, testhost.dll, DefaultEngineInvoker.Invoke: Start Request Processing.
TpTrace Information: 0 : 9980, 11, 2021/11/27, 11:48:08.079, 1705307945626, testhost.dll, DefaultEngineInvoker.StartProcessingAsync: Connected to vstest.console, Starting process requests.
TpTrace Information: 0 : 9980, 6, 2021/11/27, 11:48:08.202, 1705309179702, testhost.dll, TestRequestHandler.ProcessRequests: received message: (ProtocolVersion) -> 5
TpTrace Verbose: 0 : 9980, 6, 2021/11/27, 11:48:08.228, 1705309437350, testhost.dll, TestRequestHandler.SendData:  sending data from testhost: {"Version":5,"MessageType":"TestSession.Message","Payload":{"MessageLevel":0,"Message":"Logging TestHost Diagnostics in file: C:\\Users\\azra\\Source\\Repos\\aahmic3\\VVS-zadaca2\\Zadatak 2\\bin\\Debug\\net5.0\\fine-code-coverage\\coverage-tool-output\\diagnostics.host.21-11-27_11-48-07_83071_5.log"}}
TpTrace Verbose: 0 : 9980, 6, 2021/11/27, 11:48:08.228, 1705309439354, testhost.dll, TcpClientExtensions.MessageLoopAsync: Polling on remoteEndPoint: [::ffff:127.0.0.1]:62094 localEndPoint: [::ffff:127.0.0.1]:62095
TpTrace Verbose: 0 : 9980, 6, 2021/11/27, 11:48:08.229, 1705309440508, testhost.dll, TcpClientExtensions.MessageLoopAsync: NotifyDataAvailable remoteEndPoint: [::ffff:127.0.0.1]:62094 localEndPoint: [::ffff:127.0.0.1]:62095
TpTrace Information: 0 : 9980, 6, 2021/11/27, 11:48:08.232, 1705309475744, testhost.dll, TestRequestHandler.ProcessRequests: received message: (TestExecution.Initialize) -> [
  "C:\\Users\\azra\\Source\\Repos\\aahmic3\\VVS-zadaca2\\Zadatak 2\\bin\\Debug\\net5.0\\fine-code-coverage\\build-output\\Microsoft.VisualStudio.TestPlatform.MSTest.TestAdapter.dll"
]
TpTrace Information: 0 : 9980, 6, 2021/11/27, 11:48:08.232, 1705309477230, testhost.dll, Execution Session Initialize.
TpTrace Verbose: 0 : 9980, 6, 2021/11/27, 11:48:08.238, 1705309536794, testhost.dll, TcpClientExtensions.MessageLoopAsync: Polling on remoteEndPoint: [::ffff:127.0.0.1]:62094 localEndPoint: [::ffff:127.0.0.1]:62095
TpTrace Verbose: 0 : 9980, 6, 2021/11/27, 11:48:08.238, 1705309537681, testhost.dll, TcpClientExtensions.MessageLoopAsync: NotifyDataAvailable remoteEndPoint: [::ffff:127.0.0.1]:62094 localEndPoint: [::ffff:127.0.0.1]:62095
TpTrace Information: 0 : 9980, 6, 2021/11/27, 11:48:08.241, 1705309560635, testhost.dll, TestRequestHandler.ProcessRequests: received message: (TestExecution.StartWithSources) -> {
  "AdapterSourceMap": {
    "_none_": [
      "C:\\Users\\azra\\Source\\Repos\\aahmic3\\VVS-zadaca2\\Zadatak 2\\bin\\Debug\\net5.0\\fine-code-coverage\\build-output\\Zadatak 2.dll"
    ]
  },
  "RunSettings": "<RunSettings>\r\n  <RunConfiguration>\r\n    <ResultsDirectory>C:\\Users\\azra\\Source\\Repos\\aahmic3\\VVS-zadaca2\\Zadatak 2\\bin\\Debug\\net5.0\\fine-code-coverage\\coverage-tool-output</ResultsDirectory>\r\n    <TargetPlatform>X64</TargetPlatform>\r\n    <TargetFrameworkVersion>.NETCoreApp,Version=v5.0</TargetFrameworkVersion>\r\n    <DesignMode>False</DesignMode>\r\n    <CollectSourceInformation>False</CollectSourceInformation>\r\n  </RunConfiguration>\r\n  <LoggerRunSettings>\r\n    <Loggers>\r\n      <Logger friendlyName=\"blame\" enabled=\"True\" />\r\n      <Logger friendlyName=\"Console\" uri=\"logger://microsoft/TestPlatform/ConsoleLogger/v1\" assemblyQualifiedName=\"Microsoft.VisualStudio.TestPlatform.CommandLine.Internal.ConsoleLogger, vstest.console, Version=15.0.0.0, Culture=neutral, PublicKeyToken=b03f5f7f11d50a3a\" codeBase=\"C:\\Program Files\\dotnet\\sdk\\6.0.100\\vstest.console.dll\" enabled=\"True\" />\r\n    </Loggers>\r\n  </LoggerRunSettings>\r\n  <DataCollectionRunSettings>\r\n    <DataCollectors>\r\n      <DataCollector friendlyName=\"blame\" enabled=\"True\">\r\n        <Configuration>\r\n          <ResultsDirectory>C:\\Users\\azra\\Source\\Repos\\aahmic3\\VVS-zadaca2\\Zadatak 2\\bin\\Debug\\net5.0\\fine-code-coverage\\coverage-tool-output</ResultsDirectory>\r\n        </Configuration>\r\n      </DataCollector>\r\n    </DataCollectors>\r\n  </DataCollectionRunSettings>\r\n</RunSettings>",
  "TestExecutionContext": {
    "FrequencyOfRunStatsChangeEvent": 10,
    "RunStatsChangeEventTimeout": "00:00:01.5000000",
    "InIsolation": false,
    "KeepAlive": false,
    "AreTestCaseLevelEventsRequired": false,
    "IsDebug": false,
    "TestCaseFilter": null,
    "FilterOptions": null
  },
  "Package": null
}
TpTrace Information: 0 : 9980, 6, 2021/11/27, 11:48:08.241, 1705309561631, testhost.dll, Execution started.
TpTrace Verbose: 0 : 9980, 4, 2021/11/27, 11:48:08.241, 1705309563247, testhost.dll, TestExecutorService: Loading the extensions
TpTrace Verbose: 0 : 9980, 4, 2021/11/27, 11:48:08.243, 1705309584760, testhost.dll, TestPluginCache.DiscoverTestExtensions: finding test extensions in assemblies ends with: TestAdapter.dll TPluginInfo: Microsoft.VisualStudio.TestPlatform.Common.ExtensionFramework.Utilities.TestExecutorPluginInformation TExtension: Microsoft.VisualStudio.TestPlatform.ObjectModel.Adapter.ITestExecutor
TpTrace Verbose: 0 : 9980, 4, 2021/11/27, 11:48:08.244, 1705309596093, testhost.dll, TestPluginCache.GetExtensionPaths: Filtered extension paths: 
TpTrace Verbose: 0 : 9980, 4, 2021/11/27, 11:48:08.245, 1705309600709, testhost.dll, TestPluginCache.GetExtensionPaths: Added default extension paths: C:\Users\azra\Source\Repos\aahmic3\VVS-zadaca2\Zadatak 2\bin\Debug\net5.0\fine-code-coverage\build-output\Microsoft.VisualStudio.TestPlatform.MSTest.TestAdapter.dll
TpTrace Verbose: 0 : 9980, 4, 2021/11/27, 11:48:08.245, 1705309601310, testhost.dll, TestPluginCache.GetExtensionPaths: Added unfilterableExtensionPaths: 
TpTrace Information: 0 : 9980, 4, 2021/11/27, 11:48:08.249, 1705309640529, testhost.dll, AssemblyResolver.ctor: Creating AssemblyResolver with searchDirectories C:\Users\azra\Source\Repos\aahmic3\VVS-zadaca2\Zadatak 2\bin\Debug\net5.0\fine-code-coverage\build-output
TpTrace Verbose: 0 : 9980, 4, 2021/11/27, 11:48:08.250, 1705309659500, testhost.dll, TestPluginCache.DiscoverTestExtensions: Discovering the extensions using extension path.
TpTrace Verbose: 0 : 9980, 4, 2021/11/27, 11:48:08.251, 1705309661005, testhost.dll, TestPluginCache.GetExtensionPaths: Filtered extension paths: 
TpTrace Verbose: 0 : 9980, 4, 2021/11/27, 11:48:08.251, 1705309661471, testhost.dll, TestPluginCache.GetExtensionPaths: Added default extension paths: C:\Users\azra\Source\Repos\aahmic3\VVS-zadaca2\Zadatak 2\bin\Debug\net5.0\fine-code-coverage\build-output\Microsoft.VisualStudio.TestPlatform.MSTest.TestAdapter.dll
TpTrace Verbose: 0 : 9980, 4, 2021/11/27, 11:48:08.251, 1705309661780, testhost.dll, TestPluginCache.GetExtensionPaths: Added unfilterableExtensionPaths: 
TpTrace Verbose: 0 : 9980, 4, 2021/11/27, 11:48:08.251, 1705309662433, testhost.dll, TestPluginCache.DiscoverTestExtensions: Discovering the extensions using allExtensionPaths: C:\Users\azra\Source\Repos\aahmic3\VVS-zadaca2\Zadatak 2\bin\Debug\net5.0\fine-code-coverage\build-output\Microsoft.VisualStudio.TestPlatform.MSTest.TestAdapter.dll
TpTrace Information: 0 : 9980, 4, 2021/11/27, 11:48:08.252, 1705309672506, testhost.dll, AssemblyResolver.AddSearchDirectories: Adding more searchDirectories C:\Users\azra\Source\Repos\aahmic3\VVS-zadaca2\Zadatak 2\bin\Debug\net5.0\fine-code-coverage\build-output
TpTrace Information: 0 : 9980, 4, 2021/11/27, 11:48:08.257, 1705309723344, testhost.dll, AssemblyResolver.OnResolve: Microsoft.VisualStudio.TestPlatform.MSTest.TestAdapter: Resolving assembly.
TpTrace Information: 0 : 9980, 4, 2021/11/27, 11:48:08.259, 1705309742208, testhost.dll, AssemblyResolver.OnResolve: Resolved assembly: Microsoft.VisualStudio.TestPlatform.MSTest.TestAdapter, from path: C:\Users\azra\Source\Repos\aahmic3\VVS-zadaca2\Zadatak 2\bin\Debug\net5.0\fine-code-coverage\build-output\Microsoft.VisualStudio.TestPlatform.MSTest.TestAdapter.dll
TpTrace Verbose: 0 : 9980, 6, 2021/11/27, 11:48:08.262, 1705309774276, testhost.dll, TcpClientExtensions.MessageLoopAsync: Polling on remoteEndPoint: [::ffff:127.0.0.1]:62094 localEndPoint: [::ffff:127.0.0.1]:62095
TpTrace Verbose: 0 : 9980, 4, 2021/11/27, 11:48:08.266, 1705309813803, testhost.dll, TestPluginCache: Discovered the extensions using extension path ''.
TpTrace Verbose: 0 : 9980, 4, 2021/11/27, 11:48:08.266, 1705309819244, testhost.dll, TestPluginCache: Discoverers are ''.
TpTrace Verbose: 0 : 9980, 4, 2021/11/27, 11:48:08.267, 1705309820022, testhost.dll, TestPluginCache: Executors are 'executor://MSTestAdapter/v2'.
TpTrace Verbose: 0 : 9980, 4, 2021/11/27, 11:48:08.267, 1705309820695, testhost.dll, TestPluginCache: Executors2 are ''.
TpTrace Verbose: 0 : 9980, 4, 2021/11/27, 11:48:08.267, 1705309821312, testhost.dll, TestPluginCache: Setting providers are ''.
TpTrace Verbose: 0 : 9980, 4, 2021/11/27, 11:48:08.267, 1705309821892, testhost.dll, TestPluginCache: Loggers are ''.
TpTrace Verbose: 0 : 9980, 4, 2021/11/27, 11:48:08.270, 1705309853519, testhost.dll, TestPluginCache.DiscoverTestExtensions: finding test extensions in assemblies ends with: TestAdapter.dll TPluginInfo: Microsoft.VisualStudio.TestPlatform.Common.ExtensionFramework.Utilities.TestExecutorPluginInformation2 TExtension: Microsoft.VisualStudio.TestPlatform.ObjectModel.Adapter.ITestExecutor2
TpTrace Verbose: 0 : 9980, 4, 2021/11/27, 11:48:08.270, 1705309856228, testhost.dll, TestPluginCache.GetExtensionPaths: Filtered extension paths: 
TpTrace Verbose: 0 : 9980, 4, 2021/11/27, 11:48:08.270, 1705309856814, testhost.dll, TestPluginCache.GetExtensionPaths: Added default extension paths: C:\Users\azra\Source\Repos\aahmic3\VVS-zadaca2\Zadatak 2\bin\Debug\net5.0\fine-code-coverage\build-output\Microsoft.VisualStudio.TestPlatform.MSTest.TestAdapter.dll
TpTrace Verbose: 0 : 9980, 4, 2021/11/27, 11:48:08.270, 1705309857455, testhost.dll, TestPluginCache.GetExtensionPaths: Added unfilterableExtensionPaths: 
TpTrace Information: 0 : 9980, 4, 2021/11/27, 11:48:08.270, 1705309859672, testhost.dll, AssemblyResolver.AddSearchDirectories: Adding more searchDirectories C:\Users\azra\Source\Repos\aahmic3\VVS-zadaca2\Zadatak 2\bin\Debug\net5.0\fine-code-coverage\build-output
TpTrace Verbose: 0 : 9980, 4, 2021/11/27, 11:48:08.271, 1705309860181, testhost.dll, TestPluginCache.DiscoverTestExtensions: Discovering the extensions using extension path.
TpTrace Verbose: 0 : 9980, 4, 2021/11/27, 11:48:08.271, 1705309860771, testhost.dll, TestPluginCache.GetExtensionPaths: Filtered extension paths: 
TpTrace Verbose: 0 : 9980, 4, 2021/11/27, 11:48:08.271, 1705309861052, testhost.dll, TestPluginCache.GetExtensionPaths: Added default extension paths: C:\Users\azra\Source\Repos\aahmic3\VVS-zadaca2\Zadatak 2\bin\Debug\net5.0\fine-code-coverage\build-output\Microsoft.VisualStudio.TestPlatform.MSTest.TestAdapter.dll
TpTrace Verbose: 0 : 9980, 4, 2021/11/27, 11:48:08.271, 1705309861315, testhost.dll, TestPluginCache.GetExtensionPaths: Added unfilterableExtensionPaths: 
TpTrace Verbose: 0 : 9980, 4, 2021/11/27, 11:48:08.271, 1705309861590, testhost.dll, TestPluginCache.DiscoverTestExtensions: Discovering the extensions using allExtensionPaths: C:\Users\azra\Source\Repos\aahmic3\VVS-zadaca2\Zadatak 2\bin\Debug\net5.0\fine-code-coverage\build-output\Microsoft.VisualStudio.TestPlatform.MSTest.TestAdapter.dll
TpTrace Information: 0 : 9980, 4, 2021/11/27, 11:48:08.271, 1705309862022, testhost.dll, AssemblyResolver.AddSearchDirectories: Adding more searchDirectories C:\Users\azra\Source\Repos\aahmic3\VVS-zadaca2\Zadatak 2\bin\Debug\net5.0\fine-code-coverage\build-output
TpTrace Verbose: 0 : 9980, 4, 2021/11/27, 11:48:08.271, 1705309864143, testhost.dll, TestPluginCache: Discovered the extensions using extension path ''.
TpTrace Verbose: 0 : 9980, 4, 2021/11/27, 11:48:08.271, 1705309864593, testhost.dll, TestPluginCache: Discoverers are ''.
TpTrace Verbose: 0 : 9980, 4, 2021/11/27, 11:48:08.271, 1705309864961, testhost.dll, TestPluginCache: Executors are 'executor://MSTestAdapter/v2'.
TpTrace Verbose: 0 : 9980, 4, 2021/11/27, 11:48:08.271, 1705309865537, testhost.dll, TestPluginCache: Executors2 are ''.
TpTrace Verbose: 0 : 9980, 4, 2021/11/27, 11:48:08.271, 1705309865901, testhost.dll, TestPluginCache: Setting providers are ''.
TpTrace Verbose: 0 : 9980, 4, 2021/11/27, 11:48:08.271, 1705309866153, testhost.dll, TestPluginCache: Loggers are ''.
TpTrace Information: 0 : 9980, 4, 2021/11/27, 11:48:08.278, 1705309932405, testhost.dll, TestPluginManager.CreateTestExtension: Attempting to load test extension: Microsoft.VisualStudio.TestPlatform.MSTest.TestAdapter.MSTestExecutor
TpTrace Verbose: 0 : 9980, 4, 2021/11/27, 11:48:08.286, 1705310017040, testhost.dll, TestExecutorExtensionManager: Loading executor Microsoft.VisualStudio.TestPlatform.MSTest.TestAdapter.MSTestExecutor
TpTrace Verbose: 0 : 9980, 4, 2021/11/27, 11:48:08.286, 1705310018191, testhost.dll, TestExecutorService: Loaded the executors
TpTrace Verbose: 0 : 9980, 4, 2021/11/27, 11:48:08.287, 1705310028739, testhost.dll, TestPluginCache.DiscoverTestExtensions: finding test extensions in assemblies ends with: TestAdapter.dll TPluginInfo: Microsoft.VisualStudio.TestPlatform.Common.ExtensionFramework.Utilities.TestSettingsProviderPluginInformation TExtension: Microsoft.VisualStudio.TestPlatform.ObjectModel.Adapter.ISettingsProvider
TpTrace Verbose: 0 : 9980, 4, 2021/11/27, 11:48:08.288, 1705310030910, testhost.dll, TestPluginCache.GetExtensionPaths: Filtered extension paths: 
TpTrace Verbose: 0 : 9980, 4, 2021/11/27, 11:48:08.288, 1705310031604, testhost.dll, TestPluginCache.GetExtensionPaths: Added default extension paths: C:\Users\azra\Source\Repos\aahmic3\VVS-zadaca2\Zadatak 2\bin\Debug\net5.0\fine-code-coverage\build-output\Microsoft.VisualStudio.TestPlatform.MSTest.TestAdapter.dll
TpTrace Verbose: 0 : 9980, 4, 2021/11/27, 11:48:08.288, 1705310031853, testhost.dll, TestPluginCache.GetExtensionPaths: Added unfilterableExtensionPaths: 
TpTrace Information: 0 : 9980, 4, 2021/11/27, 11:48:08.288, 1705310033286, testhost.dll, AssemblyResolver.AddSearchDirectories: Adding more searchDirectories C:\Users\azra\Source\Repos\aahmic3\VVS-zadaca2\Zadatak 2\bin\Debug\net5.0\fine-code-coverage\build-output
TpTrace Verbose: 0 : 9980, 4, 2021/11/27, 11:48:08.288, 1705310033674, testhost.dll, TestPluginCache.DiscoverTestExtensions: Discovering the extensions using extension path.
TpTrace Verbose: 0 : 9980, 4, 2021/11/27, 11:48:08.288, 1705310033931, testhost.dll, TestPluginCache.GetExtensionPaths: Filtered extension paths: 
TpTrace Verbose: 0 : 9980, 4, 2021/11/27, 11:48:08.288, 1705310034228, testhost.dll, TestPluginCache.GetExtensionPaths: Added default extension paths: C:\Users\azra\Source\Repos\aahmic3\VVS-zadaca2\Zadatak 2\bin\Debug\net5.0\fine-code-coverage\build-output\Microsoft.VisualStudio.TestPlatform.MSTest.TestAdapter.dll
TpTrace Verbose: 0 : 9980, 4, 2021/11/27, 11:48:08.288, 1705310034453, testhost.dll, TestPluginCache.GetExtensionPaths: Added unfilterableExtensionPaths: 
TpTrace Verbose: 0 : 9980, 4, 2021/11/27, 11:48:08.288, 1705310034688, testhost.dll, TestPluginCache.DiscoverTestExtensions: Discovering the extensions using allExtensionPaths: C:\Users\azra\Source\Repos\aahmic3\VVS-zadaca2\Zadatak 2\bin\Debug\net5.0\fine-code-coverage\build-output\Microsoft.VisualStudio.TestPlatform.MSTest.TestAdapter.dll
TpTrace Information: 0 : 9980, 4, 2021/11/27, 11:48:08.288, 1705310035022, testhost.dll, AssemblyResolver.AddSearchDirectories: Adding more searchDirectories C:\Users\azra\Source\Repos\aahmic3\VVS-zadaca2\Zadatak 2\bin\Debug\net5.0\fine-code-coverage\build-output
TpTrace Verbose: 0 : 9980, 4, 2021/11/27, 11:48:08.288, 1705310036995, testhost.dll, TestPluginCache: Discovered the extensions using extension path ''.
TpTrace Verbose: 0 : 9980, 4, 2021/11/27, 11:48:08.288, 1705310037382, testhost.dll, TestPluginCache: Discoverers are ''.
TpTrace Verbose: 0 : 9980, 4, 2021/11/27, 11:48:08.288, 1705310037621, testhost.dll, TestPluginCache: Executors are 'executor://MSTestAdapter/v2'.
TpTrace Verbose: 0 : 9980, 4, 2021/11/27, 11:48:08.288, 1705310037846, testhost.dll, TestPluginCache: Executors2 are ''.
TpTrace Verbose: 0 : 9980, 4, 2021/11/27, 11:48:08.288, 1705310038148, testhost.dll, TestPluginCache: Setting providers are ''.
TpTrace Verbose: 0 : 9980, 4, 2021/11/27, 11:48:08.288, 1705310038417, testhost.dll, TestPluginCache: Loggers are ''.
TpTrace Verbose: 0 : 9980, 4, 2021/11/27, 11:48:08.289, 1705310046911, testhost.dll, TestExecutorService: Loaded the settings providers
TpTrace Information: 0 : 9980, 4, 2021/11/27, 11:48:08.289, 1705310047390, testhost.dll, TestExecutorService: Loaded the extensions
TpTrace Information: 0 : 9980, 4, 2021/11/27, 11:48:08.354, 1705310690209, testhost.dll, TestDiscoveryManager: Discovering tests from sources C:\Users\azra\Source\Repos\aahmic3\VVS-zadaca2\Zadatak 2\bin\Debug\net5.0\fine-code-coverage\build-output\Zadatak 2.dll
TpTrace Verbose: 0 : 9980, 4, 2021/11/27, 11:48:08.356, 1705310709969, testhost.dll, TestPluginCache.DiscoverTestExtensions: finding test extensions in assemblies ends with: TestAdapter.dll TPluginInfo: Microsoft.VisualStudio.TestPlatform.Common.ExtensionFramework.Utilities.TestDiscovererPluginInformation TExtension: Microsoft.VisualStudio.TestPlatform.ObjectModel.Adapter.ITestDiscoverer
TpTrace Verbose: 0 : 9980, 4, 2021/11/27, 11:48:08.356, 1705310711730, testhost.dll, TestPluginCache.GetExtensionPaths: Filtered extension paths: 
TpTrace Verbose: 0 : 9980, 4, 2021/11/27, 11:48:08.356, 1705310712104, testhost.dll, TestPluginCache.GetExtensionPaths: Added default extension paths: C:\Users\azra\Source\Repos\aahmic3\VVS-zadaca2\Zadatak 2\bin\Debug\net5.0\fine-code-coverage\build-output\Microsoft.VisualStudio.TestPlatform.MSTest.TestAdapter.dll
TpTrace Verbose: 0 : 9980, 4, 2021/11/27, 11:48:08.356, 1705310712319, testhost.dll, TestPluginCache.GetExtensionPaths: Added unfilterableExtensionPaths: 
TpTrace Information: 0 : 9980, 4, 2021/11/27, 11:48:08.356, 1705310713519, testhost.dll, AssemblyResolver.AddSearchDirectories: Adding more searchDirectories C:\Users\azra\Source\Repos\aahmic3\VVS-zadaca2\Zadatak 2\bin\Debug\net5.0\fine-code-coverage\build-output
TpTrace Verbose: 0 : 9980, 4, 2021/11/27, 11:48:08.356, 1705310713875, testhost.dll, TestPluginCache.DiscoverTestExtensions: Discovering the extensions using extension path.
TpTrace Verbose: 0 : 9980, 4, 2021/11/27, 11:48:08.356, 1705310714096, testhost.dll, TestPluginCache.GetExtensionPaths: Filtered extension paths: 
TpTrace Verbose: 0 : 9980, 4, 2021/11/27, 11:48:08.356, 1705310714281, testhost.dll, TestPluginCache.GetExtensionPaths: Added default extension paths: C:\Users\azra\Source\Repos\aahmic3\VVS-zadaca2\Zadatak 2\bin\Debug\net5.0\fine-code-coverage\build-output\Microsoft.VisualStudio.TestPlatform.MSTest.TestAdapter.dll
TpTrace Verbose: 0 : 9980, 4, 2021/11/27, 11:48:08.356, 1705310714508, testhost.dll, TestPluginCache.GetExtensionPaths: Added unfilterableExtensionPaths: 
TpTrace Verbose: 0 : 9980, 4, 2021/11/27, 11:48:08.356, 1705310715105, testhost.dll, TestPluginCache.DiscoverTestExtensions: Discovering the extensions using allExtensionPaths: C:\Users\azra\Source\Repos\aahmic3\VVS-zadaca2\Zadatak 2\bin\Debug\net5.0\fine-code-coverage\build-output\Microsoft.VisualStudio.TestPlatform.MSTest.TestAdapter.dll
TpTrace Information: 0 : 9980, 4, 2021/11/27, 11:48:08.356, 1705310715440, testhost.dll, AssemblyResolver.AddSearchDirectories: Adding more searchDirectories C:\Users\azra\Source\Repos\aahmic3\VVS-zadaca2\Zadatak 2\bin\Debug\net5.0\fine-code-coverage\build-output
TpTrace Verbose: 0 : 9980, 4, 2021/11/27, 11:48:08.360, 1705310752086, testhost.dll, TestPluginCache: Discovered the extensions using extension path ''.
TpTrace Verbose: 0 : 9980, 4, 2021/11/27, 11:48:08.360, 1705310753187, testhost.dll, TestPluginCache: Discoverers are 'Microsoft.VisualStudio.TestPlatform.MSTest.TestAdapter.MSTestDiscoverer, Microsoft.VisualStudio.TestPlatform.MSTest.TestAdapter, Version=14.0.0.0, Culture=neutral, PublicKeyToken=b03f5f7f11d50a3a'.
TpTrace Verbose: 0 : 9980, 4, 2021/11/27, 11:48:08.360, 1705310753473, testhost.dll, TestPluginCache: Executors are 'executor://MSTestAdapter/v2'.
TpTrace Verbose: 0 : 9980, 4, 2021/11/27, 11:48:08.360, 1705310753736, testhost.dll, TestPluginCache: Executors2 are ''.
TpTrace Verbose: 0 : 9980, 4, 2021/11/27, 11:48:08.360, 1705310753928, testhost.dll, TestPluginCache: Setting providers are ''.
TpTrace Verbose: 0 : 9980, 4, 2021/11/27, 11:48:08.360, 1705310754110, testhost.dll, TestPluginCache: Loggers are ''.
TpTrace Verbose: 0 : 9980, 4, 2021/11/27, 11:48:08.365, 1705310800267, testhost.dll, BaseRunTests.RunTestInternalWithExecutors: Running tests for executor://MSTestAdapter/v2
TpTrace Information: 0 : 9980, 4, 2021/11/27, 11:48:08.365, 1705310804140, testhost.dll, AssemblyResolver.OnResolve: Microsoft.VisualStudio.TestPlatform.MSTestAdapter.PlatformServices.Interface: Resolving assembly.
TpTrace Information: 0 : 9980, 4, 2021/11/27, 11:48:08.366, 1705310811875, testhost.dll, AssemblyResolver.OnResolve: Resolved assembly: Microsoft.VisualStudio.TestPlatform.MSTestAdapter.PlatformServices.Interface, from path: C:\Users\azra\Source\Repos\aahmic3\VVS-zadaca2\Zadatak 2\bin\Debug\net5.0\fine-code-coverage\build-output\Microsoft.VisualStudio.TestPlatform.MSTestAdapter.PlatformServices.Interface.dll
TpTrace Information: 0 : 9980, 4, 2021/11/27, 11:48:08.367, 1705310822045, testhost.dll, AssemblyResolver.OnResolve: Microsoft.VisualStudio.TestPlatform.MSTestAdapter.PlatformServices: Resolving assembly.
TpTrace Information: 0 : 9980, 4, 2021/11/27, 11:48:08.367, 1705310828202, testhost.dll, AssemblyResolver.OnResolve: Resolved assembly: Microsoft.VisualStudio.TestPlatform.MSTestAdapter.PlatformServices, from path: C:\Users\azra\Source\Repos\aahmic3\VVS-zadaca2\Zadatak 2\bin\Debug\net5.0\fine-code-coverage\build-output\Microsoft.VisualStudio.TestPlatform.MSTestAdapter.PlatformServices.dll
TpTrace Information: 0 : 9980, 4, 2021/11/27, 11:48:08.368, 1705310832694, testhost.dll, MSTest - MSTestExecutor.RunTests: Running tests from sources.
TpTrace Information: 0 : 9980, 4, 2021/11/27, 11:48:08.371, 1705310861545, testhost.dll, MSTest - CollectSourceInformation value Found : False 
TpTrace Information: 0 : 9980, 4, 2021/11/27, 11:48:08.394, 1705311098223, testhost.dll, AssemblyResolver.OnResolve: Microsoft.TestPlatform.AdapterUtilities: Resolving assembly.
TpTrace Information: 0 : 9980, 4, 2021/11/27, 11:48:08.395, 1705311105598, testhost.dll, AssemblyResolver.OnResolve: Resolved assembly: Microsoft.TestPlatform.AdapterUtilities, from path: C:\Users\azra\Source\Repos\aahmic3\VVS-zadaca2\Zadatak 2\bin\Debug\net5.0\fine-code-coverage\build-output\Microsoft.TestPlatform.AdapterUtilities.dll
TpTrace Information: 0 : 9980, 4, 2021/11/27, 11:48:08.408, 1705311237039, testhost.dll, MSTest - MSTestDiscoverer: Found 5 tests from source C:\Users\azra\Source\Repos\aahmic3\VVS-zadaca2\Zadatak 2\bin\Debug\net5.0\fine-code-coverage\build-output\Zadatak 2.dll
TpTrace Information: 0 : 9980, 4, 2021/11/27, 11:48:08.423, 1705311384073, testhost.dll, AssemblyResolver.OnResolve: Microsoft.VisualStudio.TestPlatform.MSTestAdapter.PlatformServices.resources: Resolving assembly.
TpTrace Information: 0 : 9980, 4, 2021/11/27, 11:48:08.423, 1705311386086, testhost.dll, AssemblyResolver.OnResolve: Microsoft.VisualStudio.TestPlatform.MSTestAdapter.PlatformServices.resources: Failed to load assembly.
TpTrace Information: 0 : 9980, 4, 2021/11/27, 11:48:08.424, 1705311390213, testhost.dll, AssemblyResolver.OnResolve: Microsoft.VisualStudio.TestPlatform.MSTestAdapter.PlatformServices.resources: Resolving assembly.
TpTrace Information: 0 : 9980, 4, 2021/11/27, 11:48:08.424, 1705311390907, testhost.dll, AssemblyResolver.OnResolve: Microsoft.VisualStudio.TestPlatform.MSTestAdapter.PlatformServices.resources: Resolved from cache.
TpTrace Information: 0 : 9980, 4, 2021/11/27, 11:48:08.437, 1705311522735, testhost.dll, MSTest - Created unit-test runner C:\Users\azra\Source\Repos\aahmic3\VVS-zadaca2\Zadatak 2\bin\Debug\net5.0\fine-code-coverage\build-output\Zadatak 2.dll
TpTrace Verbose: 0 : 9980, 4, 2021/11/27, 11:48:08.440, 1705311557452, testhost.dll, TestExecutionRecorder.RecordStart: Starting test: Zadatak_2.TDD.TestZamjenskiObjekat.
TpTrace Information: 0 : 9980, 4, 2021/11/27, 11:48:08.559, 1705312746067, testhost.dll, MSTest - Executing test TestZamjenskiObjekat
TpTrace Information: 0 : 9980, 4, 2021/11/27, 11:48:08.605, 1705313203907, testhost.dll, MSTest - Executed test TestZamjenskiObjekat
TpTrace Verbose: 0 : 9980, 4, 2021/11/27, 11:48:08.610, 1705313253619, testhost.dll, TestExecutionRecorder.RecordEnd: test: Zadatak_2.TDD.TestZamjenskiObjekat execution completed.
TpTrace Verbose: 0 : 9980, 4, 2021/11/27, 11:48:08.628, 1705313431026, testhost.dll, TestExecutionRecorder.RecordResult: Received result for test: Zadatak_2.TDD.TestZamjenskiObjekat.
TpTrace Warning: 0 : 9980, 4, 2021/11/27, 11:48:08.633, 1705313484018, testhost.dll, TestRunCache: InProgressTests is null
TpTrace Warning: 0 : 9980, 4, 2021/11/27, 11:48:08.633, 1705313486541, testhost.dll, TestRunCache: No test found corresponding to testResult '' in inProgress list.
TpTrace Verbose: 0 : 9980, 4, 2021/11/27, 11:48:08.633, 1705313487938, testhost.dll, TestExecutionRecorder.RecordStart: Starting test: Zadatak_2.TDD.ProljetnaNabavka.
TpTrace Information: 0 : 9980, 4, 2021/11/27, 11:48:08.635, 1705313503608, testhost.dll, MSTest - Executing test ProljetnaNabavka
TpTrace Information: 0 : 9980, 4, 2021/11/27, 11:48:08.641, 1705313559908, testhost.dll, MSTest - Executed test ProljetnaNabavka
TpTrace Verbose: 0 : 9980, 4, 2021/11/27, 11:48:08.641, 1705313562148, testhost.dll, TestExecutionRecorder.RecordEnd: test: Zadatak_2.TDD.ProljetnaNabavka execution completed.
TpTrace Verbose: 0 : 9980, 4, 2021/11/27, 11:48:08.643, 1705313583852, testhost.dll, TestExecutionRecorder.RecordResult: Received result for test: Zadatak_2.TDD.ProljetnaNabavka.
TpTrace Warning: 0 : 9980, 4, 2021/11/27, 11:48:08.643, 1705313584952, testhost.dll, TestRunCache: InProgressTests is null
TpTrace Warning: 0 : 9980, 4, 2021/11/27, 11:48:08.643, 1705313585277, testhost.dll, TestRunCache: No test found corresponding to testResult '' in inProgress list.
TpTrace Verbose: 0 : 9980, 4, 2021/11/27, 11:48:08.643, 1705313586197, testhost.dll, TestExecutionRecorder.RecordStart: Starting test: Zadatak_2.TDD.JesenjaNabavka.
TpTrace Information: 0 : 9980, 4, 2021/11/27, 11:48:08.645, 1705313604552, testhost.dll, MSTest - Executing test JesenjaNabavka
TpTrace Information: 0 : 9980, 4, 2021/11/27, 11:48:08.648, 1705313636539, testhost.dll, MSTest - Executed test JesenjaNabavka
TpTrace Verbose: 0 : 9980, 4, 2021/11/27, 11:48:08.648, 1705313638109, testhost.dll, TestExecutionRecorder.RecordEnd: test: Zadatak_2.TDD.JesenjaNabavka execution completed.
TpTrace Verbose: 0 : 9980, 4, 2021/11/27, 11:48:08.650, 1705313652507, testhost.dll, TestExecutionRecorder.RecordResult: Received result for test: Zadatak_2.TDD.JesenjaNabavka.
TpTrace Warning: 0 : 9980, 4, 2021/11/27, 11:48:08.650, 1705313653546, testhost.dll, TestRunCache: InProgressTests is null
TpTrace Warning: 0 : 9980, 4, 2021/11/27, 11:48:08.650, 1705313653819, testhost.dll, TestRunCache: No test found corresponding to testResult '' in inProgress list.
TpTrace Verbose: 0 : 9980, 4, 2021/11/27, 11:48:08.650, 1705313654503, testhost.dll, TestExecutionRecorder.RecordStart: Starting test: Zadatak_2.TDD.NedozvoljenaNabavkaLjetiIliZimi.
TpTrace Information: 0 : 9980, 4, 2021/11/27, 11:48:08.657, 1705313722653, testhost.dll, MSTest - Executing test NedozvoljenaNabavkaLjetiIliZimi
TpTrace Information: 0 : 9980, 4, 2021/11/27, 11:48:08.661, 1705313764146, testhost.dll, MSTest - Executed test NedozvoljenaNabavkaLjetiIliZimi
TpTrace Verbose: 0 : 9980, 4, 2021/11/27, 11:48:08.661, 1705313765292, testhost.dll, TestExecutionRecorder.RecordEnd: test: Zadatak_2.TDD.NedozvoljenaNabavkaLjetiIliZimi execution completed.
TpTrace Verbose: 0 : 9980, 4, 2021/11/27, 11:48:08.663, 1705313779995, testhost.dll, TestExecutionRecorder.RecordResult: Received result for test: Zadatak_2.TDD.NedozvoljenaNabavkaLjetiIliZimi.
TpTrace Warning: 0 : 9980, 4, 2021/11/27, 11:48:08.663, 1705313781248, testhost.dll, TestRunCache: InProgressTests is null
TpTrace Warning: 0 : 9980, 4, 2021/11/27, 11:48:08.663, 1705313781585, testhost.dll, TestRunCache: No test found corresponding to testResult '' in inProgress list.
TpTrace Verbose: 0 : 9980, 4, 2021/11/27, 11:48:08.663, 1705313782137, testhost.dll, TestExecutionRecorder.RecordStart: Starting test: Zadatak_2.TDD.NedozvoljeneSrednjeNabavke.
TpTrace Information: 0 : 9980, 4, 2021/11/27, 11:48:08.664, 1705313797036, testhost.dll, MSTest - Executing test NedozvoljeneSrednjeNabavke
TpTrace Information: 0 : 9980, 4, 2021/11/27, 11:48:08.666, 1705313811703, testhost.dll, MSTest - Executed test NedozvoljeneSrednjeNabavke
TpTrace Verbose: 0 : 9980, 4, 2021/11/27, 11:48:08.666, 1705313812799, testhost.dll, TestExecutionRecorder.RecordEnd: test: Zadatak_2.TDD.NedozvoljeneSrednjeNabavke execution completed.
TpTrace Verbose: 0 : 9980, 4, 2021/11/27, 11:48:08.667, 1705313825131, testhost.dll, TestExecutionRecorder.RecordResult: Received result for test: Zadatak_2.TDD.NedozvoljeneSrednjeNabavke.
TpTrace Warning: 0 : 9980, 4, 2021/11/27, 11:48:08.667, 1705313826095, testhost.dll, TestRunCache: InProgressTests is null
TpTrace Warning: 0 : 9980, 4, 2021/11/27, 11:48:08.667, 1705313826400, testhost.dll, TestRunCache: No test found corresponding to testResult '' in inProgress list.
TpTrace Information: 0 : 9980, 4, 2021/11/27, 11:48:08.667, 1705313828806, testhost.dll, MSTest - Executing cleanup methods.
TpTrace Information: 0 : 9980, 4, 2021/11/27, 11:48:08.669, 1705313848475, testhost.dll, MSTest - Executed cleanup methods.
TpTrace Information: 0 : 9980, 4, 2021/11/27, 11:48:08.669, 1705313849562, testhost.dll, MSTest - Executed tests belonging to source C:\Users\azra\Source\Repos\aahmic3\VVS-zadaca2\Zadatak 2\bin\Debug\net5.0\fine-code-coverage\build-output\Zadatak 2.dll
TpTrace Information: 0 : 9980, 4, 2021/11/27, 11:48:08.670, 1705313853482, testhost.dll, Deleting deployment directory C:\Users\azra\Source\Repos\aahmic3\VVS-zadaca2\Zadatak 2\bin\Debug\net5.0\fine-code-coverage\coverage-tool-output\Deploy_azra 2021-11-27 11_48_08
TpTrace Information: 0 : 9980, 4, 2021/11/27, 11:48:08.674, 1705313890270, testhost.dll, Deleted deployment directory C:\Users\azra\Source\Repos\aahmic3\VVS-zadaca2\Zadatak 2\bin\Debug\net5.0\fine-code-coverage\coverage-tool-output\Deploy_azra 2021-11-27 11_48_08
TpTrace Verbose: 0 : 9980, 4, 2021/11/27, 11:48:08.674, 1705313896231, testhost.dll, BaseRunTests.RunTestInternalWithExecutors: Completed running tests for executor://MSTestAdapter/v2
TpTrace Information: 0 : 9980, 4, 2021/11/27, 11:48:08.678, 1705313935145, testhost.dll, Sending test run complete
TpTrace Verbose: 0 : 9980, 4, 2021/11/27, 11:48:08.728, 1705314434483, testhost.dll, TestRequestHandler.SendData:  sending data from testhost: {"Version":5,"MessageType":"TestExecution.Completed","Payload":{"TestRunCompleteArgs":{"TestRunStatistics":{"ExecutedTests":5,"Stats":{"Passed":5}},"IsCanceled":false,"IsAborted":false,"Error":null,"AttachmentSets":[],"ElapsedTimeInRunningTests":"00:00:00.3131688","Metrics":{}},"LastRunTests":{"NewTestResults":[{"TestCase":{"Id":"cd075b4d-61b2-de77-403b-0cfb69a56f47","FullyQualifiedName":"Zadatak_2.TDD.TestZamjenskiObjekat","DisplayName":"TestZamjenskiObjekat","ExecutorUri":"executor://MSTestAdapter/v2","Source":"C:\\Users\\azra\\Source\\Repos\\aahmic3\\VVS-zadaca2\\Zadatak 2\\bin\\Debug\\net5.0\\fine-code-coverage\\build-output\\Zadatak 2.dll","CodeFilePath":null,"LineNumber":-1,"Properties":[{"Key":{"Id":"TestCase.ManagedType","Label":"ManagedType","Category":"","Description":"","Attributes":1,"ValueType":"System.String"},"Value":"Zadatak_2.TDD"},{"Key":{"Id":"TestCase.ManagedMethod","Label":"ManagedMethod","Category":"","Description":"","Attributes":1,"ValueType":"System.String"},"Value":"TestZamjenskiObjekat"},{"Key":{"Id":"MSTestDiscoverer.TestClassName","Label":"ClassName","Category":"","Description":"","Attributes":1,"ValueType":"System.String"},"Value":"Zadatak_2.TDD"},{"Key":{"Id":"TestObject.Traits","Label":"Traits","Category":"","Description":"","Attributes":5,"ValueType":"System.Collections.Generic.KeyValuePair`2[[System.String],[System.String]][]"},"Value":[]}]},"Attachments":[],"Outcome":1,"ErrorMessage":null,"ErrorStackTrace":null,"DisplayName":null,"Messages":[],"ComputerName":null,"Duration":"00:00:00.0092331","StartTime":"2021-11-27T11:48:08.5595146+01:00","EndTime":"2021-11-27T11:48:08.6056008+01:00","Properties":[{"Key":{"Id":"ExecutionId","Label":"ExecutionId","Category":"","Description":"","Attributes":1,"ValueType":"System.Guid"},"Value":"00000000-0000-0000-0000-000000000000"},{"Key":{"Id":"ParentExecId","Label":"ParentExecId","Category":"","Description":"","Attributes":1,"ValueType":"System.Guid"},"Value":"00000000-0000-0000-0000-000000000000"},{"Key":{"Id":"InnerResultsCount","Label":"InnerResultsCount","Category":"","Description":"","Attributes":1,"ValueType":"System.Int32"},"Value":0}]},{"TestCase":{"Id":"b51d3f41-b72b-1028-816b-1d654d5090ba","FullyQualifiedName":"Zadatak_2.TDD.ProljetnaNabavka","DisplayName":"ProljetnaNabavka","ExecutorUri":"executor://MSTestAdapter/v2","Source":"C:\\Users\\azra\\Source\\Repos\\aahmic3\\VVS-zadaca2\\Zadatak 2\\bin\\Debug\\net5.0\\fine-code-coverage\\build-output\\Zadatak 2.dll","CodeFilePath":null,"LineNumber":-1,"Properties":[{"Key":{"Id":"TestCase.ManagedType","Label":"ManagedType","Category":"","Description":"","Attributes":1,"ValueType":"System.String"},"Value":"Zadatak_2.TDD"},{"Key":{"Id":"TestCase.ManagedMethod","Label":"ManagedMethod","Category":"","Description":"","Attributes":1,"ValueType":"System.String"},"Value":"ProljetnaNabavka"},{"Key":{"Id":"MSTestDiscoverer.TestClassName","Label":"ClassName","Category":"","Description":"","Attributes":1,"ValueType":"System.String"},"Value":"Zadatak_2.TDD"},{"Key":{"Id":"TestObject.Traits","Label":"Traits","Category":"","Description":"","Attributes":5,"ValueType":"System.Collections.Generic.KeyValuePair`2[[System.String],[System.String]][]"},"Value":[]}]},"Attachments":[],"Outcome":1,"ErrorMessage":null,"ErrorStackTrace":null,"DisplayName":null,"Messages":[],"ComputerName":null,"Duration":"00:00:00.0050964","StartTime":"2021-11-27T11:48:08.6353729+01:00","EndTime":"2021-11-27T11:48:08.6411929+01:00","Properties":[{"Key":{"Id":"ExecutionId","Label":"ExecutionId","Category":"","Description":"","Attributes":1,"ValueType":"System.Guid"},"Value":"00000000-0000-0000-0000-000000000000"},{"Key":{"Id":"ParentExecId","Label":"ParentExecId","Category":"","Description":"","Attributes":1,"ValueType":"System.Guid"},"Value":"00000000-0000-0000-0000-000000000000"},{"Key":{"Id":"InnerResultsCount","Label":"InnerResultsCount","Category":"","Description":"","Attributes":1,"ValueType":"System.Int32"},"Value":0}]},{"TestCase":{"Id":"8891ef0f-da64-c2a4-4354-33fdbaef8344","FullyQualifiedName":"Zadatak_2.TDD.JesenjaNabavka","DisplayName":"JesenjaNabavka","ExecutorUri":"executor://MSTestAdapter/v2","Source":"C:\\Users\\azra\\Source\\Repos\\aahmic3\\VVS-zadaca2\\Zadatak 2\\bin\\Debug\\net5.0\\fine-code-coverage\\build-output\\Zadatak 2.dll","CodeFilePath":null,"LineNumber":-1,"Properties":[{"Key":{"Id":"TestCase.ManagedType","Label":"ManagedType","Category":"","Description":"","Attributes":1,"ValueType":"System.String"},"Value":"Zadatak_2.TDD"},{"Key":{"Id":"TestCase.ManagedMethod","Label":"ManagedMethod","Category":"","Description":"","Attributes":1,"ValueType":"System.String"},"Value":"JesenjaNabavka"},{"Key":{"Id":"MSTestDiscoverer.TestClassName","Label":"ClassName","Category":"","Description":"","Attributes":1,"ValueType":"System.String"},"Value":"Zadatak_2.TDD"},{"Key":{"Id":"TestObject.Traits","Label":"Traits","Category":"","Description":"","Attributes":5,"ValueType":"System.Collections.Generic.KeyValuePair`2[[System.String],[System.String]][]"},"Value":[]}]},"Attachments":[],"Outcome":1,"ErrorMessage":null,"ErrorStackTrace":null,"DisplayName":null,"Messages":[],"ComputerName":null,"Duration":"00:00:00.0027840","StartTime":"2021-11-27T11:48:08.6454655+01:00","EndTime":"2021-11-27T11:48:08.6487976+01:00","Properties":[{"Key":{"Id":"ExecutionId","Label":"ExecutionId","Category":"","Description":"","Attributes":1,"ValueType":"System.Guid"},"Value":"00000000-0000-0000-0000-000000000000"},{"Key":{"Id":"ParentExecId","Label":"ParentExecId","Category":"","Description":"","Attributes":1,"ValueType":"System.Guid"},"Value":"00000000-0000-0000-0000-000000000000"},{"Key":{"Id":"InnerResultsCount","Label":"InnerResultsCount","Category":"","Description":"","Attributes":1,"ValueType":"System.Int32"},"Value":0}]},{"TestCase":{"Id":"3ff34b18-7204-1007-cf66-18bf2ac4d566","FullyQualifiedName":"Zadatak_2.TDD.NedozvoljenaNabavkaLjetiIliZimi","DisplayName":"NedozvoljenaNabavkaLjetiIliZimi","ExecutorUri":"executor://MSTestAdapter/v2","Source":"C:\\Users\\azra\\Source\\Repos\\aahmic3\\VVS-zadaca2\\Zadatak 2\\bin\\Debug\\net5.0\\fine-code-coverage\\build-output\\Zadatak 2.dll","CodeFilePath":null,"LineNumber":-1,"Properties":[{"Key":{"Id":"TestCase.ManagedType","Label":"ManagedType","Category":"","Description":"","Attributes":1,"ValueType":"System.String"},"Value":"Zadatak_2.TDD"},{"Key":{"Id":"TestCase.ManagedMethod","Label":"ManagedMethod","Category":"","Description":"","Attributes":1,"ValueType":"System.String"},"Value":"NedozvoljenaNabavkaLjetiIliZimi"},{"Key":{"Id":"MSTestDiscoverer.TestClassName","Label":"ClassName","Category":"","Description":"","Attributes":1,"ValueType":"System.String"},"Value":"Zadatak_2.TDD"},{"Key":{"Id":"TestObject.Traits","Label":"Traits","Category":"","Description":"","Attributes":5,"ValueType":"System.Collections.Generic.KeyValuePair`2[[System.String],[System.String]][]"},"Value":[]}]},"Attachments":[],"Outcome":1,"ErrorMessage":null,"ErrorStackTrace":null,"DisplayName":null,"Messages":[],"ComputerName":null,"Duration":"00:00:00.0037767","StartTime":"2021-11-27T11:48:08.6572769+01:00","EndTime":"2021-11-27T11:48:08.6615399+01:00","Properties":[{"Key":{"Id":"ExecutionId","Label":"ExecutionId","Category":"","Description":"","Attributes":1,"ValueType":"System.Guid"},"Value":"00000000-0000-0000-0000-000000000000"},{"Key":{"Id":"ParentExecId","Label":"ParentExecId","Category":"","Description":"","Attributes":1,"ValueType":"System.Guid"},"Value":"00000000-0000-0000-0000-000000000000"},{"Key":{"Id":"InnerResultsCount","Label":"InnerResultsCount","Category":"","Description":"","Attributes":1,"ValueType":"System.Int32"},"Value":0}]},{"TestCase":{"Id":"40ed29d5-0464-2bd3-28a1-5980313a2e0b","FullyQualifiedName":"Zadatak_2.TDD.NedozvoljeneSrednjeNabavke","DisplayName":"NedozvoljeneSrednjeNabavke","ExecutorUri":"executor://MSTestAdapter/v2","Source":"C:\\Users\\azra\\Source\\Repos\\aahmic3\\VVS-zadaca2\\Zadatak 2\\bin\\Debug\\net5.0\\fine-code-coverage\\build-output\\Zadatak 2.dll","CodeFilePath":null,"LineNumber":-1,"Properties":[{"Key":{"Id":"TestCase.ManagedType","Label":"ManagedType","Category":"","Description":"","Attributes":1,"ValueType":"System.String"},"Value":"Zadatak_2.TDD"},{"Key":{"Id":"TestCase.ManagedMethod","Label":"ManagedMethod","Category":"","Description":"","Attributes":1,"ValueType":"System.String"},"Value":"NedozvoljeneSrednjeNabavke"},{"Key":{"Id":"MSTestDiscoverer.TestClassName","Label":"ClassName","Category":"","Description":"","Attributes":1,"ValueType":"System.String"},"Value":"Zadatak_2.TDD"},{"Key":{"Id":"TestObject.Traits","Label":"Traits","Category":"","Description":"","Attributes":5,"ValueType":"System.Collections.Generic.KeyValuePair`2[[System.String],[System.String]][]"},"Value":[]}]},"Attachments":[],"Outcome":1,"ErrorMessage":null,"ErrorStackTrace":null,"DisplayName":null,"Messages":[],"ComputerName":null,"Duration":"00:00:00.0011392","StartTime":"2021-11-27T11:48:08.6647162+01:00","EndTime":"2021-11-27T11:48:08.6662933+01:00","Properties":[{"Key":{"Id":"ExecutionId","Label":"ExecutionId","Category":"","Description":"","Attributes":1,"ValueType":"System.Guid"},"Value":"00000000-0000-0000-0000-000000000000"},{"Key":{"Id":"ParentExecId","Label":"ParentExecId","Category":"","Description":"","Attributes":1,"ValueType":"System.Guid"},"Value":"00000000-0000-0000-0000-000000000000"},{"Key":{"Id":"InnerResultsCount","Label":"InnerResultsCount","Category":"","Description":"","Attributes":1,"ValueType":"System.Int32"},"Value":0}]}],"TestRunStatistics":{"ExecutedTests":5,"Stats":{"Passed":5}},"ActiveTests":[]},"RunAttachments":[],"ExecutorUris":["executor://mstestadapter/v2"]}}
TpTrace Verbose: 0 : 9980, 4, 2021/11/27, 11:48:08.729, 1705314443339, testhost.dll, BaseRunTests.RunTests: Run is complete.
TpTrace Verbose: 0 : 9980, 6, 2021/11/27, 11:48:08.731, 1705314464749, testhost.dll, TcpClientExtensions.MessageLoopAsync: NotifyDataAvailable remoteEndPoint: [::ffff:127.0.0.1]:62094 localEndPoint: [::ffff:127.0.0.1]:62095
TpTrace Information: 0 : 9980, 6, 2021/11/27, 11:48:08.731, 1705314466827, testhost.dll, TestRequestHandler.ProcessRequests: received message: (TestSession.Terminate) -> null
TpTrace Information: 0 : 9980, 6, 2021/11/27, 11:48:08.731, 1705314467756, testhost.dll, Session End message received from server. Closing the connection.
TpTrace Information: 0 : 9980, 6, 2021/11/27, 11:48:08.732, 1705314475526, testhost.dll, SocketClient.Stop: Stop communication from server endpoint: 127.0.0.1:062094
TpTrace Information: 0 : 9980, 6, 2021/11/27, 11:48:08.732, 1705314477485, testhost.dll, SocketClient: Stop: Cancellation requested. Stopping message loop.
TpTrace Verbose: 0 : 9980, 6, 2021/11/27, 11:48:08.733, 1705314482068, testhost.dll, LengthPrefixCommunicationChannel.Dispose: Dispose reader and writer.
TpTrace Information: 0 : 9980, 6, 2021/11/27, 11:48:08.733, 1705314483882, testhost.dll, Closing the connection !
TpTrace Information: 0 : 9980, 6, 2021/11/27, 11:48:08.734, 1705314489849, testhost.dll, SocketClient.PrivateStop: Stop communication from server endpoint: 127.0.0.1:062094, error:
TpTrace Verbose: 0 : 9980, 6, 2021/11/27, 11:48:08.734, 1705314496165, testhost.dll, LengthPrefixCommunicationChannel.Dispose: Dispose reader and writer.
TpTrace Information: 0 : 9980, 1, 2021/11/27, 11:48:08.734, 1705314496453, testhost.dll, Closing the connection !
TpTrace Verbose: 0 : 9980, 6, 2021/11/27, 11:48:08.734, 1705314498406, testhost.dll, TcpClientExtensions.MessageLoopAsync: exiting MessageLoopAsync remoteEndPoint: [::ffff:127.0.0.1]:62094 localEndPoint: [::ffff:127.0.0.1]:62095
TpTrace Information: 0 : 9980, 1, 2021/11/27, 11:48:08.735, 1705314499963, testhost.dll, SocketClient.Stop: Stop communication from server endpoint: 127.0.0.1:062094
TpTrace Verbose: 0 : 9980, 1, 2021/11/27, 11:48:08.735, 1705314502272, testhost.dll, LengthPrefixCommunicationChannel.Dispose: Dispose reader and writer.
TpTrace Information: 0 : 9980, 1, 2021/11/27, 11:48:08.735, 1705314505300, testhost.dll, Testhost process exiting.
