TpTrace Verbose: 0 : 18192, 1, 2021/11/22, 01:14:32.640, 7987710380742, datacollector.dll, Version: 16.9.4
TpTrace Information: 0 : 18192, 1, 2021/11/22, 01:14:32.668, 7987710494795, datacollector.dll, DataCollectorMain.Run: Starting data collector run with args: --port,51207,--parentprocessid,15868,--diag,C:\Users\LENOVO\Source\Repos\VVS-zadaca2\Zadatak 2\bin\Debug\net5.0\fine-code-coverage\coverage-tool-output\diagnostics.datacollector.21-11-22_01-14-32_19067_4.log,--tracelevel,4
TpTrace Information: 0 : 18192, 1, 2021/11/22, 01:14:32.668, 7987710498244, datacollector.dll, DataCollector: Monitoring parent process with id: '15868'
TpTrace Information: 0 : 18192, 1, 2021/11/22, 01:14:32.689, 7987710708026, datacollector.dll, Trying to connect to server on socket : 127.0.0.1:51207 
TpTrace Verbose: 0 : 18192, 1, 2021/11/22, 01:14:32.737, 7987711187202, datacollector.dll, SocketCommunicationManager : SetupClientAsync : Attempting to connect to the server.
TpTrace Information: 0 : 18192, 1, 2021/11/22, 01:14:32.751, 7987711326912, datacollector.dll, Connected to the server successfully 
TpTrace Information: 0 : 18192, 1, 2021/11/22, 01:14:32.751, 7987711328940, datacollector.dll, Using the buffer size of 16384 bytes
TpTrace Information: 0 : 18192, 1, 2021/11/22, 01:14:32.919, 7987713004827, datacollector.dll, DataCollector: Start Request Processing.
TpTrace Information: 0 : 18192, 1, 2021/11/22, 01:14:32.926, 7987713077589, datacollector.dll, DataCollectionRequestHandler.ProcessRequests : Datacollector received message: (DataCollection.BeforeTestRunStart) -> {
  "SettingsXml": "<RunSettings><RunConfiguration><ResultsDirectory>C:\\Users\\LENOVO\\Source\\Repos\\VVS-zadaca2\\Zadatak 2\\bin\\Debug\\net5.0\\fine-code-coverage\\coverage-tool-output</ResultsDirectory><TargetPlatform>X64</TargetPlatform><TargetFrameworkVersion>.NETCoreApp,Version=v5.0</TargetFrameworkVersion><DesignMode>False</DesignMode><CollectSourceInformation>False</CollectSourceInformation><TestAdaptersPaths>C:\\Program Files\\dotnet\\sdk\\5.0.203\\Extensions</TestAdaptersPaths></RunConfiguration><LoggerRunSettings><Loggers><Logger friendlyName=\"blame\" enabled=\"True\" /><Logger friendlyName=\"Console\" uri=\"logger://microsoft/TestPlatform/ConsoleLogger/v1\" assemblyQualifiedName=\"Microsoft.VisualStudio.TestPlatform.CommandLine.Internal.ConsoleLogger, vstest.console, Version=15.0.0.0, Culture=neutral, PublicKeyToken=b03f5f7f11d50a3a\" codeBase=\"C:\\Program Files\\dotnet\\sdk\\5.0.203\\vstest.console.dll\" enabled=\"True\" /></Loggers></LoggerRunSettings><DataCollectionRunSettings><DataCollectors><DataCollector friendlyName=\"blame\" enabled=\"True\"><Configuration><ResultsDirectory>C:\\Users\\LENOVO\\Source\\Repos\\VVS-zadaca2\\Zadatak 2\\bin\\Debug\\net5.0\\fine-code-coverage\\coverage-tool-output</ResultsDirectory></Configuration></DataCollector></DataCollectors></DataCollectionRunSettings></RunSettings>",
  "Sources": [
    "C:\\Users\\LENOVO\\Source\\Repos\\VVS-zadaca2\\Zadatak 2\\bin\\Debug\\net5.0\\fine-code-coverage\\build-output\\Zadatak 2.dll"
  ],
  "IsTelemetryOptedIn": false
}
TpTrace Verbose: 0 : 18192, 1, 2021/11/22, 01:14:32.994, 7987713751927, datacollector.dll, TestPluginCache: Update extensions started. Skip filter = False
TpTrace Verbose: 0 : 18192, 1, 2021/11/22, 01:14:32.995, 7987713760080, datacollector.dll, TestPluginCache: Using directories for assembly resolution 'C:\Program Files\dotnet\sdk\5.0.203\Extensions'.
TpTrace Verbose: 0 : 18192, 1, 2021/11/22, 01:14:32.995, 7987713760976, datacollector.dll, TestPluginCache: Updated the available extensions to 'C:\Program Files\dotnet\sdk\5.0.203\Extensions\Microsoft.TestPlatform.Extensions.BlameDataCollector.dll,C:\Program Files\dotnet\sdk\5.0.203\Extensions\Microsoft.TestPlatform.Extensions.EventLogCollector.dll'.
TpTrace Verbose: 0 : 18192, 1, 2021/11/22, 01:14:33.003, 7987713848080, datacollector.dll, TestPluginCache.DiscoverTestExtensions: finding test extensions in assemblies ends with: Collector.dll TPluginInfo: Microsoft.VisualStudio.TestPlatform.Common.DataCollector.DataCollectorConfig TExtension: Microsoft.VisualStudio.TestPlatform.ObjectModel.DataCollection.DataCollector
TpTrace Verbose: 0 : 18192, 1, 2021/11/22, 01:14:33.004, 7987713853068, datacollector.dll, TestPluginCache.GetExtensionPaths: Filtered extension paths: C:\Program Files\dotnet\sdk\5.0.203\Extensions\Microsoft.TestPlatform.Extensions.BlameDataCollector.dll
C:\Program Files\dotnet\sdk\5.0.203\Extensions\Microsoft.TestPlatform.Extensions.EventLogCollector.dll
TpTrace Verbose: 0 : 18192, 1, 2021/11/22, 01:14:33.004, 7987713854499, datacollector.dll, TestPluginCache.GetExtensionPaths: Added default extension paths: 
TpTrace Verbose: 0 : 18192, 1, 2021/11/22, 01:14:33.004, 7987713855398, datacollector.dll, TestPluginCache.GetExtensionPaths: Added unfilterableExtensionPaths: 
TpTrace Information: 0 : 18192, 1, 2021/11/22, 01:14:33.005, 7987713869087, datacollector.dll, AssemblyResolver.ctor: Creating AssemblyResolver with searchDirectories C:\Program Files\dotnet\sdk\5.0.203\Extensions,C:\Program Files\dotnet\sdk\5.0.203
TpTrace Verbose: 0 : 18192, 1, 2021/11/22, 01:14:33.009, 7987713899353, datacollector.dll, TestPluginCache.DiscoverTestExtensions: Discovering the extensions using extension path.
TpTrace Verbose: 0 : 18192, 1, 2021/11/22, 01:14:33.009, 7987713903920, datacollector.dll, TestPluginCache.GetExtensionPaths: Filtered extension paths: C:\Program Files\dotnet\sdk\5.0.203\Extensions\Microsoft.TestPlatform.Extensions.BlameDataCollector.dll
C:\Program Files\dotnet\sdk\5.0.203\Extensions\Microsoft.TestPlatform.Extensions.EventLogCollector.dll
TpTrace Verbose: 0 : 18192, 1, 2021/11/22, 01:14:33.009, 7987713905292, datacollector.dll, TestPluginCache.GetExtensionPaths: Added default extension paths: 
TpTrace Verbose: 0 : 18192, 1, 2021/11/22, 01:14:33.009, 7987713906641, datacollector.dll, TestPluginCache.GetExtensionPaths: Added unfilterableExtensionPaths: 
TpTrace Verbose: 0 : 18192, 1, 2021/11/22, 01:14:33.009, 7987713908237, datacollector.dll, TestPluginCache.DiscoverTestExtensions: Discovering the extensions using allExtensionPaths: C:\Program Files\dotnet\sdk\5.0.203\Extensions\Microsoft.TestPlatform.Extensions.BlameDataCollector.dll
C:\Program Files\dotnet\sdk\5.0.203\Extensions\Microsoft.TestPlatform.Extensions.EventLogCollector.dll
TpTrace Information: 0 : 18192, 1, 2021/11/22, 01:14:33.010, 7987713910753, datacollector.dll, AssemblyResolver.AddSearchDirectories: Adding more searchDirectories C:\Program Files\dotnet\sdk\5.0.203\Extensions,C:\Program Files\dotnet\sdk\5.0.203
TpTrace Information: 0 : 18192, 1, 2021/11/22, 01:14:33.010, 7987713912546, datacollector.dll, AssemblyResolver.AddSearchDirectories: Adding more searchDirectories C:\Program Files\dotnet\sdk\5.0.203\Extensions,C:\Program Files\dotnet\sdk\5.0.203
TpTrace Information: 0 : 18192, 1, 2021/11/22, 01:14:33.011, 7987713923690, datacollector.dll, AssemblyResolver.OnResolve: Microsoft.TestPlatform.Extensions.BlameDataCollector: Resolving assembly.
TpTrace Information: 0 : 18192, 1, 2021/11/22, 01:14:33.013, 7987713941223, datacollector.dll, AssemblyResolver.OnResolve: Resolved assembly: Microsoft.TestPlatform.Extensions.BlameDataCollector, from path: C:\Program Files\dotnet\sdk\5.0.203\Extensions\Microsoft.TestPlatform.Extensions.BlameDataCollector.dll
TpTrace Error: 0 : 18192, 1, 2021/11/22, 01:14:33.014, 7987713954844, datacollector.dll, The type "Microsoft.TestPlatform.Extensions.BlameDataCollector.BlameCollector" defined in "Microsoft.TestPlatform.Extensions.BlameDataCollector.dll" does not have ExtensionUri attribute.
TpTrace Information: 0 : 18192, 1, 2021/11/22, 01:14:33.016, 7987713971446, datacollector.dll, AssemblyResolver.OnResolve: Microsoft.TestPlatform.Extensions.EventLogCollector: Resolving assembly.
TpTrace Information: 0 : 18192, 1, 2021/11/22, 01:14:33.017, 7987713981612, datacollector.dll, AssemblyResolver.OnResolve: Resolved assembly: Microsoft.TestPlatform.Extensions.EventLogCollector, from path: C:\Program Files\dotnet\sdk\5.0.203\Extensions\Microsoft.TestPlatform.Extensions.EventLogCollector.dll
TpTrace Error: 0 : 18192, 1, 2021/11/22, 01:14:33.021, 7987714025603, datacollector.dll, The type "Microsoft.TestPlatform.Extensions.EventLogCollector.EventLogDataCollector" defined in "Microsoft.TestPlatform.Extensions.EventLogCollector.dll" does not have ExtensionUri attribute.
TpTrace Verbose: 0 : 18192, 1, 2021/11/22, 01:14:33.022, 7987714035623, datacollector.dll, TestPluginCache: Discovered the extensions using extension path 'C:\Program Files\dotnet\sdk\5.0.203\Extensions\Microsoft.TestPlatform.Extensions.BlameDataCollector.dll,C:\Program Files\dotnet\sdk\5.0.203\Extensions\Microsoft.TestPlatform.Extensions.EventLogCollector.dll'.
TpTrace Verbose: 0 : 18192, 1, 2021/11/22, 01:14:33.022, 7987714037379, datacollector.dll, TestPluginCache: Discoverers are ''.
TpTrace Verbose: 0 : 18192, 1, 2021/11/22, 01:14:33.022, 7987714038625, datacollector.dll, TestPluginCache: Executors are ''.
TpTrace Verbose: 0 : 18192, 1, 2021/11/22, 01:14:33.023, 7987714039732, datacollector.dll, TestPluginCache: Executors2 are ''.
TpTrace Verbose: 0 : 18192, 1, 2021/11/22, 01:14:33.023, 7987714040819, datacollector.dll, TestPluginCache: Setting providers are ''.
TpTrace Verbose: 0 : 18192, 1, 2021/11/22, 01:14:33.023, 7987714041901, datacollector.dll, TestPluginCache: Loggers are ''.
TpTrace Information: 0 : 18192, 1, 2021/11/22, 01:14:33.026, 7987714073423, datacollector.dll, TestPluginManager.CreateTestExtension: Attempting to load test extension: Microsoft.TestPlatform.Extensions.BlameDataCollector.BlameCollector
TpTrace Error: 0 : 18192, 1, 2021/11/22, 01:14:33.027, 7987714088327, datacollector.dll, The type "Microsoft.TestPlatform.Extensions.BlameDataCollector.BlameCollector" defined in "Microsoft.TestPlatform.Extensions.BlameDataCollector.dll" does not have ExtensionUri attribute.
TpTrace Information: 0 : 18192, 1, 2021/11/22, 01:14:33.037, 7987714180191, datacollector.dll, Listening on Endpoint : 127.0.0.1:51209
TpTrace Information: 0 : 18192, 1, 2021/11/22, 01:14:33.056, 7987714375096, datacollector.dll, DataCollectionRequestHandler.ProcessRequests : DataCollection started.
TpTrace Information: 0 : 18192, 1, 2021/11/22, 01:14:33.095, 7987714765603, datacollector.dll, DataCollectionRequestHandler.ProcessRequests : Datacollector received message: (DataCollection.TestHostLaunched) -> {
  "ProcessId": 11860
}
TpTrace Information: 0 : 18192, 7, 2021/11/22, 01:14:33.575, 7987719563890, datacollector.dll, Using the buffer size of 16384 bytes
TpTrace Information: 0 : 18192, 7, 2021/11/22, 01:14:33.575, 7987719565933, datacollector.dll, Accepted Client request and set the flag
TpTrace Information: 0 : 18192, 4, 2021/11/22, 01:14:34.589, 7987729703140, datacollector.dll, DataCollectionTestCaseEventHandler: Test case starting.
TpTrace Information: 0 : 18192, 4, 2021/11/22, 01:14:34.649, 7987730301913, datacollector.dll, Blame Collector : Test Case Start
TpTrace Information: 0 : 18192, 4, 2021/11/22, 01:14:34.652, 7987730335472, datacollector.dll, DataCollectionTestCaseEventHandler: Test case 'TestZamjenskiObjekat - cd075b4d-61b2-de77-403b-0cfb69a56f47' started.
TpTrace Information: 0 : 18192, 4, 2021/11/22, 01:14:34.793, 7987731740507, datacollector.dll, DataCollectionTestCaseEventHandler : Test case completing.
TpTrace Information: 0 : 18192, 4, 2021/11/22, 01:14:34.802, 7987731835899, datacollector.dll, Blame Collector : Test Case End
TpTrace Information: 0 : 18192, 4, 2021/11/22, 01:14:34.814, 7987731951617, datacollector.dll, DataCollectionTestCaseEventHandler: Test case 'TestZamjenskiObjekat - cd075b4d-61b2-de77-403b-0cfb69a56f47' completed
TpTrace Information: 0 : 18192, 4, 2021/11/22, 01:14:34.838, 7987732191727, datacollector.dll, DataCollectionTestCaseEventHandler: Test case starting.
TpTrace Information: 0 : 18192, 4, 2021/11/22, 01:14:34.839, 7987732200738, datacollector.dll, Blame Collector : Test Case Start
TpTrace Information: 0 : 18192, 4, 2021/11/22, 01:14:34.839, 7987732204350, datacollector.dll, DataCollectionTestCaseEventHandler: Test case 'ProljetnaNabavka - b51d3f41-b72b-1028-816b-1d654d5090ba' started.
TpTrace Information: 0 : 18192, 4, 2021/11/22, 01:14:34.849, 7987732303409, datacollector.dll, DataCollectionTestCaseEventHandler : Test case completing.
TpTrace Information: 0 : 18192, 4, 2021/11/22, 01:14:34.850, 7987732312466, datacollector.dll, Blame Collector : Test Case End
TpTrace Information: 0 : 18192, 4, 2021/11/22, 01:14:34.850, 7987732316609, datacollector.dll, DataCollectionTestCaseEventHandler: Test case 'ProljetnaNabavka - b51d3f41-b72b-1028-816b-1d654d5090ba' completed
TpTrace Information: 0 : 18192, 4, 2021/11/22, 01:14:34.852, 7987732336174, datacollector.dll, DataCollectionTestCaseEventHandler: Test case starting.
TpTrace Information: 0 : 18192, 4, 2021/11/22, 01:14:34.853, 7987732349029, datacollector.dll, Blame Collector : Test Case Start
TpTrace Information: 0 : 18192, 4, 2021/11/22, 01:14:34.854, 7987732353432, datacollector.dll, DataCollectionTestCaseEventHandler: Test case 'JesenjaNabavka - 8891ef0f-da64-c2a4-4354-33fdbaef8344' started.
TpTrace Information: 0 : 18192, 4, 2021/11/22, 01:14:34.867, 7987732485001, datacollector.dll, DataCollectionTestCaseEventHandler : Test case completing.
TpTrace Information: 0 : 18192, 4, 2021/11/22, 01:14:34.869, 7987732499876, datacollector.dll, Blame Collector : Test Case End
TpTrace Information: 0 : 18192, 4, 2021/11/22, 01:14:34.869, 7987732504444, datacollector.dll, DataCollectionTestCaseEventHandler: Test case 'JesenjaNabavka - 8891ef0f-da64-c2a4-4354-33fdbaef8344' completed
TpTrace Information: 0 : 18192, 4, 2021/11/22, 01:14:34.871, 7987732522820, datacollector.dll, DataCollectionTestCaseEventHandler: Test case starting.
TpTrace Information: 0 : 18192, 4, 2021/11/22, 01:14:34.872, 7987732530937, datacollector.dll, Blame Collector : Test Case Start
TpTrace Information: 0 : 18192, 4, 2021/11/22, 01:14:34.874, 7987732552406, datacollector.dll, DataCollectionTestCaseEventHandler: Test case 'NedozvoljenaNabavkaLjetiIliZimi - 3ff34b18-7204-1007-cf66-18bf2ac4d566' started.
TpTrace Information: 0 : 18192, 4, 2021/11/22, 01:14:34.883, 7987732644208, datacollector.dll, DataCollectionTestCaseEventHandler : Test case completing.
TpTrace Information: 0 : 18192, 4, 2021/11/22, 01:14:34.884, 7987732654829, datacollector.dll, Blame Collector : Test Case End
TpTrace Information: 0 : 18192, 4, 2021/11/22, 01:14:34.885, 7987732659426, datacollector.dll, DataCollectionTestCaseEventHandler: Test case 'NedozvoljenaNabavkaLjetiIliZimi - 3ff34b18-7204-1007-cf66-18bf2ac4d566' completed
TpTrace Information: 0 : 18192, 4, 2021/11/22, 01:14:34.886, 7987732678967, datacollector.dll, DataCollectionTestCaseEventHandler: Test case starting.
TpTrace Information: 0 : 18192, 4, 2021/11/22, 01:14:34.888, 7987732695163, datacollector.dll, Blame Collector : Test Case Start
TpTrace Information: 0 : 18192, 4, 2021/11/22, 01:14:34.888, 7987732699042, datacollector.dll, DataCollectionTestCaseEventHandler: Test case 'NedozvoljeneSrednjeNabavke - 40ed29d5-0464-2bd3-28a1-5980313a2e0b' started.
TpTrace Information: 0 : 18192, 4, 2021/11/22, 01:14:34.893, 7987732747554, datacollector.dll, DataCollectionTestCaseEventHandler : Test case completing.
TpTrace Information: 0 : 18192, 4, 2021/11/22, 01:14:34.895, 7987732764578, datacollector.dll, Blame Collector : Test Case End
TpTrace Information: 0 : 18192, 4, 2021/11/22, 01:14:34.895, 7987732768538, datacollector.dll, DataCollectionTestCaseEventHandler: Test case 'NedozvoljeneSrednjeNabavke - 40ed29d5-0464-2bd3-28a1-5980313a2e0b' completed
TpTrace Information: 0 : 18192, 4, 2021/11/22, 01:14:34.904, 7987732851907, datacollector.dll, DataCollectionTestCaseEventHandler: Test session ended
TpTrace Information: 0 : 18192, 1, 2021/11/22, 01:14:35.101, 7987734822022, datacollector.dll, DataCollectionRequestHandler.ProcessRequests : Datacollector received message: (DataCollection.AfterTestRunEnd) -> false
TpTrace Information: 0 : 18192, 1, 2021/11/22, 01:14:35.102, 7987734836613, datacollector.dll, Blame Collector : Session End
TpTrace Information: 0 : 18192, 1, 2021/11/22, 01:14:35.102, 7987734838365, datacollector.dll, BlameCollector.CollectDumpAndAbortTesthost: Custom path to dump directory was provided via VSTEST_DUMP_PATH. Skipping attachment upload, the caller is responsible for collecting and uploading the dumps themselves.
TpTrace Information: 0 : 18192, 1, 2021/11/22, 01:14:35.103, 7987734841887, datacollector.dll, DataCollectionManager.CleanupPlugins: CleanupPlugins called
TpTrace Verbose: 0 : 18192, 1, 2021/11/22, 01:14:35.103, 7987734843131, datacollector.dll, DataCollectionManager.CleanupPlugins: Cleaning up 1 plugins
TpTrace Verbose: 0 : 18192, 1, 2021/11/22, 01:14:35.103, 7987734845286, datacollector.dll, dataCollectorInfo.DisposeDataCollector: calling Dispose() on Microsoft.TestPlatform.Extensions.BlameDataCollector.BlameCollector
TpTrace Information: 0 : 18192, 1, 2021/11/22, 01:14:35.103, 7987734846821, datacollector.dll, DataCollectionManager.CleanupPlugins: CleanupPlugins finished
TpTrace Information: 0 : 18192, 1, 2021/11/22, 01:14:35.109, 7987734899840, datacollector.dll, DataCollectionRequestHandler.ProcessRequests : Session End message received from server. Closing the connection.
TpTrace Information: 0 : 18192, 1, 2021/11/22, 01:14:35.109, 7987734904026, datacollector.dll, Closing the connection !
TpTrace Information: 0 : 18192, 1, 2021/11/22, 01:14:35.109, 7987734905193, datacollector.dll, DataCollectionRequestHandler.ProcessRequests : DataCollection completed
TpTrace Information: 0 : 18192, 1, 2021/11/22, 01:14:35.109, 7987734906048, datacollector.dll, Program.Main: exiting datacollector process.
